{"C:\\Users\\R2D2\\Documents\\GitHub\\frontend-fundamentals-lab\\sw.js": {"path":"C:\\Users\\R2D2\\Documents\\GitHub\\frontend-fundamentals-lab\\sw.js","all":true,"statementMap":{"0":{"start":{"line":1,"column":0},"end":{"line":1,"column":33}},"1":{"start":{"line":2,"column":0},"end":{"line":2,"column":21}},"2":{"start":{"line":3,"column":0},"end":{"line":3,"column":6}},"3":{"start":{"line":4,"column":0},"end":{"line":4,"column":16}},"4":{"start":{"line":5,"column":0},"end":{"line":5,"column":27}},"5":{"start":{"line":6,"column":0},"end":{"line":6,"column":28}},"6":{"start":{"line":7,"column":0},"end":{"line":7,"column":22}},"7":{"start":{"line":8,"column":0},"end":{"line":8,"column":30}},"8":{"start":{"line":9,"column":0},"end":{"line":9,"column":24}},"9":{"start":{"line":10,"column":0},"end":{"line":10,"column":28}},"10":{"start":{"line":11,"column":0},"end":{"line":11,"column":27}},"11":{"start":{"line":12,"column":0},"end":{"line":12,"column":1}},"12":{"start":{"line":13,"column":0},"end":{"line":13,"column":0}},"13":{"start":{"line":14,"column":0},"end":{"line":14,"column":45}},"14":{"start":{"line":15,"column":0},"end":{"line":15,"column":63}},"15":{"start":{"line":16,"column":0},"end":{"line":16,"column":20}},"16":{"start":{"line":17,"column":0},"end":{"line":17,"column":18}},"17":{"start":{"line":18,"column":0},"end":{"line":18,"column":70}},"18":{"start":{"line":19,"column":0},"end":{"line":19,"column":3}},"19":{"start":{"line":20,"column":0},"end":{"line":20,"column":2}},"20":{"start":{"line":21,"column":0},"end":{"line":21,"column":0}},"21":{"start":{"line":22,"column":0},"end":{"line":22,"column":43}},"22":{"start":{"line":23,"column":0},"end":{"line":23,"column":27}},"23":{"start":{"line":24,"column":0},"end":{"line":24,"column":0}},"24":{"start":{"line":25,"column":0},"end":{"line":25,"column":38}},"25":{"start":{"line":26,"column":0},"end":{"line":26,"column":38}},"26":{"start":{"line":27,"column":0},"end":{"line":27,"column":0}},"27":{"start":{"line":28,"column":0},"end":{"line":28,"column":38}},"28":{"start":{"line":29,"column":0},"end":{"line":29,"column":6}},"29":{"start":{"line":30,"column":0},"end":{"line":30,"column":41}},"30":{"start":{"line":31,"column":0},"end":{"line":31,"column":39}},"31":{"start":{"line":32,"column":0},"end":{"line":32,"column":35}},"32":{"start":{"line":33,"column":0},"end":{"line":33,"column":5}},"33":{"start":{"line":34,"column":0},"end":{"line":34,"column":22}},"34":{"start":{"line":35,"column":0},"end":{"line":35,"column":20}},"35":{"start":{"line":36,"column":0},"end":{"line":36,"column":29}},"36":{"start":{"line":37,"column":0},"end":{"line":37,"column":48}},"37":{"start":{"line":38,"column":0},"end":{"line":38,"column":16}},"38":{"start":{"line":39,"column":0},"end":{"line":39,"column":29}},"39":{"start":{"line":40,"column":0},"end":{"line":40,"column":63}},"40":{"start":{"line":41,"column":0},"end":{"line":41,"column":25}},"41":{"start":{"line":42,"column":0},"end":{"line":42,"column":10}},"42":{"start":{"line":43,"column":0},"end":{"line":43,"column":43}},"43":{"start":{"line":44,"column":0},"end":{"line":44,"column":5}},"44":{"start":{"line":45,"column":0},"end":{"line":45,"column":10}},"45":{"start":{"line":46,"column":0},"end":{"line":46,"column":3}},"46":{"start":{"line":47,"column":0},"end":{"line":47,"column":0}},"47":{"start":{"line":48,"column":0},"end":{"line":48,"column":48}},"48":{"start":{"line":49,"column":0},"end":{"line":49,"column":20}},"49":{"start":{"line":50,"column":0},"end":{"line":50,"column":46}},"50":{"start":{"line":51,"column":0},"end":{"line":51,"column":39}},"51":{"start":{"line":52,"column":0},"end":{"line":52,"column":6}},"52":{"start":{"line":53,"column":0},"end":{"line":53,"column":3}},"53":{"start":{"line":54,"column":0},"end":{"line":54,"column":2}},"54":{"start":{"line":55,"column":0},"end":{"line":55,"column":0}},"55":{"start":{"line":56,"column":0},"end":{"line":56,"column":46}},"56":{"start":{"line":57,"column":0},"end":{"line":57,"column":54}},"57":{"start":{"line":58,"column":0},"end":{"line":58,"column":17}},"58":{"start":{"line":59,"column":0},"end":{"line":59,"column":18}},"59":{"start":{"line":60,"column":0},"end":{"line":60,"column":10}},"60":{"start":{"line":61,"column":0},"end":{"line":61,"column":13}},"61":{"start":{"line":62,"column":0},"end":{"line":62,"column":21}},"62":{"start":{"line":63,"column":0},"end":{"line":63,"column":20}},"63":{"start":{"line":64,"column":0},"end":{"line":64,"column":14}},"64":{"start":{"line":65,"column":0},"end":{"line":65,"column":48}},"65":{"start":{"line":66,"column":0},"end":{"line":66,"column":45}},"66":{"start":{"line":67,"column":0},"end":{"line":67,"column":9}},"67":{"start":{"line":68,"column":0},"end":{"line":68,"column":7}},"68":{"start":{"line":69,"column":0},"end":{"line":69,"column":3}},"69":{"start":{"line":70,"column":0},"end":{"line":70,"column":2}}},"s":{"0":0,"1":0,"2":0,"3":0,"4":0,"5":0,"6":0,"7":0,"8":0,"9":0,"10":0,"11":0,"12":0,"13":0,"14":0,"15":0,"16":0,"17":0,"18":0,"19":0,"20":0,"21":0,"22":0,"23":0,"24":0,"25":0,"26":0,"27":0,"28":0,"29":0,"30":0,"31":0,"32":0,"33":0,"34":0,"35":0,"36":0,"37":0,"38":0,"39":0,"40":0,"41":0,"42":0,"43":0,"44":0,"45":0,"46":0,"47":0,"48":0,"49":0,"50":0,"51":0,"52":0,"53":0,"54":0,"55":0,"56":0,"57":0,"58":0,"59":0,"60":0,"61":0,"62":0,"63":0,"64":0,"65":0,"66":0,"67":0,"68":0,"69":0},"branchMap":{"0":{"type":"branch","line":1,"loc":{"start":{"line":1,"column":1746},"end":{"line":70,"column":2}},"locations":[{"start":{"line":1,"column":1746},"end":{"line":70,"column":2}}]}},"b":{"0":[0]},"fnMap":{"0":{"name":"(empty-report)","decl":{"start":{"line":1,"column":1746},"end":{"line":70,"column":2}},"loc":{"start":{"line":1,"column":1746},"end":{"line":70,"column":2}},"line":1}},"f":{"0":0}}
,"C:\\Users\\R2D2\\Documents\\GitHub\\frontend-fundamentals-lab\\assets\\js\\app.js": {"path":"C:\\Users\\R2D2\\Documents\\GitHub\\frontend-fundamentals-lab\\assets\\js\\app.js","all":true,"statementMap":{"0":{"start":{"line":1,"column":0},"end":{"line":1,"column":3}},"1":{"start":{"line":2,"column":0},"end":{"line":2,"column":63}},"2":{"start":{"line":3,"column":0},"end":{"line":3,"column":44}},"3":{"start":{"line":4,"column":0},"end":{"line":4,"column":57}},"4":{"start":{"line":5,"column":0},"end":{"line":5,"column":3}},"5":{"start":{"line":6,"column":0},"end":{"line":6,"column":23}},"6":{"start":{"line":7,"column":0},"end":{"line":7,"column":54}},"7":{"start":{"line":8,"column":0},"end":{"line":8,"column":44}},"8":{"start":{"line":9,"column":0},"end":{"line":9,"column":14}},"9":{"start":{"line":10,"column":0},"end":{"line":10,"column":3}},"10":{"start":{"line":11,"column":0},"end":{"line":11,"column":29}},"11":{"start":{"line":12,"column":0},"end":{"line":12,"column":1}},"12":{"start":{"line":13,"column":0},"end":{"line":13,"column":0}},"13":{"start":{"line":14,"column":0},"end":{"line":14,"column":3}},"14":{"start":{"line":15,"column":0},"end":{"line":15,"column":42}},"15":{"start":{"line":16,"column":0},"end":{"line":16,"column":3}},"16":{"start":{"line":17,"column":0},"end":{"line":17,"column":14}},"17":{"start":{"line":18,"column":0},"end":{"line":18,"column":17}},"18":{"start":{"line":19,"column":0},"end":{"line":19,"column":21}},"19":{"start":{"line":20,"column":0},"end":{"line":20,"column":102}},"20":{"start":{"line":21,"column":0},"end":{"line":21,"column":31}},"21":{"start":{"line":22,"column":0},"end":{"line":22,"column":30}},"22":{"start":{"line":23,"column":0},"end":{"line":23,"column":23}},"23":{"start":{"line":24,"column":0},"end":{"line":24,"column":39}},"24":{"start":{"line":25,"column":0},"end":{"line":25,"column":0}},"25":{"start":{"line":26,"column":0},"end":{"line":26,"column":29}},"26":{"start":{"line":27,"column":0},"end":{"line":27,"column":18}},"27":{"start":{"line":28,"column":0},"end":{"line":28,"column":18}},"28":{"start":{"line":29,"column":0},"end":{"line":29,"column":16}},"29":{"start":{"line":30,"column":0},"end":{"line":30,"column":16}},"30":{"start":{"line":31,"column":0},"end":{"line":31,"column":17}},"31":{"start":{"line":32,"column":0},"end":{"line":32,"column":75}},"32":{"start":{"line":33,"column":0},"end":{"line":33,"column":17}},"33":{"start":{"line":34,"column":0},"end":{"line":34,"column":22}},"34":{"start":{"line":35,"column":0},"end":{"line":35,"column":24}},"35":{"start":{"line":36,"column":0},"end":{"line":36,"column":26}},"36":{"start":{"line":37,"column":0},"end":{"line":37,"column":35}},"37":{"start":{"line":38,"column":0},"end":{"line":38,"column":7}},"38":{"start":{"line":39,"column":0},"end":{"line":39,"column":5}},"39":{"start":{"line":40,"column":0},"end":{"line":40,"column":0}},"40":{"start":{"line":41,"column":0},"end":{"line":41,"column":31}},"41":{"start":{"line":42,"column":0},"end":{"line":42,"column":15}},"42":{"start":{"line":43,"column":0},"end":{"line":43,"column":3}},"43":{"start":{"line":44,"column":0},"end":{"line":44,"column":0}},"44":{"start":{"line":45,"column":0},"end":{"line":45,"column":5}},"45":{"start":{"line":46,"column":0},"end":{"line":46,"column":36}},"46":{"start":{"line":47,"column":0},"end":{"line":47,"column":62}},"47":{"start":{"line":48,"column":0},"end":{"line":48,"column":5}},"48":{"start":{"line":49,"column":0},"end":{"line":49,"column":10}},"49":{"start":{"line":50,"column":0},"end":{"line":50,"column":37}},"50":{"start":{"line":51,"column":0},"end":{"line":51,"column":61}},"51":{"start":{"line":52,"column":0},"end":{"line":52,"column":71}},"52":{"start":{"line":53,"column":0},"end":{"line":53,"column":45}},"53":{"start":{"line":54,"column":0},"end":{"line":54,"column":45}},"54":{"start":{"line":55,"column":0},"end":{"line":55,"column":49}},"55":{"start":{"line":56,"column":0},"end":{"line":56,"column":25}},"56":{"start":{"line":57,"column":0},"end":{"line":57,"column":23}},"57":{"start":{"line":58,"column":0},"end":{"line":58,"column":43}},"58":{"start":{"line":59,"column":0},"end":{"line":59,"column":27}},"59":{"start":{"line":60,"column":0},"end":{"line":60,"column":13}},"60":{"start":{"line":61,"column":0},"end":{"line":61,"column":3}},"61":{"start":{"line":62,"column":0},"end":{"line":62,"column":0}},"62":{"start":{"line":63,"column":0},"end":{"line":63,"column":5}},"63":{"start":{"line":64,"column":0},"end":{"line":64,"column":65}},"64":{"start":{"line":65,"column":0},"end":{"line":65,"column":20}},"65":{"start":{"line":66,"column":0},"end":{"line":66,"column":5}},"66":{"start":{"line":67,"column":0},"end":{"line":67,"column":20}},"67":{"start":{"line":68,"column":0},"end":{"line":68,"column":26}},"68":{"start":{"line":69,"column":0},"end":{"line":69,"column":21}},"69":{"start":{"line":70,"column":0},"end":{"line":70,"column":22}},"70":{"start":{"line":71,"column":0},"end":{"line":71,"column":22}},"71":{"start":{"line":72,"column":0},"end":{"line":72,"column":20}},"72":{"start":{"line":73,"column":0},"end":{"line":73,"column":20}},"73":{"start":{"line":74,"column":0},"end":{"line":74,"column":5}},"74":{"start":{"line":75,"column":0},"end":{"line":75,"column":73}},"75":{"start":{"line":76,"column":0},"end":{"line":76,"column":76}},"76":{"start":{"line":77,"column":0},"end":{"line":77,"column":71}},"77":{"start":{"line":78,"column":0},"end":{"line":78,"column":58}},"78":{"start":{"line":79,"column":0},"end":{"line":79,"column":44}},"79":{"start":{"line":80,"column":0},"end":{"line":80,"column":3}},"80":{"start":{"line":81,"column":0},"end":{"line":81,"column":1}},"81":{"start":{"line":82,"column":0},"end":{"line":82,"column":0}},"82":{"start":{"line":83,"column":0},"end":{"line":83,"column":36}},"83":{"start":{"line":84,"column":0},"end":{"line":84,"column":32}},"84":{"start":{"line":85,"column":0},"end":{"line":85,"column":0}},"85":{"start":{"line":86,"column":0},"end":{"line":86,"column":3}},"86":{"start":{"line":87,"column":0},"end":{"line":87,"column":80}},"87":{"start":{"line":88,"column":0},"end":{"line":88,"column":41}},"88":{"start":{"line":89,"column":0},"end":{"line":89,"column":41}},"89":{"start":{"line":90,"column":0},"end":{"line":90,"column":11}},"90":{"start":{"line":91,"column":0},"end":{"line":91,"column":44}},"91":{"start":{"line":92,"column":0},"end":{"line":92,"column":3}},"92":{"start":{"line":93,"column":0},"end":{"line":93,"column":23}},"93":{"start":{"line":94,"column":0},"end":{"line":94,"column":71}},"94":{"start":{"line":95,"column":0},"end":{"line":95,"column":1}},"95":{"start":{"line":96,"column":0},"end":{"line":96,"column":0}},"96":{"start":{"line":97,"column":0},"end":{"line":97,"column":3}},"97":{"start":{"line":98,"column":0},"end":{"line":98,"column":58}},"98":{"start":{"line":99,"column":0},"end":{"line":99,"column":81}},"99":{"start":{"line":100,"column":0},"end":{"line":100,"column":75}},"100":{"start":{"line":101,"column":0},"end":{"line":101,"column":54}},"101":{"start":{"line":102,"column":0},"end":{"line":102,"column":86}},"102":{"start":{"line":103,"column":0},"end":{"line":103,"column":11}},"103":{"start":{"line":104,"column":0},"end":{"line":104,"column":100}},"104":{"start":{"line":105,"column":0},"end":{"line":105,"column":3}},"105":{"start":{"line":106,"column":0},"end":{"line":106,"column":49}},"106":{"start":{"line":107,"column":0},"end":{"line":107,"column":20}},"107":{"start":{"line":108,"column":0},"end":{"line":108,"column":26}},"108":{"start":{"line":109,"column":0},"end":{"line":109,"column":0}},"109":{"start":{"line":110,"column":0},"end":{"line":110,"column":34}},"110":{"start":{"line":111,"column":0},"end":{"line":111,"column":32}},"111":{"start":{"line":112,"column":0},"end":{"line":112,"column":36}},"112":{"start":{"line":113,"column":0},"end":{"line":113,"column":36}},"113":{"start":{"line":114,"column":0},"end":{"line":114,"column":50}},"114":{"start":{"line":115,"column":0},"end":{"line":115,"column":3}},"115":{"start":{"line":116,"column":0},"end":{"line":116,"column":0}},"116":{"start":{"line":117,"column":0},"end":{"line":117,"column":16}},"117":{"start":{"line":118,"column":0},"end":{"line":118,"column":1}},"118":{"start":{"line":119,"column":0},"end":{"line":119,"column":0}},"119":{"start":{"line":120,"column":0},"end":{"line":120,"column":3}},"120":{"start":{"line":121,"column":0},"end":{"line":121,"column":51}},"121":{"start":{"line":122,"column":0},"end":{"line":122,"column":67}},"122":{"start":{"line":123,"column":0},"end":{"line":123,"column":3}},"123":{"start":{"line":124,"column":0},"end":{"line":124,"column":25}},"124":{"start":{"line":125,"column":0},"end":{"line":125,"column":17}},"125":{"start":{"line":126,"column":0},"end":{"line":126,"column":26}},"126":{"start":{"line":127,"column":0},"end":{"line":127,"column":0}},"127":{"start":{"line":128,"column":0},"end":{"line":128,"column":32}},"128":{"start":{"line":129,"column":0},"end":{"line":129,"column":32}},"129":{"start":{"line":130,"column":0},"end":{"line":130,"column":36}},"130":{"start":{"line":131,"column":0},"end":{"line":131,"column":31}},"131":{"start":{"line":132,"column":0},"end":{"line":132,"column":3}},"132":{"start":{"line":133,"column":0},"end":{"line":133,"column":0}},"133":{"start":{"line":134,"column":0},"end":{"line":134,"column":13}},"134":{"start":{"line":135,"column":0},"end":{"line":135,"column":1}},"135":{"start":{"line":136,"column":0},"end":{"line":136,"column":0}},"136":{"start":{"line":137,"column":0},"end":{"line":137,"column":3}},"137":{"start":{"line":138,"column":0},"end":{"line":138,"column":43}},"138":{"start":{"line":139,"column":0},"end":{"line":139,"column":48}},"139":{"start":{"line":140,"column":0},"end":{"line":140,"column":39}},"140":{"start":{"line":141,"column":0},"end":{"line":141,"column":3}},"141":{"start":{"line":142,"column":0},"end":{"line":142,"column":27}},"142":{"start":{"line":143,"column":0},"end":{"line":143,"column":43}},"143":{"start":{"line":144,"column":0},"end":{"line":144,"column":26}},"144":{"start":{"line":145,"column":0},"end":{"line":145,"column":30}},"145":{"start":{"line":146,"column":0},"end":{"line":146,"column":57}},"146":{"start":{"line":147,"column":0},"end":{"line":147,"column":50}},"147":{"start":{"line":148,"column":0},"end":{"line":148,"column":34}},"148":{"start":{"line":149,"column":0},"end":{"line":149,"column":1}},"149":{"start":{"line":150,"column":0},"end":{"line":150,"column":0}},"150":{"start":{"line":151,"column":0},"end":{"line":151,"column":3}},"151":{"start":{"line":152,"column":0},"end":{"line":152,"column":101}},"152":{"start":{"line":153,"column":0},"end":{"line":153,"column":62}},"153":{"start":{"line":154,"column":0},"end":{"line":154,"column":105}},"154":{"start":{"line":155,"column":0},"end":{"line":155,"column":3}},"155":{"start":{"line":156,"column":0},"end":{"line":156,"column":37}},"156":{"start":{"line":157,"column":0},"end":{"line":157,"column":24}},"157":{"start":{"line":158,"column":0},"end":{"line":158,"column":30}},"158":{"start":{"line":159,"column":0},"end":{"line":159,"column":42}},"159":{"start":{"line":160,"column":0},"end":{"line":160,"column":42}},"160":{"start":{"line":161,"column":0},"end":{"line":161,"column":42}},"161":{"start":{"line":162,"column":0},"end":{"line":162,"column":0}},"162":{"start":{"line":163,"column":0},"end":{"line":163,"column":58}},"163":{"start":{"line":164,"column":0},"end":{"line":164,"column":72}},"164":{"start":{"line":165,"column":0},"end":{"line":165,"column":68}},"165":{"start":{"line":166,"column":0},"end":{"line":166,"column":65}},"166":{"start":{"line":167,"column":0},"end":{"line":167,"column":49}},"167":{"start":{"line":168,"column":0},"end":{"line":168,"column":1}},"168":{"start":{"line":169,"column":0},"end":{"line":169,"column":0}},"169":{"start":{"line":170,"column":0},"end":{"line":170,"column":3}},"170":{"start":{"line":171,"column":0},"end":{"line":171,"column":49}},"171":{"start":{"line":172,"column":0},"end":{"line":172,"column":41}},"172":{"start":{"line":173,"column":0},"end":{"line":173,"column":37}},"173":{"start":{"line":174,"column":0},"end":{"line":174,"column":3}},"174":{"start":{"line":175,"column":0},"end":{"line":175,"column":27}},"175":{"start":{"line":176,"column":0},"end":{"line":176,"column":43}},"176":{"start":{"line":177,"column":0},"end":{"line":177,"column":24}},"177":{"start":{"line":178,"column":0},"end":{"line":178,"column":22}},"178":{"start":{"line":179,"column":0},"end":{"line":179,"column":1}},"179":{"start":{"line":180,"column":0},"end":{"line":180,"column":0}},"180":{"start":{"line":181,"column":0},"end":{"line":181,"column":3}},"181":{"start":{"line":182,"column":0},"end":{"line":182,"column":48}},"182":{"start":{"line":183,"column":0},"end":{"line":183,"column":18}},"183":{"start":{"line":184,"column":0},"end":{"line":184,"column":3}},"184":{"start":{"line":185,"column":0},"end":{"line":185,"column":27}},"185":{"start":{"line":186,"column":0},"end":{"line":186,"column":33}},"186":{"start":{"line":187,"column":0},"end":{"line":187,"column":35}},"187":{"start":{"line":188,"column":0},"end":{"line":188,"column":49}},"188":{"start":{"line":189,"column":0},"end":{"line":189,"column":41}},"189":{"start":{"line":190,"column":0},"end":{"line":190,"column":22}},"190":{"start":{"line":191,"column":0},"end":{"line":191,"column":24}},"191":{"start":{"line":192,"column":0},"end":{"line":192,"column":33}},"192":{"start":{"line":193,"column":0},"end":{"line":193,"column":24}},"193":{"start":{"line":194,"column":0},"end":{"line":194,"column":25}},"194":{"start":{"line":195,"column":0},"end":{"line":195,"column":37}},"195":{"start":{"line":196,"column":0},"end":{"line":196,"column":28}},"196":{"start":{"line":197,"column":0},"end":{"line":197,"column":42}},"197":{"start":{"line":198,"column":0},"end":{"line":198,"column":30}},"198":{"start":{"line":199,"column":0},"end":{"line":199,"column":35}},"199":{"start":{"line":200,"column":0},"end":{"line":200,"column":22}},"200":{"start":{"line":201,"column":0},"end":{"line":201,"column":20}},"201":{"start":{"line":202,"column":0},"end":{"line":202,"column":30}},"202":{"start":{"line":203,"column":0},"end":{"line":203,"column":8}},"203":{"start":{"line":204,"column":0},"end":{"line":204,"column":0}},"204":{"start":{"line":205,"column":0},"end":{"line":205,"column":22}},"205":{"start":{"line":206,"column":0},"end":{"line":206,"column":18}},"206":{"start":{"line":207,"column":0},"end":{"line":207,"column":14}},"207":{"start":{"line":208,"column":0},"end":{"line":208,"column":14}},"208":{"start":{"line":209,"column":0},"end":{"line":209,"column":14}},"209":{"start":{"line":210,"column":0},"end":{"line":210,"column":14}},"210":{"start":{"line":211,"column":0},"end":{"line":211,"column":14}},"211":{"start":{"line":212,"column":0},"end":{"line":212,"column":14}},"212":{"start":{"line":213,"column":0},"end":{"line":213,"column":16}},"213":{"start":{"line":214,"column":0},"end":{"line":214,"column":14}},"214":{"start":{"line":215,"column":0},"end":{"line":215,"column":13}},"215":{"start":{"line":216,"column":0},"end":{"line":216,"column":3}},"216":{"start":{"line":217,"column":0},"end":{"line":217,"column":59}},"217":{"start":{"line":218,"column":0},"end":{"line":218,"column":33}},"218":{"start":{"line":219,"column":0},"end":{"line":219,"column":43}},"219":{"start":{"line":220,"column":0},"end":{"line":220,"column":45}},"220":{"start":{"line":221,"column":0},"end":{"line":221,"column":39}},"221":{"start":{"line":222,"column":0},"end":{"line":222,"column":25}},"222":{"start":{"line":223,"column":0},"end":{"line":223,"column":67}},"223":{"start":{"line":224,"column":0},"end":{"line":224,"column":36}},"224":{"start":{"line":225,"column":0},"end":{"line":225,"column":35}},"225":{"start":{"line":226,"column":0},"end":{"line":226,"column":65}},"226":{"start":{"line":227,"column":0},"end":{"line":227,"column":64}},"227":{"start":{"line":228,"column":0},"end":{"line":228,"column":44}},"228":{"start":{"line":229,"column":0},"end":{"line":229,"column":44}},"229":{"start":{"line":230,"column":0},"end":{"line":230,"column":20}},"230":{"start":{"line":231,"column":0},"end":{"line":231,"column":29}},"231":{"start":{"line":232,"column":0},"end":{"line":232,"column":30}},"232":{"start":{"line":233,"column":0},"end":{"line":233,"column":8}},"233":{"start":{"line":234,"column":0},"end":{"line":234,"column":8}},"234":{"start":{"line":235,"column":0},"end":{"line":235,"column":63}},"235":{"start":{"line":236,"column":0},"end":{"line":236,"column":38}},"236":{"start":{"line":237,"column":0},"end":{"line":237,"column":38}},"237":{"start":{"line":238,"column":0},"end":{"line":238,"column":41}},"238":{"start":{"line":239,"column":0},"end":{"line":239,"column":40}},"239":{"start":{"line":240,"column":0},"end":{"line":240,"column":36}},"240":{"start":{"line":241,"column":0},"end":{"line":241,"column":47}},"241":{"start":{"line":242,"column":0},"end":{"line":242,"column":20}},"242":{"start":{"line":243,"column":0},"end":{"line":243,"column":45}},"243":{"start":{"line":244,"column":0},"end":{"line":244,"column":12}},"244":{"start":{"line":245,"column":0},"end":{"line":245,"column":24}},"245":{"start":{"line":246,"column":0},"end":{"line":246,"column":6}},"246":{"start":{"line":247,"column":0},"end":{"line":247,"column":3}},"247":{"start":{"line":248,"column":0},"end":{"line":248,"column":0}},"248":{"start":{"line":249,"column":0},"end":{"line":249,"column":14}},"249":{"start":{"line":250,"column":0},"end":{"line":250,"column":22}},"250":{"start":{"line":251,"column":0},"end":{"line":251,"column":0}},"251":{"start":{"line":252,"column":0},"end":{"line":252,"column":5}},"252":{"start":{"line":253,"column":0},"end":{"line":253,"column":37}},"253":{"start":{"line":254,"column":0},"end":{"line":254,"column":56}},"254":{"start":{"line":255,"column":0},"end":{"line":255,"column":19}},"255":{"start":{"line":256,"column":0},"end":{"line":256,"column":5}},"256":{"start":{"line":257,"column":0},"end":{"line":257,"column":22}},"257":{"start":{"line":258,"column":0},"end":{"line":258,"column":42}},"258":{"start":{"line":259,"column":0},"end":{"line":259,"column":30}},"259":{"start":{"line":260,"column":0},"end":{"line":260,"column":48}},"260":{"start":{"line":261,"column":0},"end":{"line":261,"column":86}},"261":{"start":{"line":262,"column":0},"end":{"line":262,"column":43}},"262":{"start":{"line":263,"column":0},"end":{"line":263,"column":28}},"263":{"start":{"line":264,"column":0},"end":{"line":264,"column":7}},"264":{"start":{"line":265,"column":0},"end":{"line":265,"column":41}},"265":{"start":{"line":266,"column":0},"end":{"line":266,"column":26}},"266":{"start":{"line":267,"column":0},"end":{"line":267,"column":69}},"267":{"start":{"line":268,"column":0},"end":{"line":268,"column":14}},"268":{"start":{"line":269,"column":0},"end":{"line":269,"column":23}},"269":{"start":{"line":270,"column":0},"end":{"line":270,"column":7}},"270":{"start":{"line":271,"column":0},"end":{"line":271,"column":21}},"271":{"start":{"line":272,"column":0},"end":{"line":272,"column":27}},"272":{"start":{"line":273,"column":0},"end":{"line":273,"column":35}},"273":{"start":{"line":274,"column":0},"end":{"line":274,"column":0}},"274":{"start":{"line":275,"column":0},"end":{"line":275,"column":20}},"275":{"start":{"line":276,"column":0},"end":{"line":276,"column":33}},"276":{"start":{"line":277,"column":0},"end":{"line":277,"column":50}},"277":{"start":{"line":278,"column":0},"end":{"line":278,"column":33}},"278":{"start":{"line":279,"column":0},"end":{"line":279,"column":41}},"279":{"start":{"line":280,"column":0},"end":{"line":280,"column":31}},"280":{"start":{"line":281,"column":0},"end":{"line":281,"column":54}},"281":{"start":{"line":282,"column":0},"end":{"line":282,"column":41}},"282":{"start":{"line":283,"column":0},"end":{"line":283,"column":27}},"283":{"start":{"line":284,"column":0},"end":{"line":284,"column":66}},"284":{"start":{"line":285,"column":0},"end":{"line":285,"column":22}},"285":{"start":{"line":286,"column":0},"end":{"line":286,"column":41}},"286":{"start":{"line":287,"column":0},"end":{"line":287,"column":27}},"287":{"start":{"line":288,"column":0},"end":{"line":288,"column":35}},"288":{"start":{"line":289,"column":0},"end":{"line":289,"column":34}},"289":{"start":{"line":290,"column":0},"end":{"line":290,"column":34}},"290":{"start":{"line":291,"column":0},"end":{"line":291,"column":35}},"291":{"start":{"line":292,"column":0},"end":{"line":292,"column":27}},"292":{"start":{"line":293,"column":0},"end":{"line":293,"column":22}},"293":{"start":{"line":294,"column":0},"end":{"line":294,"column":42}},"294":{"start":{"line":295,"column":0},"end":{"line":295,"column":27}},"295":{"start":{"line":296,"column":0},"end":{"line":296,"column":35}},"296":{"start":{"line":297,"column":0},"end":{"line":297,"column":40}},"297":{"start":{"line":298,"column":0},"end":{"line":298,"column":41}},"298":{"start":{"line":299,"column":0},"end":{"line":299,"column":27}},"299":{"start":{"line":300,"column":0},"end":{"line":300,"column":22}},"300":{"start":{"line":301,"column":0},"end":{"line":301,"column":7}},"301":{"start":{"line":302,"column":0},"end":{"line":302,"column":23}},"302":{"start":{"line":303,"column":0},"end":{"line":303,"column":6}},"303":{"start":{"line":304,"column":0},"end":{"line":304,"column":10}},"304":{"start":{"line":305,"column":0},"end":{"line":305,"column":26}},"305":{"start":{"line":306,"column":0},"end":{"line":306,"column":36}},"306":{"start":{"line":307,"column":0},"end":{"line":307,"column":12}},"307":{"start":{"line":308,"column":0},"end":{"line":308,"column":34}},"308":{"start":{"line":309,"column":0},"end":{"line":309,"column":32}},"309":{"start":{"line":310,"column":0},"end":{"line":310,"column":24}},"310":{"start":{"line":311,"column":0},"end":{"line":311,"column":64}},"311":{"start":{"line":312,"column":0},"end":{"line":312,"column":13}},"312":{"start":{"line":313,"column":0},"end":{"line":313,"column":5}},"313":{"start":{"line":314,"column":0},"end":{"line":314,"column":3}},"314":{"start":{"line":315,"column":0},"end":{"line":315,"column":0}},"315":{"start":{"line":316,"column":0},"end":{"line":316,"column":11}},"316":{"start":{"line":317,"column":0},"end":{"line":317,"column":1}},"317":{"start":{"line":318,"column":0},"end":{"line":318,"column":0}},"318":{"start":{"line":319,"column":0},"end":{"line":319,"column":36}},"319":{"start":{"line":320,"column":0},"end":{"line":320,"column":24}},"320":{"start":{"line":321,"column":0},"end":{"line":321,"column":34}},"321":{"start":{"line":322,"column":0},"end":{"line":322,"column":0}},"322":{"start":{"line":323,"column":0},"end":{"line":323,"column":22}},"323":{"start":{"line":324,"column":0},"end":{"line":324,"column":26}},"324":{"start":{"line":325,"column":0},"end":{"line":325,"column":0}},"325":{"start":{"line":326,"column":0},"end":{"line":326,"column":14}},"326":{"start":{"line":327,"column":0},"end":{"line":327,"column":18}},"327":{"start":{"line":328,"column":0},"end":{"line":328,"column":0}},"328":{"start":{"line":329,"column":0},"end":{"line":329,"column":3}},"329":{"start":{"line":330,"column":0},"end":{"line":330,"column":76}},"330":{"start":{"line":331,"column":0},"end":{"line":331,"column":71}},"331":{"start":{"line":332,"column":0},"end":{"line":332,"column":18}},"332":{"start":{"line":333,"column":0},"end":{"line":333,"column":3}},"333":{"start":{"line":334,"column":0},"end":{"line":334,"column":17}},"334":{"start":{"line":335,"column":0},"end":{"line":335,"column":41}},"335":{"start":{"line":336,"column":0},"end":{"line":336,"column":72}},"336":{"start":{"line":337,"column":0},"end":{"line":337,"column":0}},"337":{"start":{"line":338,"column":0},"end":{"line":338,"column":71}},"338":{"start":{"line":339,"column":0},"end":{"line":339,"column":0}},"339":{"start":{"line":340,"column":0},"end":{"line":340,"column":38}},"340":{"start":{"line":341,"column":0},"end":{"line":341,"column":44}},"341":{"start":{"line":342,"column":0},"end":{"line":342,"column":10}},"342":{"start":{"line":343,"column":0},"end":{"line":343,"column":37}},"343":{"start":{"line":344,"column":0},"end":{"line":344,"column":43}},"344":{"start":{"line":345,"column":0},"end":{"line":345,"column":10}},"345":{"start":{"line":346,"column":0},"end":{"line":346,"column":26}},"346":{"start":{"line":347,"column":0},"end":{"line":347,"column":21}},"347":{"start":{"line":348,"column":0},"end":{"line":348,"column":46}},"348":{"start":{"line":349,"column":0},"end":{"line":349,"column":0}},"349":{"start":{"line":350,"column":0},"end":{"line":350,"column":41}},"350":{"start":{"line":351,"column":0},"end":{"line":351,"column":64}},"351":{"start":{"line":352,"column":0},"end":{"line":352,"column":5}},"352":{"start":{"line":353,"column":0},"end":{"line":353,"column":3}},"353":{"start":{"line":354,"column":0},"end":{"line":354,"column":40}},"354":{"start":{"line":355,"column":0},"end":{"line":355,"column":15}},"355":{"start":{"line":356,"column":0},"end":{"line":356,"column":71}},"356":{"start":{"line":357,"column":0},"end":{"line":357,"column":5}},"357":{"start":{"line":358,"column":0},"end":{"line":358,"column":3}},"358":{"start":{"line":359,"column":0},"end":{"line":359,"column":70}},"359":{"start":{"line":360,"column":0},"end":{"line":360,"column":28}},"360":{"start":{"line":361,"column":0},"end":{"line":361,"column":16}},"361":{"start":{"line":362,"column":0},"end":{"line":362,"column":76}},"362":{"start":{"line":363,"column":0},"end":{"line":363,"column":0}},"363":{"start":{"line":364,"column":0},"end":{"line":364,"column":24}},"364":{"start":{"line":365,"column":0},"end":{"line":365,"column":80}},"365":{"start":{"line":366,"column":0},"end":{"line":366,"column":21}},"366":{"start":{"line":367,"column":0},"end":{"line":367,"column":67}},"367":{"start":{"line":368,"column":0},"end":{"line":368,"column":66}},"368":{"start":{"line":369,"column":0},"end":{"line":369,"column":14}},"369":{"start":{"line":370,"column":0},"end":{"line":370,"column":6}},"370":{"start":{"line":371,"column":0},"end":{"line":371,"column":16}},"371":{"start":{"line":372,"column":0},"end":{"line":372,"column":0}},"372":{"start":{"line":373,"column":0},"end":{"line":373,"column":60}},"373":{"start":{"line":374,"column":0},"end":{"line":374,"column":25}},"374":{"start":{"line":375,"column":0},"end":{"line":375,"column":0}},"375":{"start":{"line":376,"column":0},"end":{"line":376,"column":24}},"376":{"start":{"line":377,"column":0},"end":{"line":377,"column":69}},"377":{"start":{"line":378,"column":0},"end":{"line":378,"column":28}},"378":{"start":{"line":379,"column":0},"end":{"line":379,"column":51}},"379":{"start":{"line":380,"column":0},"end":{"line":380,"column":22}},"380":{"start":{"line":381,"column":0},"end":{"line":381,"column":58}},"381":{"start":{"line":382,"column":0},"end":{"line":382,"column":49}},"382":{"start":{"line":383,"column":0},"end":{"line":383,"column":15}},"383":{"start":{"line":384,"column":0},"end":{"line":384,"column":65}},"384":{"start":{"line":385,"column":0},"end":{"line":385,"column":20}},"385":{"start":{"line":386,"column":0},"end":{"line":386,"column":77}},"386":{"start":{"line":387,"column":0},"end":{"line":387,"column":26}},"387":{"start":{"line":388,"column":0},"end":{"line":388,"column":12}},"388":{"start":{"line":389,"column":0},"end":{"line":389,"column":13}},"389":{"start":{"line":390,"column":0},"end":{"line":390,"column":61}},"390":{"start":{"line":391,"column":0},"end":{"line":391,"column":34}},"391":{"start":{"line":392,"column":0},"end":{"line":392,"column":33}},"392":{"start":{"line":393,"column":0},"end":{"line":393,"column":73}},"393":{"start":{"line":394,"column":0},"end":{"line":394,"column":36}},"394":{"start":{"line":395,"column":0},"end":{"line":395,"column":61}},"395":{"start":{"line":396,"column":0},"end":{"line":396,"column":68}},"396":{"start":{"line":397,"column":0},"end":{"line":397,"column":44}},"397":{"start":{"line":398,"column":0},"end":{"line":398,"column":10}},"398":{"start":{"line":399,"column":0},"end":{"line":399,"column":7}},"399":{"start":{"line":400,"column":0},"end":{"line":400,"column":18}},"400":{"start":{"line":401,"column":0},"end":{"line":401,"column":37}},"401":{"start":{"line":402,"column":0},"end":{"line":402,"column":68}},"402":{"start":{"line":403,"column":0},"end":{"line":403,"column":7}},"403":{"start":{"line":404,"column":0},"end":{"line":404,"column":26}},"404":{"start":{"line":405,"column":0},"end":{"line":405,"column":22}},"405":{"start":{"line":406,"column":0},"end":{"line":406,"column":62}},"406":{"start":{"line":407,"column":0},"end":{"line":407,"column":79}},"407":{"start":{"line":408,"column":0},"end":{"line":408,"column":12}},"408":{"start":{"line":409,"column":0},"end":{"line":409,"column":40}},"409":{"start":{"line":410,"column":0},"end":{"line":410,"column":54}},"410":{"start":{"line":411,"column":0},"end":{"line":411,"column":7}},"411":{"start":{"line":412,"column":0},"end":{"line":412,"column":32}},"412":{"start":{"line":413,"column":0},"end":{"line":413,"column":6}},"413":{"start":{"line":414,"column":0},"end":{"line":414,"column":10}},"414":{"start":{"line":415,"column":0},"end":{"line":415,"column":80}},"415":{"start":{"line":416,"column":0},"end":{"line":416,"column":39}},"416":{"start":{"line":417,"column":0},"end":{"line":417,"column":3}},"417":{"start":{"line":418,"column":0},"end":{"line":418,"column":0}},"418":{"start":{"line":419,"column":0},"end":{"line":419,"column":40}},"419":{"start":{"line":420,"column":0},"end":{"line":420,"column":24}},"420":{"start":{"line":421,"column":0},"end":{"line":421,"column":33}},"421":{"start":{"line":422,"column":0},"end":{"line":422,"column":22}},"422":{"start":{"line":423,"column":0},"end":{"line":423,"column":15}},"423":{"start":{"line":424,"column":0},"end":{"line":424,"column":52}},"424":{"start":{"line":425,"column":0},"end":{"line":425,"column":46}},"425":{"start":{"line":426,"column":0},"end":{"line":426,"column":6}},"426":{"start":{"line":427,"column":0},"end":{"line":427,"column":4}},"427":{"start":{"line":428,"column":0},"end":{"line":428,"column":0}},"428":{"start":{"line":429,"column":0},"end":{"line":429,"column":64}},"429":{"start":{"line":430,"column":0},"end":{"line":430,"column":27}},"430":{"start":{"line":431,"column":0},"end":{"line":431,"column":31}},"431":{"start":{"line":432,"column":0},"end":{"line":432,"column":67}},"432":{"start":{"line":433,"column":0},"end":{"line":433,"column":36}},"433":{"start":{"line":434,"column":0},"end":{"line":434,"column":51}},"434":{"start":{"line":435,"column":0},"end":{"line":435,"column":15}},"435":{"start":{"line":436,"column":0},"end":{"line":436,"column":72}},"436":{"start":{"line":437,"column":0},"end":{"line":437,"column":22}},"437":{"start":{"line":438,"column":0},"end":{"line":438,"column":80}},"438":{"start":{"line":439,"column":0},"end":{"line":439,"column":67}},"439":{"start":{"line":440,"column":0},"end":{"line":440,"column":60}},"440":{"start":{"line":441,"column":0},"end":{"line":441,"column":26}},"441":{"start":{"line":442,"column":0},"end":{"line":442,"column":71}},"442":{"start":{"line":443,"column":0},"end":{"line":443,"column":58}},"443":{"start":{"line":444,"column":0},"end":{"line":444,"column":25}},"444":{"start":{"line":445,"column":0},"end":{"line":445,"column":54}},"445":{"start":{"line":446,"column":0},"end":{"line":446,"column":70}},"446":{"start":{"line":447,"column":0},"end":{"line":447,"column":78}},"447":{"start":{"line":448,"column":0},"end":{"line":448,"column":63}},"448":{"start":{"line":449,"column":0},"end":{"line":449,"column":39}},"449":{"start":{"line":450,"column":0},"end":{"line":450,"column":43}},"450":{"start":{"line":451,"column":0},"end":{"line":451,"column":14}},"451":{"start":{"line":452,"column":0},"end":{"line":452,"column":73}},"452":{"start":{"line":453,"column":0},"end":{"line":453,"column":33}},"453":{"start":{"line":454,"column":0},"end":{"line":454,"column":51}},"454":{"start":{"line":455,"column":0},"end":{"line":455,"column":63}},"455":{"start":{"line":456,"column":0},"end":{"line":456,"column":40}},"456":{"start":{"line":457,"column":0},"end":{"line":457,"column":7}},"457":{"start":{"line":458,"column":0},"end":{"line":458,"column":34}},"458":{"start":{"line":459,"column":0},"end":{"line":459,"column":6}},"459":{"start":{"line":460,"column":0},"end":{"line":460,"column":3}},"460":{"start":{"line":461,"column":0},"end":{"line":461,"column":0}},"461":{"start":{"line":462,"column":0},"end":{"line":462,"column":34}},"462":{"start":{"line":463,"column":0},"end":{"line":463,"column":27}},"463":{"start":{"line":464,"column":0},"end":{"line":464,"column":0}},"464":{"start":{"line":465,"column":0},"end":{"line":465,"column":21}},"465":{"start":{"line":466,"column":0},"end":{"line":466,"column":31}},"466":{"start":{"line":467,"column":0},"end":{"line":467,"column":26}},"467":{"start":{"line":468,"column":0},"end":{"line":468,"column":45}},"468":{"start":{"line":469,"column":0},"end":{"line":469,"column":16}},"469":{"start":{"line":470,"column":0},"end":{"line":470,"column":0}},"470":{"start":{"line":471,"column":0},"end":{"line":471,"column":33}},"471":{"start":{"line":472,"column":0},"end":{"line":472,"column":25}},"472":{"start":{"line":473,"column":0},"end":{"line":473,"column":16}},"473":{"start":{"line":474,"column":0},"end":{"line":474,"column":67}},"474":{"start":{"line":475,"column":0},"end":{"line":475,"column":43}},"475":{"start":{"line":476,"column":0},"end":{"line":476,"column":30}},"476":{"start":{"line":477,"column":0},"end":{"line":477,"column":6}},"477":{"start":{"line":478,"column":0},"end":{"line":478,"column":4}},"478":{"start":{"line":479,"column":0},"end":{"line":479,"column":0}},"479":{"start":{"line":480,"column":0},"end":{"line":480,"column":20}},"480":{"start":{"line":481,"column":0},"end":{"line":481,"column":31}},"481":{"start":{"line":482,"column":0},"end":{"line":482,"column":46}},"482":{"start":{"line":483,"column":0},"end":{"line":483,"column":16}},"483":{"start":{"line":484,"column":0},"end":{"line":484,"column":0}},"484":{"start":{"line":485,"column":0},"end":{"line":485,"column":33}},"485":{"start":{"line":486,"column":0},"end":{"line":486,"column":25}},"486":{"start":{"line":487,"column":0},"end":{"line":487,"column":17}},"487":{"start":{"line":488,"column":0},"end":{"line":488,"column":65}},"488":{"start":{"line":489,"column":0},"end":{"line":489,"column":44}},"489":{"start":{"line":490,"column":0},"end":{"line":490,"column":30}},"490":{"start":{"line":491,"column":0},"end":{"line":491,"column":6}},"491":{"start":{"line":492,"column":0},"end":{"line":492,"column":4}},"492":{"start":{"line":493,"column":0},"end":{"line":493,"column":0}},"493":{"start":{"line":494,"column":0},"end":{"line":494,"column":76}},"494":{"start":{"line":495,"column":0},"end":{"line":495,"column":35}},"495":{"start":{"line":496,"column":0},"end":{"line":496,"column":34}},"496":{"start":{"line":497,"column":0},"end":{"line":497,"column":72}},"497":{"start":{"line":498,"column":0},"end":{"line":498,"column":38}},"498":{"start":{"line":499,"column":0},"end":{"line":499,"column":51}},"499":{"start":{"line":500,"column":0},"end":{"line":500,"column":63}},"500":{"start":{"line":501,"column":0},"end":{"line":501,"column":63}},"501":{"start":{"line":502,"column":0},"end":{"line":502,"column":63}},"502":{"start":{"line":503,"column":0},"end":{"line":503,"column":76}},"503":{"start":{"line":504,"column":0},"end":{"line":504,"column":42}},"504":{"start":{"line":505,"column":0},"end":{"line":505,"column":6}},"505":{"start":{"line":506,"column":0},"end":{"line":506,"column":10}},"506":{"start":{"line":507,"column":0},"end":{"line":507,"column":54}},"507":{"start":{"line":508,"column":0},"end":{"line":508,"column":33}},"508":{"start":{"line":509,"column":0},"end":{"line":509,"column":5}},"509":{"start":{"line":510,"column":0},"end":{"line":510,"column":50}},"510":{"start":{"line":511,"column":0},"end":{"line":511,"column":3}},"511":{"start":{"line":512,"column":0},"end":{"line":512,"column":1}},"512":{"start":{"line":513,"column":0},"end":{"line":513,"column":0}},"513":{"start":{"line":514,"column":0},"end":{"line":514,"column":3}},"514":{"start":{"line":515,"column":0},"end":{"line":515,"column":40}},"515":{"start":{"line":516,"column":0},"end":{"line":516,"column":18}},"516":{"start":{"line":517,"column":0},"end":{"line":517,"column":3}},"517":{"start":{"line":518,"column":0},"end":{"line":518,"column":20}},"518":{"start":{"line":519,"column":0},"end":{"line":519,"column":41}},"519":{"start":{"line":520,"column":0},"end":{"line":520,"column":64}},"520":{"start":{"line":521,"column":0},"end":{"line":521,"column":5}},"521":{"start":{"line":522,"column":0},"end":{"line":522,"column":3}},"522":{"start":{"line":523,"column":0},"end":{"line":523,"column":40}},"523":{"start":{"line":524,"column":0},"end":{"line":524,"column":15}},"524":{"start":{"line":525,"column":0},"end":{"line":525,"column":71}},"525":{"start":{"line":526,"column":0},"end":{"line":526,"column":5}},"526":{"start":{"line":527,"column":0},"end":{"line":527,"column":3}},"527":{"start":{"line":528,"column":0},"end":{"line":528,"column":44}},"528":{"start":{"line":529,"column":0},"end":{"line":529,"column":0}},"529":{"start":{"line":530,"column":0},"end":{"line":530,"column":80}},"530":{"start":{"line":531,"column":0},"end":{"line":531,"column":5}},"531":{"start":{"line":532,"column":0},"end":{"line":532,"column":5}},"532":{"start":{"line":533,"column":0},"end":{"line":533,"column":79}},"533":{"start":{"line":534,"column":0},"end":{"line":534,"column":5}},"534":{"start":{"line":535,"column":0},"end":{"line":535,"column":5}},"535":{"start":{"line":536,"column":0},"end":{"line":536,"column":26}},"536":{"start":{"line":537,"column":0},"end":{"line":537,"column":22}},"537":{"start":{"line":538,"column":0},"end":{"line":538,"column":44}},"538":{"start":{"line":539,"column":0},"end":{"line":539,"column":0}},"539":{"start":{"line":540,"column":0},"end":{"line":540,"column":23}},"540":{"start":{"line":541,"column":0},"end":{"line":541,"column":35}},"541":{"start":{"line":542,"column":0},"end":{"line":542,"column":80}},"542":{"start":{"line":543,"column":0},"end":{"line":543,"column":51}},"543":{"start":{"line":544,"column":0},"end":{"line":544,"column":43}},"544":{"start":{"line":545,"column":0},"end":{"line":545,"column":7}},"545":{"start":{"line":546,"column":0},"end":{"line":546,"column":5}},"546":{"start":{"line":547,"column":0},"end":{"line":547,"column":53}},"547":{"start":{"line":548,"column":0},"end":{"line":548,"column":78}},"548":{"start":{"line":549,"column":0},"end":{"line":549,"column":0}},"549":{"start":{"line":550,"column":0},"end":{"line":550,"column":21}},"550":{"start":{"line":551,"column":0},"end":{"line":551,"column":36}},"551":{"start":{"line":552,"column":0},"end":{"line":552,"column":63}},"552":{"start":{"line":553,"column":0},"end":{"line":553,"column":73}},"553":{"start":{"line":554,"column":0},"end":{"line":554,"column":36}},"554":{"start":{"line":555,"column":0},"end":{"line":555,"column":36}},"555":{"start":{"line":556,"column":0},"end":{"line":556,"column":44}},"556":{"start":{"line":557,"column":0},"end":{"line":557,"column":16}},"557":{"start":{"line":558,"column":0},"end":{"line":558,"column":6}},"558":{"start":{"line":559,"column":0},"end":{"line":559,"column":4}},"559":{"start":{"line":560,"column":0},"end":{"line":560,"column":0}},"560":{"start":{"line":561,"column":0},"end":{"line":561,"column":67}},"561":{"start":{"line":562,"column":0},"end":{"line":562,"column":34}},"562":{"start":{"line":563,"column":0},"end":{"line":563,"column":30}},"563":{"start":{"line":564,"column":0},"end":{"line":564,"column":68}},"564":{"start":{"line":565,"column":0},"end":{"line":565,"column":36}},"565":{"start":{"line":566,"column":0},"end":{"line":566,"column":46}},"566":{"start":{"line":567,"column":0},"end":{"line":567,"column":51}},"567":{"start":{"line":568,"column":0},"end":{"line":568,"column":72}},"568":{"start":{"line":569,"column":0},"end":{"line":569,"column":67}},"569":{"start":{"line":570,"column":0},"end":{"line":570,"column":67}},"570":{"start":{"line":571,"column":0},"end":{"line":571,"column":80}},"571":{"start":{"line":572,"column":0},"end":{"line":572,"column":67}},"572":{"start":{"line":573,"column":0},"end":{"line":573,"column":66}},"573":{"start":{"line":574,"column":0},"end":{"line":574,"column":80}},"574":{"start":{"line":575,"column":0},"end":{"line":575,"column":71}},"575":{"start":{"line":576,"column":0},"end":{"line":576,"column":65}},"576":{"start":{"line":577,"column":0},"end":{"line":577,"column":25}},"577":{"start":{"line":578,"column":0},"end":{"line":578,"column":33}},"578":{"start":{"line":579,"column":0},"end":{"line":579,"column":44}},"579":{"start":{"line":580,"column":0},"end":{"line":580,"column":72}},"580":{"start":{"line":581,"column":0},"end":{"line":581,"column":72}},"581":{"start":{"line":582,"column":0},"end":{"line":582,"column":35}},"582":{"start":{"line":583,"column":0},"end":{"line":583,"column":51}},"583":{"start":{"line":584,"column":0},"end":{"line":584,"column":42}},"584":{"start":{"line":585,"column":0},"end":{"line":585,"column":52}},"585":{"start":{"line":586,"column":0},"end":{"line":586,"column":14}},"586":{"start":{"line":587,"column":0},"end":{"line":587,"column":52}},"587":{"start":{"line":588,"column":0},"end":{"line":588,"column":7}},"588":{"start":{"line":589,"column":0},"end":{"line":589,"column":49}},"589":{"start":{"line":590,"column":0},"end":{"line":590,"column":39}},"590":{"start":{"line":591,"column":0},"end":{"line":591,"column":7}},"591":{"start":{"line":592,"column":0},"end":{"line":592,"column":65}},"592":{"start":{"line":593,"column":0},"end":{"line":593,"column":9}},"593":{"start":{"line":594,"column":0},"end":{"line":594,"column":57}},"594":{"start":{"line":595,"column":0},"end":{"line":595,"column":47}},"595":{"start":{"line":596,"column":0},"end":{"line":596,"column":43}},"596":{"start":{"line":597,"column":0},"end":{"line":597,"column":7}},"597":{"start":{"line":598,"column":0},"end":{"line":598,"column":50}},"598":{"start":{"line":599,"column":0},"end":{"line":599,"column":50}},"599":{"start":{"line":600,"column":0},"end":{"line":600,"column":7}},"600":{"start":{"line":601,"column":0},"end":{"line":601,"column":61}},"601":{"start":{"line":602,"column":0},"end":{"line":602,"column":51}},"602":{"start":{"line":603,"column":0},"end":{"line":603,"column":46}},"603":{"start":{"line":604,"column":0},"end":{"line":604,"column":7}},"604":{"start":{"line":605,"column":0},"end":{"line":605,"column":54}},"605":{"start":{"line":606,"column":0},"end":{"line":606,"column":53}},"606":{"start":{"line":607,"column":0},"end":{"line":607,"column":7}},"607":{"start":{"line":608,"column":0},"end":{"line":608,"column":69}},"608":{"start":{"line":609,"column":0},"end":{"line":609,"column":41}},"609":{"start":{"line":610,"column":0},"end":{"line":610,"column":6}},"610":{"start":{"line":611,"column":0},"end":{"line":611,"column":10}},"611":{"start":{"line":612,"column":0},"end":{"line":612,"column":75}},"612":{"start":{"line":613,"column":0},"end":{"line":613,"column":48}},"613":{"start":{"line":614,"column":0},"end":{"line":614,"column":3}},"614":{"start":{"line":615,"column":0},"end":{"line":615,"column":1}},"615":{"start":{"line":616,"column":0},"end":{"line":616,"column":0}},"616":{"start":{"line":617,"column":0},"end":{"line":617,"column":31}},"617":{"start":{"line":618,"column":0},"end":{"line":618,"column":25}},"618":{"start":{"line":619,"column":0},"end":{"line":619,"column":0}},"619":{"start":{"line":620,"column":0},"end":{"line":620,"column":3}},"620":{"start":{"line":621,"column":0},"end":{"line":621,"column":58}},"621":{"start":{"line":622,"column":0},"end":{"line":622,"column":18}},"622":{"start":{"line":623,"column":0},"end":{"line":623,"column":3}},"623":{"start":{"line":624,"column":0},"end":{"line":624,"column":18}},"624":{"start":{"line":625,"column":0},"end":{"line":625,"column":23}},"625":{"start":{"line":626,"column":0},"end":{"line":626,"column":41}},"626":{"start":{"line":627,"column":0},"end":{"line":627,"column":0}},"627":{"start":{"line":628,"column":0},"end":{"line":628,"column":20}},"628":{"start":{"line":629,"column":0},"end":{"line":629,"column":26}},"629":{"start":{"line":630,"column":0},"end":{"line":630,"column":17}},"630":{"start":{"line":631,"column":0},"end":{"line":631,"column":68}},"631":{"start":{"line":632,"column":0},"end":{"line":632,"column":11}},"632":{"start":{"line":633,"column":0},"end":{"line":633,"column":16}},"633":{"start":{"line":634,"column":0},"end":{"line":634,"column":67}},"634":{"start":{"line":635,"column":0},"end":{"line":635,"column":11}},"635":{"start":{"line":636,"column":0},"end":{"line":636,"column":21}},"636":{"start":{"line":637,"column":0},"end":{"line":637,"column":41}},"637":{"start":{"line":638,"column":0},"end":{"line":638,"column":11}},"638":{"start":{"line":639,"column":0},"end":{"line":639,"column":3}},"639":{"start":{"line":640,"column":0},"end":{"line":640,"column":0}},"640":{"start":{"line":641,"column":0},"end":{"line":641,"column":31}},"641":{"start":{"line":642,"column":0},"end":{"line":642,"column":24}},"642":{"start":{"line":643,"column":0},"end":{"line":643,"column":28}},"643":{"start":{"line":644,"column":0},"end":{"line":644,"column":4}},"644":{"start":{"line":645,"column":0},"end":{"line":645,"column":0}},"645":{"start":{"line":646,"column":0},"end":{"line":646,"column":22}},"646":{"start":{"line":647,"column":0},"end":{"line":647,"column":25}},"647":{"start":{"line":648,"column":0},"end":{"line":648,"column":9}},"648":{"start":{"line":649,"column":0},"end":{"line":649,"column":24}},"649":{"start":{"line":650,"column":0},"end":{"line":650,"column":125}},"650":{"start":{"line":651,"column":0},"end":{"line":651,"column":59}},"651":{"start":{"line":652,"column":0},"end":{"line":652,"column":57}},"652":{"start":{"line":653,"column":0},"end":{"line":653,"column":55}},"653":{"start":{"line":654,"column":0},"end":{"line":654,"column":47}},"654":{"start":{"line":655,"column":0},"end":{"line":655,"column":54}},"655":{"start":{"line":656,"column":0},"end":{"line":656,"column":52}},"656":{"start":{"line":657,"column":0},"end":{"line":657,"column":66}},"657":{"start":{"line":658,"column":0},"end":{"line":658,"column":172}},"658":{"start":{"line":659,"column":0},"end":{"line":659,"column":26}},"659":{"start":{"line":660,"column":0},"end":{"line":660,"column":35}},"660":{"start":{"line":661,"column":0},"end":{"line":661,"column":78}},"661":{"start":{"line":662,"column":0},"end":{"line":662,"column":32}},"662":{"start":{"line":663,"column":0},"end":{"line":663,"column":25}},"663":{"start":{"line":664,"column":0},"end":{"line":664,"column":29}},"664":{"start":{"line":665,"column":0},"end":{"line":665,"column":48}},"665":{"start":{"line":666,"column":0},"end":{"line":666,"column":76}},"666":{"start":{"line":667,"column":0},"end":{"line":667,"column":48}},"667":{"start":{"line":668,"column":0},"end":{"line":668,"column":64}},"668":{"start":{"line":669,"column":0},"end":{"line":669,"column":76}},"669":{"start":{"line":670,"column":0},"end":{"line":670,"column":66}},"670":{"start":{"line":671,"column":0},"end":{"line":671,"column":34}},"671":{"start":{"line":672,"column":0},"end":{"line":672,"column":50}},"672":{"start":{"line":673,"column":0},"end":{"line":673,"column":99}},"673":{"start":{"line":674,"column":0},"end":{"line":674,"column":49}},"674":{"start":{"line":675,"column":0},"end":{"line":675,"column":69}},"675":{"start":{"line":676,"column":0},"end":{"line":676,"column":46}},"676":{"start":{"line":677,"column":0},"end":{"line":677,"column":79}},"677":{"start":{"line":678,"column":0},"end":{"line":678,"column":40}},"678":{"start":{"line":679,"column":0},"end":{"line":679,"column":33}},"679":{"start":{"line":680,"column":0},"end":{"line":680,"column":34}},"680":{"start":{"line":681,"column":0},"end":{"line":681,"column":79}},"681":{"start":{"line":682,"column":0},"end":{"line":682,"column":34}},"682":{"start":{"line":683,"column":0},"end":{"line":683,"column":58}},"683":{"start":{"line":684,"column":0},"end":{"line":684,"column":107}},"684":{"start":{"line":685,"column":0},"end":{"line":685,"column":40}},"685":{"start":{"line":686,"column":0},"end":{"line":686,"column":33}},"686":{"start":{"line":687,"column":0},"end":{"line":687,"column":34}},"687":{"start":{"line":688,"column":0},"end":{"line":688,"column":59}},"688":{"start":{"line":689,"column":0},"end":{"line":689,"column":105}},"689":{"start":{"line":690,"column":0},"end":{"line":690,"column":40}},"690":{"start":{"line":691,"column":0},"end":{"line":691,"column":33}},"691":{"start":{"line":692,"column":0},"end":{"line":692,"column":34}},"692":{"start":{"line":693,"column":0},"end":{"line":693,"column":30}},"693":{"start":{"line":694,"column":0},"end":{"line":694,"column":0}},"694":{"start":{"line":695,"column":0},"end":{"line":695,"column":26}},"695":{"start":{"line":696,"column":0},"end":{"line":696,"column":67}},"696":{"start":{"line":697,"column":0},"end":{"line":697,"column":31}},"697":{"start":{"line":698,"column":0},"end":{"line":698,"column":109}},"698":{"start":{"line":699,"column":0},"end":{"line":699,"column":47}},"699":{"start":{"line":700,"column":0},"end":{"line":700,"column":39}},"700":{"start":{"line":701,"column":0},"end":{"line":701,"column":50}},"701":{"start":{"line":702,"column":0},"end":{"line":702,"column":73}},"702":{"start":{"line":703,"column":0},"end":{"line":703,"column":78}},"703":{"start":{"line":704,"column":0},"end":{"line":704,"column":49}},"704":{"start":{"line":705,"column":0},"end":{"line":705,"column":61}},"705":{"start":{"line":706,"column":0},"end":{"line":706,"column":170}},"706":{"start":{"line":707,"column":0},"end":{"line":707,"column":46}},"707":{"start":{"line":708,"column":0},"end":{"line":708,"column":58}},"708":{"start":{"line":709,"column":0},"end":{"line":709,"column":98}},"709":{"start":{"line":710,"column":0},"end":{"line":710,"column":52}},"710":{"start":{"line":711,"column":0},"end":{"line":711,"column":45}},"711":{"start":{"line":712,"column":0},"end":{"line":712,"column":49}},"712":{"start":{"line":713,"column":0},"end":{"line":713,"column":63}},"713":{"start":{"line":714,"column":0},"end":{"line":714,"column":54}},"714":{"start":{"line":715,"column":0},"end":{"line":715,"column":71}},"715":{"start":{"line":716,"column":0},"end":{"line":716,"column":48}},"716":{"start":{"line":717,"column":0},"end":{"line":717,"column":77}},"717":{"start":{"line":718,"column":0},"end":{"line":718,"column":42}},"718":{"start":{"line":719,"column":0},"end":{"line":719,"column":33}},"719":{"start":{"line":720,"column":0},"end":{"line":720,"column":35}},"720":{"start":{"line":721,"column":0},"end":{"line":721,"column":44}},"721":{"start":{"line":722,"column":0},"end":{"line":722,"column":34}},"722":{"start":{"line":723,"column":0},"end":{"line":723,"column":25}},"723":{"start":{"line":724,"column":0},"end":{"line":724,"column":32}},"724":{"start":{"line":725,"column":0},"end":{"line":725,"column":25}},"725":{"start":{"line":726,"column":0},"end":{"line":726,"column":0}},"726":{"start":{"line":727,"column":0},"end":{"line":727,"column":92}},"727":{"start":{"line":728,"column":0},"end":{"line":728,"column":62}},"728":{"start":{"line":729,"column":0},"end":{"line":729,"column":43}},"729":{"start":{"line":730,"column":0},"end":{"line":730,"column":39}},"730":{"start":{"line":731,"column":0},"end":{"line":731,"column":44}},"731":{"start":{"line":732,"column":0},"end":{"line":732,"column":126}},"732":{"start":{"line":733,"column":0},"end":{"line":733,"column":35}},"733":{"start":{"line":734,"column":0},"end":{"line":734,"column":44}},"734":{"start":{"line":735,"column":0},"end":{"line":735,"column":34}},"735":{"start":{"line":736,"column":0},"end":{"line":736,"column":46}},"736":{"start":{"line":737,"column":0},"end":{"line":737,"column":212}},"737":{"start":{"line":738,"column":0},"end":{"line":738,"column":40}},"738":{"start":{"line":739,"column":0},"end":{"line":739,"column":33}},"739":{"start":{"line":740,"column":0},"end":{"line":740,"column":34}},"740":{"start":{"line":741,"column":0},"end":{"line":741,"column":52}},"741":{"start":{"line":742,"column":0},"end":{"line":742,"column":74}},"742":{"start":{"line":743,"column":0},"end":{"line":743,"column":41}},"743":{"start":{"line":744,"column":0},"end":{"line":744,"column":36}},"744":{"start":{"line":745,"column":0},"end":{"line":745,"column":136}},"745":{"start":{"line":746,"column":0},"end":{"line":746,"column":87}},"746":{"start":{"line":747,"column":0},"end":{"line":747,"column":41}},"747":{"start":{"line":748,"column":0},"end":{"line":748,"column":78}},"748":{"start":{"line":749,"column":0},"end":{"line":749,"column":145}},"749":{"start":{"line":750,"column":0},"end":{"line":750,"column":89}},"750":{"start":{"line":751,"column":0},"end":{"line":751,"column":41}},"751":{"start":{"line":752,"column":0},"end":{"line":752,"column":34}},"752":{"start":{"line":753,"column":0},"end":{"line":753,"column":30}},"753":{"start":{"line":754,"column":0},"end":{"line":754,"column":26}},"754":{"start":{"line":755,"column":0},"end":{"line":755,"column":22}},"755":{"start":{"line":756,"column":0},"end":{"line":756,"column":18}},"756":{"start":{"line":757,"column":0},"end":{"line":757,"column":9}},"757":{"start":{"line":758,"column":0},"end":{"line":758,"column":5}},"758":{"start":{"line":759,"column":0},"end":{"line":759,"column":13}},"759":{"start":{"line":760,"column":0},"end":{"line":760,"column":0}},"760":{"start":{"line":761,"column":0},"end":{"line":761,"column":51}},"761":{"start":{"line":762,"column":0},"end":{"line":762,"column":16}},"762":{"start":{"line":763,"column":0},"end":{"line":763,"column":111}},"763":{"start":{"line":764,"column":0},"end":{"line":764,"column":1}},"764":{"start":{"line":765,"column":0},"end":{"line":765,"column":0}},"765":{"start":{"line":766,"column":0},"end":{"line":766,"column":3}},"766":{"start":{"line":767,"column":0},"end":{"line":767,"column":35}},"767":{"start":{"line":768,"column":0},"end":{"line":768,"column":18}},"768":{"start":{"line":769,"column":0},"end":{"line":769,"column":3}},"769":{"start":{"line":770,"column":0},"end":{"line":770,"column":19}},"770":{"start":{"line":771,"column":0},"end":{"line":771,"column":41}},"771":{"start":{"line":772,"column":0},"end":{"line":772,"column":39}},"772":{"start":{"line":773,"column":0},"end":{"line":773,"column":43}},"773":{"start":{"line":774,"column":0},"end":{"line":774,"column":35}},"774":{"start":{"line":775,"column":0},"end":{"line":775,"column":10}},"775":{"start":{"line":776,"column":0},"end":{"line":776,"column":24}},"776":{"start":{"line":777,"column":0},"end":{"line":777,"column":75}},"777":{"start":{"line":778,"column":0},"end":{"line":778,"column":72}},"778":{"start":{"line":779,"column":0},"end":{"line":779,"column":0}},"779":{"start":{"line":780,"column":0},"end":{"line":780,"column":26}},"780":{"start":{"line":781,"column":0},"end":{"line":781,"column":27}},"781":{"start":{"line":782,"column":0},"end":{"line":782,"column":68}},"782":{"start":{"line":783,"column":0},"end":{"line":783,"column":26}},"783":{"start":{"line":784,"column":0},"end":{"line":784,"column":28}},"784":{"start":{"line":785,"column":0},"end":{"line":785,"column":38}},"785":{"start":{"line":786,"column":0},"end":{"line":786,"column":0}},"786":{"start":{"line":787,"column":0},"end":{"line":787,"column":31}},"787":{"start":{"line":788,"column":0},"end":{"line":788,"column":21}},"788":{"start":{"line":789,"column":0},"end":{"line":789,"column":54}},"789":{"start":{"line":790,"column":0},"end":{"line":790,"column":38}},"790":{"start":{"line":791,"column":0},"end":{"line":791,"column":0}},"791":{"start":{"line":792,"column":0},"end":{"line":792,"column":14}},"792":{"start":{"line":793,"column":0},"end":{"line":793,"column":120}},"793":{"start":{"line":794,"column":0},"end":{"line":794,"column":71}},"794":{"start":{"line":795,"column":0},"end":{"line":795,"column":44}},"795":{"start":{"line":796,"column":0},"end":{"line":796,"column":76}},"796":{"start":{"line":797,"column":0},"end":{"line":797,"column":41}},"797":{"start":{"line":798,"column":0},"end":{"line":798,"column":35}},"798":{"start":{"line":799,"column":0},"end":{"line":799,"column":30}},"799":{"start":{"line":800,"column":0},"end":{"line":800,"column":47}},"800":{"start":{"line":801,"column":0},"end":{"line":801,"column":100}},"801":{"start":{"line":802,"column":0},"end":{"line":802,"column":53}},"802":{"start":{"line":803,"column":0},"end":{"line":803,"column":41}},"803":{"start":{"line":804,"column":0},"end":{"line":804,"column":36}},"804":{"start":{"line":805,"column":0},"end":{"line":805,"column":29}},"805":{"start":{"line":806,"column":0},"end":{"line":806,"column":30}},"806":{"start":{"line":807,"column":0},"end":{"line":807,"column":72}},"807":{"start":{"line":808,"column":0},"end":{"line":808,"column":140}},"808":{"start":{"line":809,"column":0},"end":{"line":809,"column":81}},"809":{"start":{"line":810,"column":0},"end":{"line":810,"column":33}},"810":{"start":{"line":811,"column":0},"end":{"line":811,"column":26}},"811":{"start":{"line":812,"column":0},"end":{"line":812,"column":0}},"812":{"start":{"line":813,"column":0},"end":{"line":813,"column":62}},"813":{"start":{"line":814,"column":0},"end":{"line":814,"column":72}},"814":{"start":{"line":815,"column":0},"end":{"line":815,"column":86}},"815":{"start":{"line":816,"column":0},"end":{"line":816,"column":45}},"816":{"start":{"line":817,"column":0},"end":{"line":817,"column":68}},"817":{"start":{"line":818,"column":0},"end":{"line":818,"column":102}},"818":{"start":{"line":819,"column":0},"end":{"line":819,"column":81}},"819":{"start":{"line":820,"column":0},"end":{"line":820,"column":30}},"820":{"start":{"line":821,"column":0},"end":{"line":821,"column":41}},"821":{"start":{"line":822,"column":0},"end":{"line":822,"column":86}},"822":{"start":{"line":823,"column":0},"end":{"line":823,"column":84}},"823":{"start":{"line":824,"column":0},"end":{"line":824,"column":29}},"824":{"start":{"line":825,"column":0},"end":{"line":825,"column":33}},"825":{"start":{"line":826,"column":0},"end":{"line":826,"column":61}},"826":{"start":{"line":827,"column":0},"end":{"line":827,"column":60}},"827":{"start":{"line":828,"column":0},"end":{"line":828,"column":33}},"828":{"start":{"line":829,"column":0},"end":{"line":829,"column":139}},"829":{"start":{"line":830,"column":0},"end":{"line":830,"column":65}},"830":{"start":{"line":831,"column":0},"end":{"line":831,"column":46}},"831":{"start":{"line":832,"column":0},"end":{"line":832,"column":72}},"832":{"start":{"line":833,"column":0},"end":{"line":833,"column":34}},"833":{"start":{"line":834,"column":0},"end":{"line":834,"column":30}},"834":{"start":{"line":835,"column":0},"end":{"line":835,"column":26}},"835":{"start":{"line":836,"column":0},"end":{"line":836,"column":37}},"836":{"start":{"line":837,"column":0},"end":{"line":837,"column":113}},"837":{"start":{"line":838,"column":0},"end":{"line":838,"column":32}},"838":{"start":{"line":839,"column":0},"end":{"line":839,"column":25}},"839":{"start":{"line":840,"column":0},"end":{"line":840,"column":26}},"840":{"start":{"line":841,"column":0},"end":{"line":841,"column":0}},"841":{"start":{"line":842,"column":0},"end":{"line":842,"column":44}},"842":{"start":{"line":843,"column":0},"end":{"line":843,"column":35}},"843":{"start":{"line":844,"column":0},"end":{"line":844,"column":42}},"844":{"start":{"line":845,"column":0},"end":{"line":845,"column":65}},"845":{"start":{"line":846,"column":0},"end":{"line":846,"column":61}},"846":{"start":{"line":847,"column":0},"end":{"line":847,"column":36}},"847":{"start":{"line":848,"column":0},"end":{"line":848,"column":69}},"848":{"start":{"line":849,"column":0},"end":{"line":849,"column":38}},"849":{"start":{"line":850,"column":0},"end":{"line":850,"column":53}},"850":{"start":{"line":851,"column":0},"end":{"line":851,"column":69}},"851":{"start":{"line":852,"column":0},"end":{"line":852,"column":36}},"852":{"start":{"line":853,"column":0},"end":{"line":853,"column":71}},"853":{"start":{"line":854,"column":0},"end":{"line":854,"column":64}},"854":{"start":{"line":855,"column":0},"end":{"line":855,"column":38}},"855":{"start":{"line":856,"column":0},"end":{"line":856,"column":42}},"856":{"start":{"line":857,"column":0},"end":{"line":857,"column":89}},"857":{"start":{"line":858,"column":0},"end":{"line":858,"column":44}},"858":{"start":{"line":859,"column":0},"end":{"line":859,"column":37}},"859":{"start":{"line":860,"column":0},"end":{"line":860,"column":38}},"860":{"start":{"line":861,"column":0},"end":{"line":861,"column":29}},"861":{"start":{"line":862,"column":0},"end":{"line":862,"column":28}},"862":{"start":{"line":863,"column":0},"end":{"line":863,"column":36}},"863":{"start":{"line":864,"column":0},"end":{"line":864,"column":26}},"864":{"start":{"line":865,"column":0},"end":{"line":865,"column":100}},"865":{"start":{"line":866,"column":0},"end":{"line":866,"column":35}},"866":{"start":{"line":867,"column":0},"end":{"line":867,"column":42}},"867":{"start":{"line":868,"column":0},"end":{"line":868,"column":52}},"868":{"start":{"line":869,"column":0},"end":{"line":869,"column":71}},"869":{"start":{"line":870,"column":0},"end":{"line":870,"column":80}},"870":{"start":{"line":871,"column":0},"end":{"line":871,"column":51}},"871":{"start":{"line":872,"column":0},"end":{"line":872,"column":28}},"872":{"start":{"line":873,"column":0},"end":{"line":873,"column":36}},"873":{"start":{"line":874,"column":0},"end":{"line":874,"column":26}},"874":{"start":{"line":875,"column":0},"end":{"line":875,"column":22}},"875":{"start":{"line":876,"column":0},"end":{"line":876,"column":13}},"876":{"start":{"line":877,"column":0},"end":{"line":877,"column":6}},"877":{"start":{"line":878,"column":0},"end":{"line":878,"column":13}},"878":{"start":{"line":879,"column":0},"end":{"line":879,"column":0}},"879":{"start":{"line":880,"column":0},"end":{"line":880,"column":52}},"880":{"start":{"line":881,"column":0},"end":{"line":881,"column":17}},"881":{"start":{"line":882,"column":0},"end":{"line":882,"column":112}},"882":{"start":{"line":883,"column":0},"end":{"line":883,"column":1}},"883":{"start":{"line":884,"column":0},"end":{"line":884,"column":0}},"884":{"start":{"line":885,"column":0},"end":{"line":885,"column":3}},"885":{"start":{"line":886,"column":0},"end":{"line":886,"column":33}},"886":{"start":{"line":887,"column":0},"end":{"line":887,"column":18}},"887":{"start":{"line":888,"column":0},"end":{"line":888,"column":3}},"888":{"start":{"line":889,"column":0},"end":{"line":889,"column":18}},"889":{"start":{"line":890,"column":0},"end":{"line":890,"column":29}},"890":{"start":{"line":891,"column":0},"end":{"line":891,"column":9}},"891":{"start":{"line":892,"column":0},"end":{"line":892,"column":17}},"892":{"start":{"line":893,"column":0},"end":{"line":893,"column":175}},"893":{"start":{"line":894,"column":0},"end":{"line":894,"column":59}},"894":{"start":{"line":895,"column":0},"end":{"line":895,"column":64}},"895":{"start":{"line":896,"column":0},"end":{"line":896,"column":28}},"896":{"start":{"line":897,"column":0},"end":{"line":897,"column":23}},"897":{"start":{"line":898,"column":0},"end":{"line":898,"column":88}},"898":{"start":{"line":899,"column":0},"end":{"line":899,"column":72}},"899":{"start":{"line":900,"column":0},"end":{"line":900,"column":51}},"900":{"start":{"line":901,"column":0},"end":{"line":901,"column":7}},"901":{"start":{"line":902,"column":0},"end":{"line":902,"column":22}},"902":{"start":{"line":903,"column":0},"end":{"line":903,"column":63}},"903":{"start":{"line":904,"column":0},"end":{"line":904,"column":54}},"904":{"start":{"line":905,"column":0},"end":{"line":905,"column":35}},"905":{"start":{"line":906,"column":0},"end":{"line":906,"column":31}},"906":{"start":{"line":907,"column":0},"end":{"line":907,"column":36}},"907":{"start":{"line":908,"column":0},"end":{"line":908,"column":118}},"908":{"start":{"line":909,"column":0},"end":{"line":909,"column":27}},"909":{"start":{"line":910,"column":0},"end":{"line":910,"column":36}},"910":{"start":{"line":911,"column":0},"end":{"line":911,"column":26}},"911":{"start":{"line":912,"column":0},"end":{"line":912,"column":73}},"912":{"start":{"line":913,"column":0},"end":{"line":913,"column":36}},"913":{"start":{"line":914,"column":0},"end":{"line":914,"column":28}},"914":{"start":{"line":915,"column":0},"end":{"line":915,"column":22}},"915":{"start":{"line":916,"column":0},"end":{"line":916,"column":18}},"916":{"start":{"line":917,"column":0},"end":{"line":917,"column":9}},"917":{"start":{"line":918,"column":0},"end":{"line":918,"column":5}},"918":{"start":{"line":919,"column":0},"end":{"line":919,"column":13}},"919":{"start":{"line":920,"column":0},"end":{"line":920,"column":0}},"920":{"start":{"line":921,"column":0},"end":{"line":921,"column":51}},"921":{"start":{"line":922,"column":0},"end":{"line":922,"column":16}},"922":{"start":{"line":923,"column":0},"end":{"line":923,"column":125}},"923":{"start":{"line":924,"column":0},"end":{"line":924,"column":1}},"924":{"start":{"line":925,"column":0},"end":{"line":925,"column":0}},"925":{"start":{"line":926,"column":0},"end":{"line":926,"column":3}},"926":{"start":{"line":927,"column":0},"end":{"line":927,"column":47}},"927":{"start":{"line":928,"column":0},"end":{"line":928,"column":18}},"928":{"start":{"line":929,"column":0},"end":{"line":929,"column":3}},"929":{"start":{"line":930,"column":0},"end":{"line":930,"column":19}},"930":{"start":{"line":931,"column":0},"end":{"line":931,"column":59}},"931":{"start":{"line":932,"column":0},"end":{"line":932,"column":54}},"932":{"start":{"line":933,"column":0},"end":{"line":933,"column":26}},"933":{"start":{"line":934,"column":0},"end":{"line":934,"column":16}},"934":{"start":{"line":935,"column":0},"end":{"line":935,"column":12}},"935":{"start":{"line":936,"column":0},"end":{"line":936,"column":11}},"936":{"start":{"line":937,"column":0},"end":{"line":937,"column":19}},"937":{"start":{"line":938,"column":0},"end":{"line":938,"column":15}},"938":{"start":{"line":939,"column":0},"end":{"line":939,"column":11}},"939":{"start":{"line":940,"column":0},"end":{"line":940,"column":17}},"940":{"start":{"line":941,"column":0},"end":{"line":941,"column":13}},"941":{"start":{"line":942,"column":0},"end":{"line":942,"column":11}},"942":{"start":{"line":943,"column":0},"end":{"line":943,"column":18}},"943":{"start":{"line":944,"column":0},"end":{"line":944,"column":14}},"944":{"start":{"line":945,"column":0},"end":{"line":945,"column":11}},"945":{"start":{"line":946,"column":0},"end":{"line":946,"column":17}},"946":{"start":{"line":947,"column":0},"end":{"line":947,"column":13}},"947":{"start":{"line":948,"column":0},"end":{"line":948,"column":11}},"948":{"start":{"line":949,"column":0},"end":{"line":949,"column":44}},"949":{"start":{"line":950,"column":0},"end":{"line":950,"column":3}},"950":{"start":{"line":951,"column":0},"end":{"line":951,"column":1}},"951":{"start":{"line":952,"column":0},"end":{"line":952,"column":0}},"952":{"start":{"line":953,"column":0},"end":{"line":953,"column":3}},"953":{"start":{"line":954,"column":0},"end":{"line":954,"column":40}},"954":{"start":{"line":955,"column":0},"end":{"line":955,"column":28}},"955":{"start":{"line":956,"column":0},"end":{"line":956,"column":62}},"956":{"start":{"line":957,"column":0},"end":{"line":957,"column":62}},"957":{"start":{"line":958,"column":0},"end":{"line":958,"column":51}},"958":{"start":{"line":959,"column":0},"end":{"line":959,"column":3}},"959":{"start":{"line":960,"column":0},"end":{"line":960,"column":0}},"960":{"start":{"line":961,"column":0},"end":{"line":961,"column":3}},"961":{"start":{"line":962,"column":0},"end":{"line":962,"column":24}},"962":{"start":{"line":963,"column":0},"end":{"line":963,"column":25}},"963":{"start":{"line":964,"column":0},"end":{"line":964,"column":59}},"964":{"start":{"line":965,"column":0},"end":{"line":965,"column":49}},"965":{"start":{"line":966,"column":0},"end":{"line":966,"column":60}},"966":{"start":{"line":967,"column":0},"end":{"line":967,"column":66}},"967":{"start":{"line":968,"column":0},"end":{"line":968,"column":69}},"968":{"start":{"line":969,"column":0},"end":{"line":969,"column":51}},"969":{"start":{"line":970,"column":0},"end":{"line":970,"column":55}},"970":{"start":{"line":971,"column":0},"end":{"line":971,"column":51}},"971":{"start":{"line":972,"column":0},"end":{"line":972,"column":48}},"972":{"start":{"line":973,"column":0},"end":{"line":973,"column":3}},"973":{"start":{"line":974,"column":0},"end":{"line":974,"column":0}},"974":{"start":{"line":975,"column":0},"end":{"line":975,"column":3}},"975":{"start":{"line":976,"column":0},"end":{"line":976,"column":24}},"976":{"start":{"line":977,"column":0},"end":{"line":977,"column":26}},"977":{"start":{"line":978,"column":0},"end":{"line":978,"column":58}},"978":{"start":{"line":979,"column":0},"end":{"line":979,"column":48}},"979":{"start":{"line":980,"column":0},"end":{"line":980,"column":59}},"980":{"start":{"line":981,"column":0},"end":{"line":981,"column":60}},"981":{"start":{"line":982,"column":0},"end":{"line":982,"column":84}},"982":{"start":{"line":983,"column":0},"end":{"line":983,"column":64}},"983":{"start":{"line":984,"column":0},"end":{"line":984,"column":55}},"984":{"start":{"line":985,"column":0},"end":{"line":985,"column":3}},"985":{"start":{"line":986,"column":0},"end":{"line":986,"column":0}},"986":{"start":{"line":987,"column":0},"end":{"line":987,"column":3}},"987":{"start":{"line":988,"column":0},"end":{"line":988,"column":42}},"988":{"start":{"line":989,"column":0},"end":{"line":989,"column":31}},"989":{"start":{"line":990,"column":0},"end":{"line":990,"column":56}},"990":{"start":{"line":991,"column":0},"end":{"line":991,"column":76}},"991":{"start":{"line":992,"column":0},"end":{"line":992,"column":46}},"992":{"start":{"line":993,"column":0},"end":{"line":993,"column":54}},"993":{"start":{"line":994,"column":0},"end":{"line":994,"column":69}},"994":{"start":{"line":995,"column":0},"end":{"line":995,"column":57}},"995":{"start":{"line":996,"column":0},"end":{"line":996,"column":3}},"996":{"start":{"line":997,"column":0},"end":{"line":997,"column":0}},"997":{"start":{"line":998,"column":0},"end":{"line":998,"column":3}},"998":{"start":{"line":999,"column":0},"end":{"line":999,"column":41}},"999":{"start":{"line":1000,"column":0},"end":{"line":1000,"column":32}},"1000":{"start":{"line":1001,"column":0},"end":{"line":1001,"column":65}},"1001":{"start":{"line":1002,"column":0},"end":{"line":1002,"column":63}},"1002":{"start":{"line":1003,"column":0},"end":{"line":1003,"column":55}},"1003":{"start":{"line":1004,"column":0},"end":{"line":1004,"column":66}},"1004":{"start":{"line":1005,"column":0},"end":{"line":1005,"column":66}},"1005":{"start":{"line":1006,"column":0},"end":{"line":1006,"column":3}},"1006":{"start":{"line":1007,"column":0},"end":{"line":1007,"column":0}},"1007":{"start":{"line":1008,"column":0},"end":{"line":1008,"column":3}},"1008":{"start":{"line":1009,"column":0},"end":{"line":1009,"column":36}},"1009":{"start":{"line":1010,"column":0},"end":{"line":1010,"column":27}},"1010":{"start":{"line":1011,"column":0},"end":{"line":1011,"column":58}},"1011":{"start":{"line":1012,"column":0},"end":{"line":1012,"column":47}},"1012":{"start":{"line":1013,"column":0},"end":{"line":1013,"column":51}},"1013":{"start":{"line":1014,"column":0},"end":{"line":1014,"column":62}},"1014":{"start":{"line":1015,"column":0},"end":{"line":1015,"column":78}},"1015":{"start":{"line":1016,"column":0},"end":{"line":1016,"column":3}},"1016":{"start":{"line":1017,"column":0},"end":{"line":1017,"column":0}},"1017":{"start":{"line":1018,"column":0},"end":{"line":1018,"column":3}},"1018":{"start":{"line":1019,"column":0},"end":{"line":1019,"column":35}},"1019":{"start":{"line":1020,"column":0},"end":{"line":1020,"column":25}},"1020":{"start":{"line":1021,"column":0},"end":{"line":1021,"column":58}},"1021":{"start":{"line":1022,"column":0},"end":{"line":1022,"column":48}},"1022":{"start":{"line":1023,"column":0},"end":{"line":1023,"column":78}},"1023":{"start":{"line":1024,"column":0},"end":{"line":1024,"column":61}},"1024":{"start":{"line":1025,"column":0},"end":{"line":1025,"column":88}},"1025":{"start":{"line":1026,"column":0},"end":{"line":1026,"column":3}},"1026":{"start":{"line":1027,"column":0},"end":{"line":1027,"column":0}},"1027":{"start":{"line":1028,"column":0},"end":{"line":1028,"column":3}},"1028":{"start":{"line":1029,"column":0},"end":{"line":1029,"column":63}},"1029":{"start":{"line":1030,"column":0},"end":{"line":1030,"column":16}},"1030":{"start":{"line":1031,"column":0},"end":{"line":1031,"column":144}},"1031":{"start":{"line":1032,"column":0},"end":{"line":1032,"column":17}},"1032":{"start":{"line":1033,"column":0},"end":{"line":1033,"column":13}},"1033":{"start":{"line":1034,"column":0},"end":{"line":1034,"column":81}},"1034":{"start":{"line":1035,"column":0},"end":{"line":1035,"column":49}},"1035":{"start":{"line":1036,"column":0},"end":{"line":1036,"column":51}},"1036":{"start":{"line":1037,"column":0},"end":{"line":1037,"column":65}},"1037":{"start":{"line":1038,"column":0},"end":{"line":1038,"column":67}},"1038":{"start":{"line":1039,"column":0},"end":{"line":1039,"column":70}},"1039":{"start":{"line":1040,"column":0},"end":{"line":1040,"column":71}},"1040":{"start":{"line":1041,"column":0},"end":{"line":1041,"column":66}},"1041":{"start":{"line":1042,"column":0},"end":{"line":1042,"column":3}},"1042":{"start":{"line":1043,"column":0},"end":{"line":1043,"column":15}},"1043":{"start":{"line":1044,"column":0},"end":{"line":1044,"column":5}},"1044":{"start":{"line":1045,"column":0},"end":{"line":1045,"column":68}},"1045":{"start":{"line":1046,"column":0},"end":{"line":1046,"column":72}},"1046":{"start":{"line":1047,"column":0},"end":{"line":1047,"column":20}},"1047":{"start":{"line":1048,"column":0},"
[...]
,"C:\\Users\\R2D2\\Documents\\GitHub\\frontend-fundamentals-lab\\assets\\js\\utils\\date.js": {"path":"C:\\Users\\R2D2\\Documents\\GitHub\\frontend-fundamentals-lab\\assets\\js\\utils\\date.js","all":false,"statementMap":{"0":{"start":{"line":1,"column":0},"end":{"line":1,"column":3}},"1":{"start":{"line":2,"column":0},"end":{"line":2,"column":25}},"2":{"start":{"line":3,"column":0},"end":{"line":3,"column":3}},"3":{"start":{"line":4,"column":0},"end":{"line":4,"column":0}},"4":{"start":{"line":5,"column":0},"end":{"line":5,"column":3}},"5":{"start":{"line":6,"column":0},"end":{"line":6,"column":38}},"6":{"start":{"line":7,"column":0},"end":{"line":7,"column":45}},"7":{"start":{"line":8,"column":0},"end":{"line":8,"column":42}},"8":{"start":{"line":9,"column":0},"end":{"line":9,"column":3}},"9":{"start":{"line":10,"column":0},"end":{"line":10,"column":34}},"10":{"start":{"line":11,"column":0},"end":{"line":11,"column":43}},"11":{"start":{"line":12,"column":0},"end":{"line":12,"column":26}},"12":{"start":{"line":13,"column":0},"end":{"line":13,"column":45}},"13":{"start":{"line":14,"column":0},"end":{"line":14,"column":33}},"14":{"start":{"line":15,"column":0},"end":{"line":15,"column":60}},"15":{"start":{"line":16,"column":0},"end":{"line":16,"column":53}},"16":{"start":{"line":17,"column":0},"end":{"line":17,"column":34}},"17":{"start":{"line":18,"column":0},"end":{"line":18,"column":1}},"18":{"start":{"line":19,"column":0},"end":{"line":19,"column":0}},"19":{"start":{"line":20,"column":0},"end":{"line":20,"column":3}},"20":{"start":{"line":21,"column":0},"end":{"line":21,"column":40}},"21":{"start":{"line":22,"column":0},"end":{"line":22,"column":54}},"22":{"start":{"line":23,"column":0},"end":{"line":23,"column":3}},"23":{"start":{"line":24,"column":0},"end":{"line":24,"column":34}},"24":{"start":{"line":25,"column":0},"end":{"line":25,"column":31}},"25":{"start":{"line":26,"column":0},"end":{"line":26,"column":1}},"26":{"start":{"line":27,"column":0},"end":{"line":27,"column":0}},"27":{"start":{"line":28,"column":0},"end":{"line":28,"column":3}},"28":{"start":{"line":29,"column":0},"end":{"line":29,"column":44}},"29":{"start":{"line":30,"column":0},"end":{"line":30,"column":40}},"30":{"start":{"line":31,"column":0},"end":{"line":31,"column":44}},"31":{"start":{"line":32,"column":0},"end":{"line":32,"column":3}},"32":{"start":{"line":33,"column":0},"end":{"line":33,"column":36}},"33":{"start":{"line":34,"column":0},"end":{"line":34,"column":19}},"34":{"start":{"line":35,"column":0},"end":{"line":35,"column":26}},"35":{"start":{"line":36,"column":0},"end":{"line":36,"column":0}},"36":{"start":{"line":37,"column":0},"end":{"line":37,"column":39}},"37":{"start":{"line":38,"column":0},"end":{"line":38,"column":32}},"38":{"start":{"line":39,"column":0},"end":{"line":39,"column":36}},"39":{"start":{"line":40,"column":0},"end":{"line":40,"column":33}},"40":{"start":{"line":41,"column":0},"end":{"line":41,"column":3}},"41":{"start":{"line":42,"column":0},"end":{"line":42,"column":0}},"42":{"start":{"line":43,"column":0},"end":{"line":43,"column":15}},"43":{"start":{"line":44,"column":0},"end":{"line":44,"column":1}},"44":{"start":{"line":45,"column":0},"end":{"line":45,"column":0}},"45":{"start":{"line":46,"column":0},"end":{"line":46,"column":3}},"46":{"start":{"line":47,"column":0},"end":{"line":47,"column":43}},"47":{"start":{"line":48,"column":0},"end":{"line":48,"column":56}},"48":{"start":{"line":49,"column":0},"end":{"line":49,"column":41}},"49":{"start":{"line":50,"column":0},"end":{"line":50,"column":3}},"50":{"start":{"line":51,"column":0},"end":{"line":51,"column":50}},"51":{"start":{"line":52,"column":0},"end":{"line":52,"column":24}},"52":{"start":{"line":53,"column":0},"end":{"line":53,"column":30}},"53":{"start":{"line":54,"column":0},"end":{"line":54,"column":42}},"54":{"start":{"line":55,"column":0},"end":{"line":55,"column":42}},"55":{"start":{"line":56,"column":0},"end":{"line":56,"column":42}},"56":{"start":{"line":57,"column":0},"end":{"line":57,"column":0}},"57":{"start":{"line":58,"column":0},"end":{"line":58,"column":73}},"58":{"start":{"line":59,"column":0},"end":{"line":59,"column":82}},"59":{"start":{"line":60,"column":0},"end":{"line":60,"column":78}},"60":{"start":{"line":61,"column":0},"end":{"line":61,"column":75}},"61":{"start":{"line":62,"column":0},"end":{"line":62,"column":49}},"62":{"start":{"line":63,"column":0},"end":{"line":63,"column":1}},"63":{"start":{"line":64,"column":0},"end":{"line":64,"column":0}},"64":{"start":{"line":65,"column":0},"end":{"line":65,"column":3}},"65":{"start":{"line":66,"column":0},"end":{"line":66,"column":43}},"66":{"start":{"line":67,"column":0},"end":{"line":67,"column":40}},"67":{"start":{"line":68,"column":0},"end":{"line":68,"column":51}},"68":{"start":{"line":69,"column":0},"end":{"line":69,"column":50}},"69":{"start":{"line":70,"column":0},"end":{"line":70,"column":3}},"70":{"start":{"line":71,"column":0},"end":{"line":71,"column":56}},"71":{"start":{"line":72,"column":0},"end":{"line":72,"column":20}},"72":{"start":{"line":73,"column":0},"end":{"line":73,"column":26}},"73":{"start":{"line":74,"column":0},"end":{"line":74,"column":0}},"74":{"start":{"line":75,"column":0},"end":{"line":75,"column":34}},"75":{"start":{"line":76,"column":0},"end":{"line":76,"column":32}},"76":{"start":{"line":77,"column":0},"end":{"line":77,"column":36}},"77":{"start":{"line":78,"column":0},"end":{"line":78,"column":36}},"78":{"start":{"line":79,"column":0},"end":{"line":79,"column":50}},"79":{"start":{"line":80,"column":0},"end":{"line":80,"column":3}},"80":{"start":{"line":81,"column":0},"end":{"line":81,"column":0}},"81":{"start":{"line":82,"column":0},"end":{"line":82,"column":16}},"82":{"start":{"line":83,"column":0},"end":{"line":83,"column":1}}},"s":{"0":1,"1":1,"2":1,"3":1,"4":1,"5":1,"6":1,"7":1,"8":1,"9":1,"10":24,"11":24,"12":24,"13":24,"14":24,"15":24,"16":24,"17":24,"18":1,"19":1,"20":1,"21":1,"22":1,"23":1,"24":1,"25":1,"26":1,"27":1,"28":1,"29":1,"30":1,"31":1,"32":1,"33":1,"34":1,"35":1,"36":1,"37":7,"38":7,"39":7,"40":7,"41":1,"42":1,"43":1,"44":1,"45":1,"46":1,"47":1,"48":1,"49":1,"50":1,"51":3,"52":3,"53":3,"54":3,"55":3,"56":3,"57":3,"58":3,"59":1,"60":0,"61":0,"62":0,"63":1,"64":1,"65":1,"66":1,"67":1,"68":1,"69":1,"70":1,"71":0,"72":0,"73":0,"74":0,"75":0,"76":0,"77":0,"78":0,"79":0,"80":0,"81":0,"82":0},"branchMap":{"0":{"type":"branch","line":10,"loc":{"start":{"line":10,"column":7},"end":{"line":18,"column":1}},"locations":[{"start":{"line":10,"column":7},"end":{"line":18,"column":1}}]},"1":{"type":"branch","line":11,"loc":{"start":{"line":11,"column":32},"end":{"line":11,"column":43}},"locations":[{"start":{"line":11,"column":32},"end":{"line":11,"column":43}}]},"2":{"type":"branch","line":24,"loc":{"start":{"line":24,"column":7},"end":{"line":26,"column":1}},"locations":[{"start":{"line":24,"column":7},"end":{"line":26,"column":1}}]},"3":{"type":"branch","line":33,"loc":{"start":{"line":33,"column":7},"end":{"line":44,"column":1}},"locations":[{"start":{"line":33,"column":7},"end":{"line":44,"column":1}}]},"4":{"type":"branch","line":37,"loc":{"start":{"line":37,"column":38},"end":{"line":41,"column":3}},"locations":[{"start":{"line":37,"column":38},"end":{"line":41,"column":3}}]},"5":{"type":"branch","line":51,"loc":{"start":{"line":51,"column":7},"end":{"line":63,"column":1}},"locations":[{"start":{"line":51,"column":7},"end":{"line":63,"column":1}}]},"6":{"type":"branch","line":58,"loc":{"start":{"line":58,"column":19},"end":{"line":58,"column":73}},"locations":[{"start":{"line":58,"column":19},"end":{"line":58,"column":73}}]},"7":{"type":"branch","line":58,"loc":{"start":{"line":58,"column":60},"end":{"line":58,"column":73}},"locations":[{"start":{"line":58,"column":60},"end":{"line":58,"column":73}}]},"8":{"type":"branch","line":58,"loc":{"start":{"line":58,"column":72},"end":{"line":59,"column":20}},"locations":[{"start":{"line":58,"column":72},"end":{"line":59,"column":20}}]},"9":{"type":"branch","line":59,"loc":{"start":{"line":59,"column":20},"end":{"line":60,"column":78}},"locations":[{"start":{"line":59,"column":20},"end":{"line":60,"column":78}}]},"10":{"type":"branch","line":59,"loc":{"start":{"line":59,"column":72},"end":{"line":59,"column":80}},"locations":[{"start":{"line":59,"column":72},"end":{"line":59,"column":80}}]},"11":{"type":"branch","line":60,"loc":{"start":{"line":60,"column":68},"end":{"line":60,"column":76}},"locations":[{"start":{"line":60,"column":68},"end":{"line":60,"column":76}}]},"12":{"type":"branch","line":60,"loc":{"start":{"line":60,"column":77},"end":{"line":63,"column":1}},"locations":[{"start":{"line":60,"column":77},"end":{"line":63,"column":1}}]}},"b":{"0":[24],"1":[0],"2":[1],"3":[1],"4":[7],"5":[3],"6":[1],"7":[0],"8":[2],"9":[1],"10":[0],"11":[0],"12":[0]},"fnMap":{"0":{"name":"formatDate","decl":{"start":{"line":10,"column":7},"end":{"line":18,"column":1}},"loc":{"start":{"line":10,"column":7},"end":{"line":18,"column":1}},"line":10},"1":{"name":"getTodayString","decl":{"start":{"line":24,"column":7},"end":{"line":26,"column":1}},"loc":{"start":{"line":24,"column":7},"end":{"line":26,"column":1}},"line":24},"2":{"name":"getLastNDays","decl":{"start":{"line":33,"column":7},"end":{"line":44,"column":1}},"loc":{"start":{"line":33,"column":7},"end":{"line":44,"column":1}},"line":33},"3":{"name":"getRelativeTime","decl":{"start":{"line":51,"column":7},"end":{"line":63,"column":1}},"loc":{"start":{"line":51,"column":7},"end":{"line":63,"column":1}},"line":51},"4":{"name":"generatePastRecords","decl":{"start":{"line":71,"column":7},"end":{"line":83,"column":1}},"loc":{"start":{"line":71,"column":7},"end":{"line":83,"column":1}},"line":71}},"f":{"0":24,"1":1,"2":1,"3":3,"4":0}}
,"C:\\Users\\R2D2\\Documents\\GitHub\\frontend-fundamentals-lab\\assets\\js\\utils\\html.js": {"path":"C:\\Users\\R2D2\\Documents\\GitHub\\frontend-fundamentals-lab\\assets\\js\\utils\\html.js","all":false,"statementMap":{"0":{"start":{"line":1,"column":0},"end":{"line":1,"column":3}},"1":{"start":{"line":2,"column":0},"end":{"line":2,"column":25}},"2":{"start":{"line":3,"column":0},"end":{"line":3,"column":3}},"3":{"start":{"line":4,"column":0},"end":{"line":4,"column":0}},"4":{"start":{"line":5,"column":0},"end":{"line":5,"column":3}},"5":{"start":{"line":6,"column":0},"end":{"line":6,"column":34}},"6":{"start":{"line":7,"column":0},"end":{"line":7,"column":40}},"7":{"start":{"line":8,"column":0},"end":{"line":8,"column":33}},"8":{"start":{"line":9,"column":0},"end":{"line":9,"column":3}},"9":{"start":{"line":10,"column":0},"end":{"line":10,"column":34}},"10":{"start":{"line":11,"column":0},"end":{"line":11,"column":41}},"11":{"start":{"line":12,"column":0},"end":{"line":12,"column":43}},"12":{"start":{"line":13,"column":0},"end":{"line":13,"column":24}},"13":{"start":{"line":14,"column":0},"end":{"line":14,"column":22}},"14":{"start":{"line":15,"column":0},"end":{"line":15,"column":1}},"15":{"start":{"line":16,"column":0},"end":{"line":16,"column":0}},"16":{"start":{"line":17,"column":0},"end":{"line":17,"column":3}},"17":{"start":{"line":18,"column":0},"end":{"line":18,"column":38}},"18":{"start":{"line":19,"column":0},"end":{"line":19,"column":37}},"19":{"start":{"line":20,"column":0},"end":{"line":20,"column":41}},"20":{"start":{"line":21,"column":0},"end":{"line":21,"column":3}},"21":{"start":{"line":22,"column":0},"end":{"line":22,"column":45}},"22":{"start":{"line":23,"column":0},"end":{"line":23,"column":53}},"23":{"start":{"line":24,"column":0},"end":{"line":24,"column":34}},"24":{"start":{"line":25,"column":0},"end":{"line":25,"column":36}},"25":{"start":{"line":26,"column":0},"end":{"line":26,"column":1}},"26":{"start":{"line":27,"column":0},"end":{"line":27,"column":0}},"27":{"start":{"line":28,"column":0},"end":{"line":28,"column":3}},"28":{"start":{"line":29,"column":0},"end":{"line":29,"column":27}},"29":{"start":{"line":30,"column":0},"end":{"line":30,"column":48}},"30":{"start":{"line":31,"column":0},"end":{"line":31,"column":37}},"31":{"start":{"line":32,"column":0},"end":{"line":32,"column":3}},"32":{"start":{"line":33,"column":0},"end":{"line":33,"column":47}},"33":{"start":{"line":34,"column":0},"end":{"line":34,"column":16}},"34":{"start":{"line":35,"column":0},"end":{"line":35,"column":30}},"35":{"start":{"line":36,"column":0},"end":{"line":36,"column":3}},"36":{"start":{"line":37,"column":0},"end":{"line":37,"column":1}},"37":{"start":{"line":38,"column":0},"end":{"line":38,"column":0}},"38":{"start":{"line":39,"column":0},"end":{"line":39,"column":3}},"39":{"start":{"line":40,"column":0},"end":{"line":40,"column":27}},"40":{"start":{"line":41,"column":0},"end":{"line":41,"column":48}},"41":{"start":{"line":42,"column":0},"end":{"line":42,"column":37}},"42":{"start":{"line":43,"column":0},"end":{"line":43,"column":3}},"43":{"start":{"line":44,"column":0},"end":{"line":44,"column":47}},"44":{"start":{"line":45,"column":0},"end":{"line":45,"column":16}},"45":{"start":{"line":46,"column":0},"end":{"line":46,"column":28}},"46":{"start":{"line":47,"column":0},"end":{"line":47,"column":3}},"47":{"start":{"line":48,"column":0},"end":{"line":48,"column":1}}},"s":{"0":1,"1":1,"2":1,"3":1,"4":1,"5":1,"6":1,"7":1,"8":1,"9":1,"10":4,"11":3,"12":3,"13":3,"14":3,"15":1,"16":1,"17":1,"18":1,"19":1,"20":1,"21":1,"22":0,"23":0,"24":0,"25":0,"26":1,"27":1,"28":1,"29":1,"30":1,"31":1,"32":1,"33":0,"34":0,"35":0,"36":0,"37":1,"38":1,"39":1,"40":1,"41":1,"42":1,"43":1,"44":0,"45":0,"46":0,"47":0},"branchMap":{"0":{"type":"branch","line":10,"loc":{"start":{"line":10,"column":7},"end":{"line":15,"column":1}},"locations":[{"start":{"line":10,"column":7},"end":{"line":15,"column":1}}]},"1":{"type":"branch","line":11,"loc":{"start":{"line":11,"column":32},"end":{"line":11,"column":41}},"locations":[{"start":{"line":11,"column":32},"end":{"line":11,"column":41}}]},"2":{"type":"branch","line":11,"loc":{"start":{"line":11,"column":40},"end":{"line":15,"column":1}},"locations":[{"start":{"line":11,"column":40},"end":{"line":15,"column":1}}]}},"b":{"0":[4],"1":[1],"2":[3]},"fnMap":{"0":{"name":"escapeHtml","decl":{"start":{"line":10,"column":7},"end":{"line":15,"column":1}},"loc":{"start":{"line":10,"column":7},"end":{"line":15,"column":1}},"line":10},"1":{"name":"createElementFromHtml","decl":{"start":{"line":22,"column":7},"end":{"line":26,"column":1}},"loc":{"start":{"line":22,"column":7},"end":{"line":26,"column":1}},"line":22},"2":{"name":"setTextContent","decl":{"start":{"line":33,"column":7},"end":{"line":37,"column":1}},"loc":{"start":{"line":33,"column":7},"end":{"line":37,"column":1}},"line":33},"3":{"name":"setHtmlContent","decl":{"start":{"line":44,"column":7},"end":{"line":48,"column":1}},"loc":{"start":{"line":44,"column":7},"end":{"line":48,"column":1}},"line":44}},"f":{"0":4,"1":0,"2":0,"3":0}}
,"C:\\Users\\R2D2\\Documents\\GitHub\\frontend-fundamentals-lab\\assets\\js\\utils\\id.js": {"path":"C:\\Users\\R2D2\\Documents\\GitHub\\frontend-fundamentals-lab\\assets\\js\\utils\\id.js","all":false,"statementMap":{"0":{"start":{"line":1,"column":0},"end":{"line":1,"column":3}},"1":{"start":{"line":2,"column":0},"end":{"line":2,"column":38}},"2":{"start":{"line":3,"column":0},"end":{"line":3,"column":3}},"3":{"start":{"line":4,"column":0},"end":{"line":4,"column":0}},"4":{"start":{"line":5,"column":0},"end":{"line":5,"column":3}},"5":{"start":{"line":6,"column":0},"end":{"line":6,"column":60}},"6":{"start":{"line":7,"column":0},"end":{"line":7,"column":38}},"7":{"start":{"line":8,"column":0},"end":{"line":8,"column":3}},"8":{"start":{"line":9,"column":0},"end":{"line":9,"column":30}},"9":{"start":{"line":10,"column":0},"end":{"line":10,"column":74}},"10":{"start":{"line":11,"column":0},"end":{"line":11,"column":1}},"11":{"start":{"line":12,"column":0},"end":{"line":12,"column":0}},"12":{"start":{"line":13,"column":0},"end":{"line":13,"column":3}},"13":{"start":{"line":14,"column":0},"end":{"line":14,"column":34}},"14":{"start":{"line":15,"column":0},"end":{"line":15,"column":52}},"15":{"start":{"line":16,"column":0},"end":{"line":16,"column":42}},"16":{"start":{"line":17,"column":0},"end":{"line":17,"column":3}},"17":{"start":{"line":18,"column":0},"end":{"line":18,"column":36}},"18":{"start":{"line":19,"column":0},"end":{"line":19,"column":58}},"19":{"start":{"line":20,"column":0},"end":{"line":20,"column":1}},"20":{"start":{"line":21,"column":0},"end":{"line":21,"column":0}},"21":{"start":{"line":22,"column":0},"end":{"line":22,"column":3}},"22":{"start":{"line":23,"column":0},"end":{"line":23,"column":45}},"23":{"start":{"line":24,"column":0},"end":{"line":24,"column":38}},"24":{"start":{"line":25,"column":0},"end":{"line":25,"column":35}},"25":{"start":{"line":26,"column":0},"end":{"line":26,"column":3}},"26":{"start":{"line":27,"column":0},"end":{"line":27,"column":31}},"27":{"start":{"line":28,"column":0},"end":{"line":28,"column":50}},"28":{"start":{"line":29,"column":0},"end":{"line":29,"column":1}}},"s":{"0":1,"1":1,"2":1,"3":1,"4":1,"5":1,"6":1,"7":1,"8":1,"9":24,"10":24,"11":1,"12":1,"13":1,"14":1,"15":1,"16":1,"17":1,"18":0,"19":0,"20":1,"21":1,"22":1,"23":1,"24":1,"25":1,"26":1,"27":3,"28":3},"branchMap":{"0":{"type":"branch","line":9,"loc":{"start":{"line":9,"column":7},"end":{"line":11,"column":1}},"locations":[{"start":{"line":9,"column":7},"end":{"line":11,"column":1}}]},"1":{"type":"branch","line":27,"loc":{"start":{"line":27,"column":7},"end":{"line":29,"column":1}},"locations":[{"start":{"line":27,"column":7},"end":{"line":29,"column":1}}]},"2":{"type":"branch","line":28,"loc":{"start":{"line":28,"column":32},"end":{"line":28,"column":50}},"locations":[{"start":{"line":28,"column":32},"end":{"line":28,"column":50}}]}},"b":{"0":[24],"1":[3],"2":[2]},"fnMap":{"0":{"name":"generateId","decl":{"start":{"line":9,"column":7},"end":{"line":11,"column":1}},"loc":{"start":{"line":9,"column":7},"end":{"line":11,"column":1}},"line":9},"1":{"name":"generateIds","decl":{"start":{"line":18,"column":7},"end":{"line":20,"column":1}},"loc":{"start":{"line":18,"column":7},"end":{"line":20,"column":1}},"line":18},"2":{"name":"isValidId","decl":{"start":{"line":27,"column":7},"end":{"line":29,"column":1}},"loc":{"start":{"line":27,"column":7},"end":{"line":29,"column":1}},"line":27}},"f":{"0":24,"1":0,"2":3}}
}
