{"C:\\Users\\R2D2\\Documents\\GitHub\\frontend-fundamentals-lab\\sw.js": {"path":"C:\\Users\\R2D2\\Documents\\GitHub\\frontend-fundamentals-lab\\sw.js","all":true,"statementMap":{"0":{"start":{"line":1,"column":0},"end":{"line":1,"column":33}},"1":{"start":{"line":2,"column":0},"end":{"line":2,"column":21}},"2":{"start":{"line":3,"column":0},"end":{"line":3,"column":6}},"3":{"start":{"line":4,"column":0},"end":{"line":4,"column":16}},"4":{"start":{"line":5,"column":0},"end":{"line":5,"column":33}},"5":{"start":{"line":6,"column":0},"end":{"line":6,"column":27}},"6":{"start":{"line":7,"column":0},"end":{"line":7,"column":28}},"7":{"start":{"line":8,"column":0},"end":{"line":8,"column":22}},"8":{"start":{"line":9,"column":0},"end":{"line":9,"column":24}},"9":{"start":{"line":10,"column":0},"end":{"line":10,"column":28}},"10":{"start":{"line":11,"column":0},"end":{"line":11,"column":27}},"11":{"start":{"line":12,"column":0},"end":{"line":12,"column":1}},"12":{"start":{"line":13,"column":0},"end":{"line":13,"column":0}},"13":{"start":{"line":14,"column":0},"end":{"line":14,"column":43}},"14":{"start":{"line":15,"column":0},"end":{"line":15,"column":63}},"15":{"start":{"line":16,"column":0},"end":{"line":16,"column":20}},"16":{"start":{"line":17,"column":0},"end":{"line":17,"column":18}},"17":{"start":{"line":18,"column":0},"end":{"line":18,"column":68}},"18":{"start":{"line":19,"column":0},"end":{"line":19,"column":3}},"19":{"start":{"line":20,"column":0},"end":{"line":20,"column":2}},"20":{"start":{"line":21,"column":0},"end":{"line":21,"column":0}},"21":{"start":{"line":22,"column":0},"end":{"line":22,"column":41}},"22":{"start":{"line":23,"column":0},"end":{"line":23,"column":27}},"23":{"start":{"line":24,"column":0},"end":{"line":24,"column":0}},"24":{"start":{"line":25,"column":0},"end":{"line":25,"column":38}},"25":{"start":{"line":26,"column":0},"end":{"line":26,"column":38}},"26":{"start":{"line":27,"column":0},"end":{"line":27,"column":0}},"27":{"start":{"line":28,"column":0},"end":{"line":28,"column":38}},"28":{"start":{"line":29,"column":0},"end":{"line":29,"column":6}},"29":{"start":{"line":30,"column":0},"end":{"line":30,"column":41}},"30":{"start":{"line":31,"column":0},"end":{"line":31,"column":39}},"31":{"start":{"line":32,"column":0},"end":{"line":32,"column":35}},"32":{"start":{"line":33,"column":0},"end":{"line":33,"column":5}},"33":{"start":{"line":34,"column":0},"end":{"line":34,"column":22}},"34":{"start":{"line":35,"column":0},"end":{"line":35,"column":20}},"35":{"start":{"line":36,"column":0},"end":{"line":36,"column":27}},"36":{"start":{"line":37,"column":0},"end":{"line":37,"column":48}},"37":{"start":{"line":38,"column":0},"end":{"line":38,"column":16}},"38":{"start":{"line":39,"column":0},"end":{"line":39,"column":29}},"39":{"start":{"line":40,"column":0},"end":{"line":40,"column":61}},"40":{"start":{"line":41,"column":0},"end":{"line":41,"column":25}},"41":{"start":{"line":42,"column":0},"end":{"line":42,"column":10}},"42":{"start":{"line":43,"column":0},"end":{"line":43,"column":43}},"43":{"start":{"line":44,"column":0},"end":{"line":44,"column":5}},"44":{"start":{"line":45,"column":0},"end":{"line":45,"column":10}},"45":{"start":{"line":46,"column":0},"end":{"line":46,"column":3}},"46":{"start":{"line":47,"column":0},"end":{"line":47,"column":0}},"47":{"start":{"line":48,"column":0},"end":{"line":48,"column":38}},"48":{"start":{"line":49,"column":0},"end":{"line":49,"column":76}},"49":{"start":{"line":50,"column":0},"end":{"line":50,"column":22}},"50":{"start":{"line":51,"column":0},"end":{"line":51,"column":20}},"51":{"start":{"line":52,"column":0},"end":{"line":52,"column":27}},"52":{"start":{"line":53,"column":0},"end":{"line":53,"column":48}},"53":{"start":{"line":54,"column":0},"end":{"line":54,"column":82}},"54":{"start":{"line":55,"column":0},"end":{"line":55,"column":25}},"55":{"start":{"line":56,"column":0},"end":{"line":56,"column":10}},"56":{"start":{"line":57,"column":0},"end":{"line":57,"column":43}},"57":{"start":{"line":58,"column":0},"end":{"line":58,"column":5}},"58":{"start":{"line":59,"column":0},"end":{"line":59,"column":10}},"59":{"start":{"line":60,"column":0},"end":{"line":60,"column":3}},"60":{"start":{"line":61,"column":0},"end":{"line":61,"column":0}},"61":{"start":{"line":62,"column":0},"end":{"line":62,"column":48}},"62":{"start":{"line":63,"column":0},"end":{"line":63,"column":20}},"63":{"start":{"line":64,"column":0},"end":{"line":64,"column":44}},"64":{"start":{"line":65,"column":0},"end":{"line":65,"column":39}},"65":{"start":{"line":66,"column":0},"end":{"line":66,"column":6}},"66":{"start":{"line":67,"column":0},"end":{"line":67,"column":3}},"67":{"start":{"line":68,"column":0},"end":{"line":68,"column":2}},"68":{"start":{"line":69,"column":0},"end":{"line":69,"column":0}},"69":{"start":{"line":70,"column":0},"end":{"line":70,"column":44}},"70":{"start":{"line":71,"column":0},"end":{"line":71,"column":54}},"71":{"start":{"line":72,"column":0},"end":{"line":72,"column":17}},"72":{"start":{"line":73,"column":0},"end":{"line":73,"column":18}},"73":{"start":{"line":74,"column":0},"end":{"line":74,"column":10}},"74":{"start":{"line":75,"column":0},"end":{"line":75,"column":13}},"75":{"start":{"line":76,"column":0},"end":{"line":76,"column":19}},"76":{"start":{"line":77,"column":0},"end":{"line":77,"column":20}},"77":{"start":{"line":78,"column":0},"end":{"line":78,"column":79}},"78":{"start":{"line":79,"column":0},"end":{"line":79,"column":9}},"79":{"start":{"line":80,"column":0},"end":{"line":80,"column":7}},"80":{"start":{"line":81,"column":0},"end":{"line":81,"column":3}},"81":{"start":{"line":82,"column":0},"end":{"line":82,"column":2}}},"s":{"0":0,"1":0,"2":0,"3":0,"4":0,"5":0,"6":0,"7":0,"8":0,"9":0,"10":0,"11":0,"12":0,"13":0,"14":0,"15":0,"16":0,"17":0,"18":0,"19":0,"20":0,"21":0,"22":0,"23":0,"24":0,"25":0,"26":0,"27":0,"28":0,"29":0,"30":0,"31":0,"32":0,"33":0,"34":0,"35":0,"36":0,"37":0,"38":0,"39":0,"40":0,"41":0,"42":0,"43":0,"44":0,"45":0,"46":0,"47":0,"48":0,"49":0,"50":0,"51":0,"52":0,"53":0,"54":0,"55":0,"56":0,"57":0,"58":0,"59":0,"60":0,"61":0,"62":0,"63":0,"64":0,"65":0,"66":0,"67":0,"68":0,"69":0,"70":0,"71":0,"72":0,"73":0,"74":0,"75":0,"76":0,"77":0,"78":0,"79":0,"80":0,"81":0},"branchMap":{"0":{"type":"branch","line":1,"loc":{"start":{"line":1,"column":2131},"end":{"line":82,"column":2}},"locations":[{"start":{"line":1,"column":2131},"end":{"line":82,"column":2}}]}},"b":{"0":[0]},"fnMap":{"0":{"name":"(empty-report)","decl":{"start":{"line":1,"column":2131},"end":{"line":82,"column":2}},"loc":{"start":{"line":1,"column":2131},"end":{"line":82,"column":2}},"line":1}},"f":{"0":0}}
,"C:\\Users\\R2D2\\Documents\\GitHub\\frontend-fundamentals-lab\\tailwind.config.cjs": {"path":"C:\\Users\\R2D2\\Documents\\GitHub\\frontend-fundamentals-lab\\tailwind.config.cjs","all":true,"statementMap":{"0":{"start":{"line":1,"column":0},"end":{"line":1,"column":18}},"1":{"start":{"line":2,"column":0},"end":{"line":2,"column":20}},"2":{"start":{"line":3,"column":0},"end":{"line":3,"column":51}},"3":{"start":{"line":4,"column":0},"end":{"line":4,"column":10}},"4":{"start":{"line":5,"column":0},"end":{"line":5,"column":13}},"5":{"start":{"line":6,"column":0},"end":{"line":6,"column":15}},"6":{"start":{"line":7,"column":0},"end":{"line":7,"column":13}},"7":{"start":{"line":8,"column":0},"end":{"line":8,"column":29}},"8":{"start":{"line":9,"column":0},"end":{"line":9,"column":36}},"9":{"start":{"line":10,"column":0},"end":{"line":10,"column":31}},"10":{"start":{"line":11,"column":0},"end":{"line":11,"column":28}},"11":{"start":{"line":12,"column":0},"end":{"line":12,"column":29}},"12":{"start":{"line":13,"column":0},"end":{"line":13,"column":26}},"13":{"start":{"line":14,"column":0},"end":{"line":14,"column":28}},"14":{"start":{"line":15,"column":0},"end":{"line":15,"column":25}},"15":{"start":{"line":16,"column":0},"end":{"line":16,"column":9}},"16":{"start":{"line":17,"column":0},"end":{"line":17,"column":7}},"17":{"start":{"line":18,"column":0},"end":{"line":18,"column":5}},"18":{"start":{"line":19,"column":0},"end":{"line":19,"column":3}},"19":{"start":{"line":20,"column":0},"end":{"line":20,"column":1}}},"s":{"0":0,"1":0,"2":0,"3":0,"4":0,"5":0,"6":0,"7":0,"8":0,"9":0,"10":0,"11":0,"12":0,"13":0,"14":0,"15":0,"16":0,"17":0,"18":0,"19":0},"branchMap":{"0":{"type":"branch","line":1,"loc":{"start":{"line":1,"column":416},"end":{"line":20,"column":1}},"locations":[{"start":{"line":1,"column":416},"end":{"line":20,"column":1}}]}},"b":{"0":[0]},"fnMap":{"0":{"name":"(empty-report)","decl":{"start":{"line":1,"column":416},"end":{"line":20,"column":1}},"loc":{"start":{"line":1,"column":416},"end":{"line":20,"column":1}},"line":1}},"f":{"0":0}}
,"C:\\Users\\R2D2\\Documents\\GitHub\\frontend-fundamentals-lab\\assets\\js\\app.js": {"path":"C:\\Users\\R2D2\\Documents\\GitHub\\frontend-fundamentals-lab\\assets\\js\\app.js","all":true,"statementMap":{"0":{"start":{"line":1,"column":0},"end":{"line":1,"column":3}},"1":{"start":{"line":2,"column":0},"end":{"line":2,"column":63}},"2":{"start":{"line":3,"column":0},"end":{"line":3,"column":44}},"3":{"start":{"line":4,"column":0},"end":{"line":4,"column":57}},"4":{"start":{"line":5,"column":0},"end":{"line":5,"column":3}},"5":{"start":{"line":6,"column":0},"end":{"line":6,"column":23}},"6":{"start":{"line":7,"column":0},"end":{"line":7,"column":54}},"7":{"start":{"line":8,"column":0},"end":{"line":8,"column":44}},"8":{"start":{"line":9,"column":0},"end":{"line":9,"column":14}},"9":{"start":{"line":10,"column":0},"end":{"line":10,"column":3}},"10":{"start":{"line":11,"column":0},"end":{"line":11,"column":29}},"11":{"start":{"line":12,"column":0},"end":{"line":12,"column":1}},"12":{"start":{"line":13,"column":0},"end":{"line":13,"column":0}},"13":{"start":{"line":14,"column":0},"end":{"line":14,"column":3}},"14":{"start":{"line":15,"column":0},"end":{"line":15,"column":42}},"15":{"start":{"line":16,"column":0},"end":{"line":16,"column":3}},"16":{"start":{"line":17,"column":0},"end":{"line":17,"column":14}},"17":{"start":{"line":18,"column":0},"end":{"line":18,"column":17}},"18":{"start":{"line":19,"column":0},"end":{"line":19,"column":21}},"19":{"start":{"line":20,"column":0},"end":{"line":20,"column":102}},"20":{"start":{"line":21,"column":0},"end":{"line":21,"column":31}},"21":{"start":{"line":22,"column":0},"end":{"line":22,"column":30}},"22":{"start":{"line":23,"column":0},"end":{"line":23,"column":23}},"23":{"start":{"line":24,"column":0},"end":{"line":24,"column":39}},"24":{"start":{"line":25,"column":0},"end":{"line":25,"column":0}},"25":{"start":{"line":26,"column":0},"end":{"line":26,"column":29}},"26":{"start":{"line":27,"column":0},"end":{"line":27,"column":18}},"27":{"start":{"line":28,"column":0},"end":{"line":28,"column":18}},"28":{"start":{"line":29,"column":0},"end":{"line":29,"column":16}},"29":{"start":{"line":30,"column":0},"end":{"line":30,"column":16}},"30":{"start":{"line":31,"column":0},"end":{"line":31,"column":17}},"31":{"start":{"line":32,"column":0},"end":{"line":32,"column":75}},"32":{"start":{"line":33,"column":0},"end":{"line":33,"column":17}},"33":{"start":{"line":34,"column":0},"end":{"line":34,"column":22}},"34":{"start":{"line":35,"column":0},"end":{"line":35,"column":24}},"35":{"start":{"line":36,"column":0},"end":{"line":36,"column":26}},"36":{"start":{"line":37,"column":0},"end":{"line":37,"column":35}},"37":{"start":{"line":38,"column":0},"end":{"line":38,"column":7}},"38":{"start":{"line":39,"column":0},"end":{"line":39,"column":5}},"39":{"start":{"line":40,"column":0},"end":{"line":40,"column":0}},"40":{"start":{"line":41,"column":0},"end":{"line":41,"column":31}},"41":{"start":{"line":42,"column":0},"end":{"line":42,"column":15}},"42":{"start":{"line":43,"column":0},"end":{"line":43,"column":3}},"43":{"start":{"line":44,"column":0},"end":{"line":44,"column":0}},"44":{"start":{"line":45,"column":0},"end":{"line":45,"column":5}},"45":{"start":{"line":46,"column":0},"end":{"line":46,"column":36}},"46":{"start":{"line":47,"column":0},"end":{"line":47,"column":62}},"47":{"start":{"line":48,"column":0},"end":{"line":48,"column":5}},"48":{"start":{"line":49,"column":0},"end":{"line":49,"column":10}},"49":{"start":{"line":50,"column":0},"end":{"line":50,"column":37}},"50":{"start":{"line":51,"column":0},"end":{"line":51,"column":61}},"51":{"start":{"line":52,"column":0},"end":{"line":52,"column":71}},"52":{"start":{"line":53,"column":0},"end":{"line":53,"column":45}},"53":{"start":{"line":54,"column":0},"end":{"line":54,"column":45}},"54":{"start":{"line":55,"column":0},"end":{"line":55,"column":49}},"55":{"start":{"line":56,"column":0},"end":{"line":56,"column":25}},"56":{"start":{"line":57,"column":0},"end":{"line":57,"column":23}},"57":{"start":{"line":58,"column":0},"end":{"line":58,"column":43}},"58":{"start":{"line":59,"column":0},"end":{"line":59,"column":27}},"59":{"start":{"line":60,"column":0},"end":{"line":60,"column":13}},"60":{"start":{"line":61,"column":0},"end":{"line":61,"column":3}},"61":{"start":{"line":62,"column":0},"end":{"line":62,"column":0}},"62":{"start":{"line":63,"column":0},"end":{"line":63,"column":5}},"63":{"start":{"line":64,"column":0},"end":{"line":64,"column":65}},"64":{"start":{"line":65,"column":0},"end":{"line":65,"column":20}},"65":{"start":{"line":66,"column":0},"end":{"line":66,"column":5}},"66":{"start":{"line":67,"column":0},"end":{"line":67,"column":20}},"67":{"start":{"line":68,"column":0},"end":{"line":68,"column":26}},"68":{"start":{"line":69,"column":0},"end":{"line":69,"column":21}},"69":{"start":{"line":70,"column":0},"end":{"line":70,"column":22}},"70":{"start":{"line":71,"column":0},"end":{"line":71,"column":22}},"71":{"start":{"line":72,"column":0},"end":{"line":72,"column":20}},"72":{"start":{"line":73,"column":0},"end":{"line":73,"column":20}},"73":{"start":{"line":74,"column":0},"end":{"line":74,"column":5}},"74":{"start":{"line":75,"column":0},"end":{"line":75,"column":73}},"75":{"start":{"line":76,"column":0},"end":{"line":76,"column":76}},"76":{"start":{"line":77,"column":0},"end":{"line":77,"column":71}},"77":{"start":{"line":78,"column":0},"end":{"line":78,"column":58}},"78":{"start":{"line":79,"column":0},"end":{"line":79,"column":44}},"79":{"start":{"line":80,"column":0},"end":{"line":80,"column":3}},"80":{"start":{"line":81,"column":0},"end":{"line":81,"column":1}},"81":{"start":{"line":82,"column":0},"end":{"line":82,"column":0}},"82":{"start":{"line":83,"column":0},"end":{"line":83,"column":36}},"83":{"start":{"line":84,"column":0},"end":{"line":84,"column":32}},"84":{"start":{"line":85,"column":0},"end":{"line":85,"column":0}},"85":{"start":{"line":86,"column":0},"end":{"line":86,"column":3}},"86":{"start":{"line":87,"column":0},"end":{"line":87,"column":80}},"87":{"start":{"line":88,"column":0},"end":{"line":88,"column":41}},"88":{"start":{"line":89,"column":0},"end":{"line":89,"column":41}},"89":{"start":{"line":90,"column":0},"end":{"line":90,"column":11}},"90":{"start":{"line":91,"column":0},"end":{"line":91,"column":44}},"91":{"start":{"line":92,"column":0},"end":{"line":92,"column":3}},"92":{"start":{"line":93,"column":0},"end":{"line":93,"column":23}},"93":{"start":{"line":94,"column":0},"end":{"line":94,"column":71}},"94":{"start":{"line":95,"column":0},"end":{"line":95,"column":1}},"95":{"start":{"line":96,"column":0},"end":{"line":96,"column":0}},"96":{"start":{"line":97,"column":0},"end":{"line":97,"column":3}},"97":{"start":{"line":98,"column":0},"end":{"line":98,"column":58}},"98":{"start":{"line":99,"column":0},"end":{"line":99,"column":81}},"99":{"start":{"line":100,"column":0},"end":{"line":100,"column":75}},"100":{"start":{"line":101,"column":0},"end":{"line":101,"column":54}},"101":{"start":{"line":102,"column":0},"end":{"line":102,"column":86}},"102":{"start":{"line":103,"column":0},"end":{"line":103,"column":11}},"103":{"start":{"line":104,"column":0},"end":{"line":104,"column":100}},"104":{"start":{"line":105,"column":0},"end":{"line":105,"column":3}},"105":{"start":{"line":106,"column":0},"end":{"line":106,"column":49}},"106":{"start":{"line":107,"column":0},"end":{"line":107,"column":20}},"107":{"start":{"line":108,"column":0},"end":{"line":108,"column":26}},"108":{"start":{"line":109,"column":0},"end":{"line":109,"column":0}},"109":{"start":{"line":110,"column":0},"end":{"line":110,"column":34}},"110":{"start":{"line":111,"column":0},"end":{"line":111,"column":32}},"111":{"start":{"line":112,"column":0},"end":{"line":112,"column":36}},"112":{"start":{"line":113,"column":0},"end":{"line":113,"column":36}},"113":{"start":{"line":114,"column":0},"end":{"line":114,"column":50}},"114":{"start":{"line":115,"column":0},"end":{"line":115,"column":3}},"115":{"start":{"line":116,"column":0},"end":{"line":116,"column":0}},"116":{"start":{"line":117,"column":0},"end":{"line":117,"column":16}},"117":{"start":{"line":118,"column":0},"end":{"line":118,"column":1}},"118":{"start":{"line":119,"column":0},"end":{"line":119,"column":0}},"119":{"start":{"line":120,"column":0},"end":{"line":120,"column":3}},"120":{"start":{"line":121,"column":0},"end":{"line":121,"column":51}},"121":{"start":{"line":122,"column":0},"end":{"line":122,"column":67}},"122":{"start":{"line":123,"column":0},"end":{"line":123,"column":3}},"123":{"start":{"line":124,"column":0},"end":{"line":124,"column":25}},"124":{"start":{"line":125,"column":0},"end":{"line":125,"column":17}},"125":{"start":{"line":126,"column":0},"end":{"line":126,"column":26}},"126":{"start":{"line":127,"column":0},"end":{"line":127,"column":0}},"127":{"start":{"line":128,"column":0},"end":{"line":128,"column":32}},"128":{"start":{"line":129,"column":0},"end":{"line":129,"column":32}},"129":{"start":{"line":130,"column":0},"end":{"line":130,"column":36}},"130":{"start":{"line":131,"column":0},"end":{"line":131,"column":31}},"131":{"start":{"line":132,"column":0},"end":{"line":132,"column":3}},"132":{"start":{"line":133,"column":0},"end":{"line":133,"column":0}},"133":{"start":{"line":134,"column":0},"end":{"line":134,"column":13}},"134":{"start":{"line":135,"column":0},"end":{"line":135,"column":1}},"135":{"start":{"line":136,"column":0},"end":{"line":136,"column":0}},"136":{"start":{"line":137,"column":0},"end":{"line":137,"column":3}},"137":{"start":{"line":138,"column":0},"end":{"line":138,"column":60}},"138":{"start":{"line":139,"column":0},"end":{"line":139,"column":41}},"139":{"start":{"line":140,"column":0},"end":{"line":140,"column":58}},"140":{"start":{"line":141,"column":0},"end":{"line":141,"column":67}},"141":{"start":{"line":142,"column":0},"end":{"line":142,"column":52}},"142":{"start":{"line":143,"column":0},"end":{"line":143,"column":3}},"143":{"start":{"line":144,"column":0},"end":{"line":144,"column":78}},"144":{"start":{"line":145,"column":0},"end":{"line":145,"column":43}},"145":{"start":{"line":146,"column":0},"end":{"line":146,"column":65}},"146":{"start":{"line":147,"column":0},"end":{"line":147,"column":39}},"147":{"start":{"line":148,"column":0},"end":{"line":148,"column":32}},"148":{"start":{"line":149,"column":0},"end":{"line":149,"column":52}},"149":{"start":{"line":150,"column":0},"end":{"line":150,"column":0}},"150":{"start":{"line":151,"column":0},"end":{"line":151,"column":50}},"151":{"start":{"line":152,"column":0},"end":{"line":152,"column":36}},"152":{"start":{"line":153,"column":0},"end":{"line":153,"column":45}},"153":{"start":{"line":154,"column":0},"end":{"line":154,"column":27}},"154":{"start":{"line":155,"column":0},"end":{"line":155,"column":4}},"155":{"start":{"line":156,"column":0},"end":{"line":156,"column":1}},"156":{"start":{"line":157,"column":0},"end":{"line":157,"column":0}},"157":{"start":{"line":158,"column":0},"end":{"line":158,"column":3}},"158":{"start":{"line":159,"column":0},"end":{"line":159,"column":43}},"159":{"start":{"line":160,"column":0},"end":{"line":160,"column":48}},"160":{"start":{"line":161,"column":0},"end":{"line":161,"column":39}},"161":{"start":{"line":162,"column":0},"end":{"line":162,"column":3}},"162":{"start":{"line":163,"column":0},"end":{"line":163,"column":27}},"163":{"start":{"line":164,"column":0},"end":{"line":164,"column":43}},"164":{"start":{"line":165,"column":0},"end":{"line":165,"column":26}},"165":{"start":{"line":166,"column":0},"end":{"line":166,"column":30}},"166":{"start":{"line":167,"column":0},"end":{"line":167,"column":57}},"167":{"start":{"line":168,"column":0},"end":{"line":168,"column":50}},"168":{"start":{"line":169,"column":0},"end":{"line":169,"column":34}},"169":{"start":{"line":170,"column":0},"end":{"line":170,"column":1}},"170":{"start":{"line":171,"column":0},"end":{"line":171,"column":0}},"171":{"start":{"line":172,"column":0},"end":{"line":172,"column":3}},"172":{"start":{"line":173,"column":0},"end":{"line":173,"column":49}},"173":{"start":{"line":174,"column":0},"end":{"line":174,"column":47}},"174":{"start":{"line":175,"column":0},"end":{"line":175,"column":32}},"175":{"start":{"line":176,"column":0},"end":{"line":176,"column":3}},"176":{"start":{"line":177,"column":0},"end":{"line":177,"column":43}},"177":{"start":{"line":178,"column":0},"end":{"line":178,"column":62}},"178":{"start":{"line":179,"column":0},"end":{"line":179,"column":39}},"179":{"start":{"line":180,"column":0},"end":{"line":180,"column":1}},"180":{"start":{"line":181,"column":0},"end":{"line":181,"column":0}},"181":{"start":{"line":182,"column":0},"end":{"line":182,"column":3}},"182":{"start":{"line":183,"column":0},"end":{"line":183,"column":101}},"183":{"start":{"line":184,"column":0},"end":{"line":184,"column":62}},"184":{"start":{"line":185,"column":0},"end":{"line":185,"column":105}},"185":{"start":{"line":186,"column":0},"end":{"line":186,"column":3}},"186":{"start":{"line":187,"column":0},"end":{"line":187,"column":37}},"187":{"start":{"line":188,"column":0},"end":{"line":188,"column":24}},"188":{"start":{"line":189,"column":0},"end":{"line":189,"column":30}},"189":{"start":{"line":190,"column":0},"end":{"line":190,"column":42}},"190":{"start":{"line":191,"column":0},"end":{"line":191,"column":42}},"191":{"start":{"line":192,"column":0},"end":{"line":192,"column":42}},"192":{"start":{"line":193,"column":0},"end":{"line":193,"column":0}},"193":{"start":{"line":194,"column":0},"end":{"line":194,"column":58}},"194":{"start":{"line":195,"column":0},"end":{"line":195,"column":72}},"195":{"start":{"line":196,"column":0},"end":{"line":196,"column":68}},"196":{"start":{"line":197,"column":0},"end":{"line":197,"column":65}},"197":{"start":{"line":198,"column":0},"end":{"line":198,"column":49}},"198":{"start":{"line":199,"column":0},"end":{"line":199,"column":1}},"199":{"start":{"line":200,"column":0},"end":{"line":200,"column":0}},"200":{"start":{"line":201,"column":0},"end":{"line":201,"column":3}},"201":{"start":{"line":202,"column":0},"end":{"line":202,"column":49}},"202":{"start":{"line":203,"column":0},"end":{"line":203,"column":41}},"203":{"start":{"line":204,"column":0},"end":{"line":204,"column":37}},"204":{"start":{"line":205,"column":0},"end":{"line":205,"column":3}},"205":{"start":{"line":206,"column":0},"end":{"line":206,"column":27}},"206":{"start":{"line":207,"column":0},"end":{"line":207,"column":43}},"207":{"start":{"line":208,"column":0},"end":{"line":208,"column":24}},"208":{"start":{"line":209,"column":0},"end":{"line":209,"column":22}},"209":{"start":{"line":210,"column":0},"end":{"line":210,"column":1}},"210":{"start":{"line":211,"column":0},"end":{"line":211,"column":0}},"211":{"start":{"line":212,"column":0},"end":{"line":212,"column":3}},"212":{"start":{"line":213,"column":0},"end":{"line":213,"column":48}},"213":{"start":{"line":214,"column":0},"end":{"line":214,"column":18}},"214":{"start":{"line":215,"column":0},"end":{"line":215,"column":3}},"215":{"start":{"line":216,"column":0},"end":{"line":216,"column":27}},"216":{"start":{"line":217,"column":0},"end":{"line":217,"column":33}},"217":{"start":{"line":218,"column":0},"end":{"line":218,"column":35}},"218":{"start":{"line":219,"column":0},"end":{"line":219,"column":49}},"219":{"start":{"line":220,"column":0},"end":{"line":220,"column":41}},"220":{"start":{"line":221,"column":0},"end":{"line":221,"column":22}},"221":{"start":{"line":222,"column":0},"end":{"line":222,"column":24}},"222":{"start":{"line":223,"column":0},"end":{"line":223,"column":33}},"223":{"start":{"line":224,"column":0},"end":{"line":224,"column":24}},"224":{"start":{"line":225,"column":0},"end":{"line":225,"column":25}},"225":{"start":{"line":226,"column":0},"end":{"line":226,"column":37}},"226":{"start":{"line":227,"column":0},"end":{"line":227,"column":28}},"227":{"start":{"line":228,"column":0},"end":{"line":228,"column":42}},"228":{"start":{"line":229,"column":0},"end":{"line":229,"column":30}},"229":{"start":{"line":230,"column":0},"end":{"line":230,"column":35}},"230":{"start":{"line":231,"column":0},"end":{"line":231,"column":22}},"231":{"start":{"line":232,"column":0},"end":{"line":232,"column":20}},"232":{"start":{"line":233,"column":0},"end":{"line":233,"column":30}},"233":{"start":{"line":234,"column":0},"end":{"line":234,"column":8}},"234":{"start":{"line":235,"column":0},"end":{"line":235,"column":0}},"235":{"start":{"line":236,"column":0},"end":{"line":236,"column":22}},"236":{"start":{"line":237,"column":0},"end":{"line":237,"column":18}},"237":{"start":{"line":238,"column":0},"end":{"line":238,"column":14}},"238":{"start":{"line":239,"column":0},"end":{"line":239,"column":14}},"239":{"start":{"line":240,"column":0},"end":{"line":240,"column":14}},"240":{"start":{"line":241,"column":0},"end":{"line":241,"column":14}},"241":{"start":{"line":242,"column":0},"end":{"line":242,"column":14}},"242":{"start":{"line":243,"column":0},"end":{"line":243,"column":14}},"243":{"start":{"line":244,"column":0},"end":{"line":244,"column":16}},"244":{"start":{"line":245,"column":0},"end":{"line":245,"column":14}},"245":{"start":{"line":246,"column":0},"end":{"line":246,"column":13}},"246":{"start":{"line":247,"column":0},"end":{"line":247,"column":3}},"247":{"start":{"line":248,"column":0},"end":{"line":248,"column":59}},"248":{"start":{"line":249,"column":0},"end":{"line":249,"column":33}},"249":{"start":{"line":250,"column":0},"end":{"line":250,"column":43}},"250":{"start":{"line":251,"column":0},"end":{"line":251,"column":45}},"251":{"start":{"line":252,"column":0},"end":{"line":252,"column":39}},"252":{"start":{"line":253,"column":0},"end":{"line":253,"column":25}},"253":{"start":{"line":254,"column":0},"end":{"line":254,"column":67}},"254":{"start":{"line":255,"column":0},"end":{"line":255,"column":36}},"255":{"start":{"line":256,"column":0},"end":{"line":256,"column":35}},"256":{"start":{"line":257,"column":0},"end":{"line":257,"column":65}},"257":{"start":{"line":258,"column":0},"end":{"line":258,"column":64}},"258":{"start":{"line":259,"column":0},"end":{"line":259,"column":44}},"259":{"start":{"line":260,"column":0},"end":{"line":260,"column":44}},"260":{"start":{"line":261,"column":0},"end":{"line":261,"column":20}},"261":{"start":{"line":262,"column":0},"end":{"line":262,"column":29}},"262":{"start":{"line":263,"column":0},"end":{"line":263,"column":30}},"263":{"start":{"line":264,"column":0},"end":{"line":264,"column":8}},"264":{"start":{"line":265,"column":0},"end":{"line":265,"column":8}},"265":{"start":{"line":266,"column":0},"end":{"line":266,"column":63}},"266":{"start":{"line":267,"column":0},"end":{"line":267,"column":38}},"267":{"start":{"line":268,"column":0},"end":{"line":268,"column":38}},"268":{"start":{"line":269,"column":0},"end":{"line":269,"column":41}},"269":{"start":{"line":270,"column":0},"end":{"line":270,"column":40}},"270":{"start":{"line":271,"column":0},"end":{"line":271,"column":36}},"271":{"start":{"line":272,"column":0},"end":{"line":272,"column":47}},"272":{"start":{"line":273,"column":0},"end":{"line":273,"column":20}},"273":{"start":{"line":274,"column":0},"end":{"line":274,"column":45}},"274":{"start":{"line":275,"column":0},"end":{"line":275,"column":12}},"275":{"start":{"line":276,"column":0},"end":{"line":276,"column":24}},"276":{"start":{"line":277,"column":0},"end":{"line":277,"column":6}},"277":{"start":{"line":278,"column":0},"end":{"line":278,"column":3}},"278":{"start":{"line":279,"column":0},"end":{"line":279,"column":0}},"279":{"start":{"line":280,"column":0},"end":{"line":280,"column":14}},"280":{"start":{"line":281,"column":0},"end":{"line":281,"column":22}},"281":{"start":{"line":282,"column":0},"end":{"line":282,"column":0}},"282":{"start":{"line":283,"column":0},"end":{"line":283,"column":5}},"283":{"start":{"line":284,"column":0},"end":{"line":284,"column":37}},"284":{"start":{"line":285,"column":0},"end":{"line":285,"column":56}},"285":{"start":{"line":286,"column":0},"end":{"line":286,"column":19}},"286":{"start":{"line":287,"column":0},"end":{"line":287,"column":5}},"287":{"start":{"line":288,"column":0},"end":{"line":288,"column":22}},"288":{"start":{"line":289,"column":0},"end":{"line":289,"column":42}},"289":{"start":{"line":290,"column":0},"end":{"line":290,"column":28}},"290":{"start":{"line":291,"column":0},"end":{"line":291,"column":48}},"291":{"start":{"line":292,"column":0},"end":{"line":292,"column":86}},"292":{"start":{"line":293,"column":0},"end":{"line":293,"column":43}},"293":{"start":{"line":294,"column":0},"end":{"line":294,"column":28}},"294":{"start":{"line":295,"column":0},"end":{"line":295,"column":7}},"295":{"start":{"line":296,"column":0},"end":{"line":296,"column":41}},"296":{"start":{"line":297,"column":0},"end":{"line":297,"column":26}},"297":{"start":{"line":298,"column":0},"end":{"line":298,"column":69}},"298":{"start":{"line":299,"column":0},"end":{"line":299,"column":14}},"299":{"start":{"line":300,"column":0},"end":{"line":300,"column":23}},"300":{"start":{"line":301,"column":0},"end":{"line":301,"column":7}},"301":{"start":{"line":302,"column":0},"end":{"line":302,"column":21}},"302":{"start":{"line":303,"column":0},"end":{"line":303,"column":27}},"303":{"start":{"line":304,"column":0},"end":{"line":304,"column":35}},"304":{"start":{"line":305,"column":0},"end":{"line":305,"column":0}},"305":{"start":{"line":306,"column":0},"end":{"line":306,"column":20}},"306":{"start":{"line":307,"column":0},"end":{"line":307,"column":33}},"307":{"start":{"line":308,"column":0},"end":{"line":308,"column":50}},"308":{"start":{"line":309,"column":0},"end":{"line":309,"column":33}},"309":{"start":{"line":310,"column":0},"end":{"line":310,"column":41}},"310":{"start":{"line":311,"column":0},"end":{"line":311,"column":31}},"311":{"start":{"line":312,"column":0},"end":{"line":312,"column":54}},"312":{"start":{"line":313,"column":0},"end":{"line":313,"column":41}},"313":{"start":{"line":314,"column":0},"end":{"line":314,"column":27}},"314":{"start":{"line":315,"column":0},"end":{"line":315,"column":66}},"315":{"start":{"line":316,"column":0},"end":{"line":316,"column":22}},"316":{"start":{"line":317,"column":0},"end":{"line":317,"column":41}},"317":{"start":{"line":318,"column":0},"end":{"line":318,"column":27}},"318":{"start":{"line":319,"column":0},"end":{"line":319,"column":35}},"319":{"start":{"line":320,"column":0},"end":{"line":320,"column":34}},"320":{"start":{"line":321,"column":0},"end":{"line":321,"column":34}},"321":{"start":{"line":322,"column":0},"end":{"line":322,"column":35}},"322":{"start":{"line":323,"column":0},"end":{"line":323,"column":27}},"323":{"start":{"line":324,"column":0},"end":{"line":324,"column":22}},"324":{"start":{"line":325,"column":0},"end":{"line":325,"column":42}},"325":{"start":{"line":326,"column":0},"end":{"line":326,"column":27}},"326":{"start":{"line":327,"column":0},"end":{"line":327,"column":35}},"327":{"start":{"line":328,"column":0},"end":{"line":328,"column":40}},"328":{"start":{"line":329,"column":0},"end":{"line":329,"column":41}},"329":{"start":{"line":330,"column":0},"end":{"line":330,"column":27}},"330":{"start":{"line":331,"column":0},"end":{"line":331,"column":22}},"331":{"start":{"line":332,"column":0},"end":{"line":332,"column":7}},"332":{"start":{"line":333,"column":0},"end":{"line":333,"column":23}},"333":{"start":{"line":334,"column":0},"end":{"line":334,"column":6}},"334":{"start":{"line":335,"column":0},"end":{"line":335,"column":10}},"335":{"start":{"line":336,"column":0},"end":{"line":336,"column":26}},"336":{"start":{"line":337,"column":0},"end":{"line":337,"column":36}},"337":{"start":{"line":338,"column":0},"end":{"line":338,"column":12}},"338":{"start":{"line":339,"column":0},"end":{"line":339,"column":34}},"339":{"start":{"line":340,"column":0},"end":{"line":340,"column":32}},"340":{"start":{"line":341,"column":0},"end":{"line":341,"column":24}},"341":{"start":{"line":342,"column":0},"end":{"line":342,"column":64}},"342":{"start":{"line":343,"column":0},"end":{"line":343,"column":13}},"343":{"start":{"line":344,"column":0},"end":{"line":344,"column":5}},"344":{"start":{"line":345,"column":0},"end":{"line":345,"column":3}},"345":{"start":{"line":346,"column":0},"end":{"line":346,"column":0}},"346":{"start":{"line":347,"column":0},"end":{"line":347,"column":11}},"347":{"start":{"line":348,"column":0},"end":{"line":348,"column":1}},"348":{"start":{"line":349,"column":0},"end":{"line":349,"column":0}},"349":{"start":{"line":350,"column":0},"end":{"line":350,"column":36}},"350":{"start":{"line":351,"column":0},"end":{"line":351,"column":24}},"351":{"start":{"line":352,"column":0},"end":{"line":352,"column":34}},"352":{"start":{"line":353,"column":0},"end":{"line":353,"column":0}},"353":{"start":{"line":354,"column":0},"end":{"line":354,"column":22}},"354":{"start":{"line":355,"column":0},"end":{"line":355,"column":26}},"355":{"start":{"line":356,"column":0},"end":{"line":356,"column":0}},"356":{"start":{"line":357,"column":0},"end":{"line":357,"column":14}},"357":{"start":{"line":358,"column":0},"end":{"line":358,"column":18}},"358":{"start":{"line":359,"column":0},"end":{"line":359,"column":0}},"359":{"start":{"line":360,"column":0},"end":{"line":360,"column":3}},"360":{"start":{"line":361,"column":0},"end":{"line":361,"column":76}},"361":{"start":{"line":362,"column":0},"end":{"line":362,"column":71}},"362":{"start":{"line":363,"column":0},"end":{"line":363,"column":18}},"363":{"start":{"line":364,"column":0},"end":{"line":364,"column":3}},"364":{"start":{"line":365,"column":0},"end":{"line":365,"column":17}},"365":{"start":{"line":366,"column":0},"end":{"line":366,"column":41}},"366":{"start":{"line":367,"column":0},"end":{"line":367,"column":70}},"367":{"start":{"line":368,"column":0},"end":{"line":368,"column":0}},"368":{"start":{"line":369,"column":0},"end":{"line":369,"column":71}},"369":{"start":{"line":370,"column":0},"end":{"line":370,"column":0}},"370":{"start":{"line":371,"column":0},"end":{"line":371,"column":38}},"371":{"start":{"line":372,"column":0},"end":{"line":372,"column":42}},"372":{"start":{"line":373,"column":0},"end":{"line":373,"column":10}},"373":{"start":{"line":374,"column":0},"end":{"line":374,"column":37}},"374":{"start":{"line":375,"column":0},"end":{"line":375,"column":41}},"375":{"start":{"line":376,"column":0},"end":{"line":376,"column":10}},"376":{"start":{"line":377,"column":0},"end":{"line":377,"column":58}},"377":{"start":{"line":378,"column":0},"end":{"line":378,"column":32}},"378":{"start":{"line":379,"column":0},"end":{"line":379,"column":0}},"379":{"start":{"line":380,"column":0},"end":{"line":380,"column":41}},"380":{"start":{"line":381,"column":0},"end":{"line":381,"column":64}},"381":{"start":{"line":382,"column":0},"end":{"line":382,"column":5}},"382":{"start":{"line":383,"column":0},"end":{"line":383,"column":3}},"383":{"start":{"line":384,"column":0},"end":{"line":384,"column":40}},"384":{"start":{"line":385,"column":0},"end":{"line":385,"column":15}},"385":{"start":{"line":386,"column":0},"end":{"line":386,"column":71}},"386":{"start":{"line":387,"column":0},"end":{"line":387,"column":5}},"387":{"start":{"line":388,"column":0},"end":{"line":388,"column":3}},"388":{"start":{"line":389,"column":0},"end":{"line":389,"column":70}},"389":{"start":{"line":390,"column":0},"end":{"line":390,"column":28}},"390":{"start":{"line":391,"column":0},"end":{"line":391,"column":16}},"391":{"start":{"line":392,"column":0},"end":{"line":392,"column":76}},"392":{"start":{"line":393,"column":0},"end":{"line":393,"column":0}},"393":{"start":{"line":394,"column":0},"end":{"line":394,"column":24}},"394":{"start":{"line":395,"column":0},"end":{"line":395,"column":78}},"395":{"start":{"line":396,"column":0},"end":{"line":396,"column":21}},"396":{"start":{"line":397,"column":0},"end":{"line":397,"column":67}},"397":{"start":{"line":398,"column":0},"end":{"line":398,"column":66}},"398":{"start":{"line":399,"column":0},"end":{"line":399,"column":14}},"399":{"start":{"line":400,"column":0},"end":{"line":400,"column":6}},"400":{"start":{"line":401,"column":0},"end":{"line":401,"column":16}},"401":{"start":{"line":402,"column":0},"end":{"line":402,"column":0}},"402":{"start":{"line":403,"column":0},"end":{"line":403,"column":60}},"403":{"start":{"line":404,"column":0},"end":{"line":404,"column":25}},"404":{"start":{"line":405,"column":0},"end":{"line":405,"column":0}},"405":{"start":{"line":406,"column":0},"end":{"line":406,"column":24}},"406":{"start":{"line":407,"column":0},"end":{"line":407,"column":69}},"407":{"start":{"line":408,"column":0},"end":{"line":408,"column":26}},"408":{"start":{"line":409,"column":0},"end":{"line":409,"column":51}},"409":{"start":{"line":410,"column":0},"end":{"line":410,"column":22}},"410":{"start":{"line":411,"column":0},"end":{"line":411,"column":58}},"411":{"start":{"line":412,"column":0},"end":{"line":412,"column":23}},"412":{"start":{"line":413,"column":0},"end":{"line":413,"column":21}},"413":{"start":{"line":414,"column":0},"end":{"line":414,"column":66}},"414":{"start":{"line":415,"column":0},"end":{"line":415,"column":7}},"415":{"start":{"line":416,"column":0},"end":{"line":416,"column":49}},"416":{"start":{"line":417,"column":0},"end":{"line":417,"column":15}},"417":{"start":{"line":418,"column":0},"end":{"line":418,"column":65}},"418":{"start":{"line":419,"column":0},"end":{"line":419,"column":20}},"419":{"start":{"line":420,"column":0},"end":{"line":420,"column":77}},"420":{"start":{"line":421,"column":0},"end":{"line":421,"column":26}},"421":{"start":{"line":422,"column":0},"end":{"line":422,"column":12}},"422":{"start":{"line":423,"column":0},"end":{"line":423,"column":13}},"423":{"start":{"line":424,"column":0},"end":{"line":424,"column":61}},"424":{"start":{"line":425,"column":0},"end":{"line":425,"column":34}},"425":{"start":{"line":426,"column":0},"end":{"line":426,"column":33}},"426":{"start":{"line":427,"column":0},"end":{"line":427,"column":73}},"427":{"start":{"line":428,"column":0},"end":{"line":428,"column":34}},"428":{"start":{"line":429,"column":0},"end":{"line":429,"column":61}},"429":{"start":{"line":430,"column":0},"end":{"line":430,"column":68}},"430":{"start":{"line":431,"column":0},"end":{"line":431,"column":44}},"431":{"start":{"line":432,"column":0},"end":{"line":432,"column":10}},"432":{"start":{"line":433,"column":0},"end":{"line":433,"column":7}},"433":{"start":{"line":434,"column":0},"end":{"line":434,"column":18}},"434":{"start":{"line":435,"column":0},"end":{"line":435,"column":37}},"435":{"start":{"line":436,"column":0},"end":{"line":436,"column":68}},"436":{"start":{"line":437,"column":0},"end":{"line":437,"column":7}},"437":{"start":{"line":438,"column":0},"end":{"line":438,"column":26}},"438":{"start":{"line":439,"column":0},"end":{"line":439,"column":22}},"439":{"start":{"line":440,"column":0},"end":{"line":440,"column":62}},"440":{"start":{"line":441,"column":0},"end":{"line":441,"column":79}},"441":{"start":{"line":442,"column":0},"end":{"line":442,"column":12}},"442":{"start":{"line":443,"column":0},"end":{"line":443,"column":40}},"443":{"start":{"line":444,"column":0},"end":{"line":444,"column":54}},"444":{"start":{"line":445,"column":0},"end":{"line":445,"column":7}},"445":{"start":{"line":446,"column":0},"end":{"line":446,"column":32}},"446":{"start":{"line":447,"column":0},"end":{"line":447,"column":6}},"447":{"start":{"line":448,"column":0},"end":{"line":448,"column":10}},"448":{"start":{"line":449,"column":0},"end":{"line":449,"column":80}},"449":{"start":{"line":450,"column":0},"end":{"line":450,"column":39}},"450":{"start":{"line":451,"column":0},"end":{"line":451,"column":3}},"451":{"start":{"line":452,"column":0},"end":{"line":452,"column":0}},"452":{"start":{"line":453,"column":0},"end":{"line":453,"column":40}},"453":{"start":{"line":454,"column":0},"end":{"line":454,"column":24}},"454":{"start":{"line":455,"column":0},"end":{"line":455,"column":31}},"455":{"start":{"line":456,"column":0},"end":{"line":456,"column":22}},"456":{"start":{"line":457,"column":0},"end":{"line":457,"column":15}},"457":{"start":{"line":458,"column":0},"end":{"line":458,"column":52}},"458":{"start":{"line":459,"column":0},"end":{"line":459,"column":46}},"459":{"start":{"line":460,"column":0},"end":{"line":460,"column":6}},"460":{"start":{"line":461,"column":0},"end":{"line":461,"column":4}},"461":{"start":{"line":462,"column":0},"end":{"line":462,"column":0}},"462":{"start":{"line":463,"column":0},"end":{"line":463,"column":64}},"463":{"start":{"line":464,"column":0},"end":{"line":464,"column":27}},"464":{"start":{"line":465,"column":0},"end":{"line":465,"column":31}},"465":{"start":{"line":466,"column":0},"end":{"line":466,"column":67}},"466":{"start":{"line":467,"column":0},"end":{"line":467,"column":34}},"467":{"start":{"line":468,"column":0},"end":{"line":468,"column":51}},"468":{"start":{"line":469,"column":0},"end":{"line":469,"column":15}},"469":{"start":{"line":470,"column":0},"end":{"line":470,"column":72}},"470":{"start":{"line":471,"column":0},"end":{"line":471,"column":22}},"471":{"start":{"line":472,"column":0},"end":{"line":472,"column":80}},"472":{"start":{"line":473,"column":0},"end":{"line":473,"column":67}},"473":{"start":{"line":474,"column":0},"end":{"line":474,"column":60}},"474":{"start":{"line":475,"column":0},"end":{"line":475,"column":26}},"475":{"start":{"line":476,"column":0},"end":{"line":476,"column":71}},"476":{"start":{"line":477,"column":0},"end":{"line":477,"column":30}},"477":{"start":{"line":478,"column":0},"end":{"line":478,"column":21}},"478":{"start":{"line":479,"column":0},"end":{"line":479,"column":69}},"479":{"start":{"line":480,"column":0},"end":{"line":480,"column":7}},"480":{"start":{"line":481,"column":0},"end":{"line":481,"column":58}},"481":{"start":{"line":482,"column":0},"end":{"line":482,"column":25}},"482":{"start":{"line":483,"column":0},"end":{"line":483,"column":54}},"483":{"start":{"line":484,"column":0},"end":{"line":484,"column":70}},"484":{"start":{"line":485,"column":0},"end":{"line":485,"column":78}},"485":{"start":{"line":486,"column":0},"end":{"line":486,"column":63}},"486":{"start":{"line":487,"column":0},"end":{"line":487,"column":39}},"487":{"start":{"line":488,"column":0},"end":{"line":488,"column":43}},"488":{"start":{"line":489,"column":0},"end":{"line":489,"column":14}},"489":{"start":{"line":490,"column":0},"end":{"line":490,"column":73}},"490":{"start":{"line":491,"column":0},"end":{"line":491,"column":33}},"491":{"start":{"line":492,"column":0},"end":{"line":492,"column":51}},"492":{"start":{"line":493,"column":0},"end":{"line":493,"column":63}},"493":{"start":{"line":494,"column":0},"end":{"line":494,"column":40}},"494":{"start":{"line":495,"column":0},"end":{"line":495,"column":7}},"495":{"start":{"line":496,"column":0},"end":{"line":496,"column":34}},"496":{"start":{"line":497,"column":0},"end":{"line":497,"column":6}},"497":{"start":{"line":498,"column":0},"end":{"line":498,"column":3}},"498":{"start":{"line":499,"column":0},"end":{"line":499,"column":0}},"499":{"start":{"line":500,"column":0},"end":{"line":500,"column":34}},"500":{"start":{"line":501,"column":0},"end":{"line":501,"column":27}},"501":{"start":{"line":502,"column":0},"end":{"line":502,"column":0}},"502":{"start":{"line":503,"column":0},"end":{"line":503,"column":21}},"503":{"start":{"line":504,"column":0},"end":{"line":504,"column":31}},"504":{"start":{"line":505,"column":0},"end":{"line":505,"column":24}},"505":{"start":{"line":506,"column":0},"end":{"line":506,"column":45}},"506":{"start":{"line":507,"column":0},"end":{"line":507,"column":16}},"507":{"start":{"line":508,"column":0},"end":{"line":508,"column":0}},"508":{"start":{"line":509,"column":0},"end":{"line":509,"column":31}},"509":{"start":{"line":510,"column":0},"end":{"line":510,"column":25}},"510":{"start":{"line":511,"column":0},"end":{"line":511,"column":16}},"511":{"start":{"line":512,"column":0},"end":{"line":512,"column":67}},"512":{"start":{"line":513,"column":0},"end":{"line":513,"column":43}},"513":{"start":{"line":514,"column":0},"end":{"line":514,"column":30}},"514":{"start":{"line":515,"column":0},"end":{"line":515,"column":6}},"515":{"start":{"line":516,"column":0},"end":{"line":516,"column":4}},"516":{"start":{"line":517,"column":0},"end":{"line":517,"column":0}},"517":{"start":{"line":518,"column":0},"end":{"line":518,"column":20}},"518":{"start":{"line":519,"column":0},"end":{"line":519,"column":31}},"519":{"start":{"line":520,"column":0},"end":{"line":520,"column":46}},"520":{"start":{"line":521,"column":0},"end":{"line":521,"column":16}},"521":{"start":{"line":522,"column":0},"end":{"line":522,"column":0}},"522":{"start":{"line":523,"column":0},"end":{"line":523,"column":31}},"523":{"start":{"line":524,"column":0},"end":{"line":524,"column":25}},"524":{"start":{"line":525,"column":0},"end":{"line":525,"column":17}},"525":{"start":{"line":526,"column":0},"end":{"line":526,"column":65}},"526":{"start":{"line":527,"column":0},"end":{"line":527,"column":44}},"527":{"start":{"line":528,"column":0},"end":{"line":528,"column":30}},"528":{"start":{"line":529,"column":0},"end":{"line":529,"column":6}},"529":{"start":{"line":530,"column":0},"end":{"line":530,"column":4}},"530":{"start":{"line":531,"column":0},"end":{"line":531,"column":0}},"531":{"start":{"line":532,"column":0},"end":{"line":532,"column":76}},"532":{"start":{"line":533,"column":0},"end":{"line":533,"column":35}},"533":{"start":{"line":534,"column":0},"end":{"line":534,"column":34}},"534":{"start":{"line":535,"column":0},"end":{"line":535,"column":72}},"535":{"start":{"line":536,"column":0},"end":{"line":536,"column":36}},"536":{"start":{"line":537,"column":0},"end":{"line":537,"column":51}},"537":{"start":{"line":538,"column":0},"end":{"line":538,"column":63}},"538":{"start":{"line":539,"column":0},"end":{"line":539,"column":63}},"539":{"start":{"line":540,"column":0},"end":{"line":540,"column":63}},"540":{"start":{"line":541,"column":0},"end":{"line":541,"column":76}},"541":{"start":{"line":542,"column":0},"end":{"line":542,"column":42}},"542":{"start":{"line":543,"column":0},"end":{"line":543,"column":6}},"543":{"start":{"line":544,"column":0},"end":{"line":544,"column":10}},"544":{"start":{"line":545,"column":0},"end":{"line":545,"column":54}},"545":{"start":{"line":546,"column":0},"end":{"line":546,"column":33}},"546":{"start":{"line":547,"column":0},"end":{"line":547,"column":5}},"547":{"start":{"line":548,"column":0},"end":{"line":548,"column":50}},"548":{"start":{"line":549,"column":0},"end":{"line":549,"column":3}},"549":{"start":{"line":550,"column":0},"end":{"line":550,"column":1}},"550":{"start":{"line":551,"column":0},"end":{"line":551,"column":0}},"551":{"start":{"line":552,"column":0},"end":{"line":552,"column":3}},"552":{"start":{"line":553,"column":0},"end":{"line":553,"column":40}},"553":{"start":{"line":554,"column":0},"end":{"line":554,"column":18}},"554":{"start":{"line":555,"column":0},"end":{"line":555,"column":3}},"555":{"start":{"line":556,"column":0},"end":{"line":556,"column":20}},"556":{"start":{"line":557,"column":0},"end":{"line":557,"column":32}},"557":{"start":{"line":558,"column":0},"end":{"line":558,"column":38}},"558":{"start":{"line":559,"column":0},"end":{"line":559,"column":25}},"559":{"start":{"line":560,"column":0},"end":{"line":560,"column":78}},"560":{"start":{"line":561,"column":0},"end":{"line":561,"column":26}},"561":{"start":{"line":562,"column":0},"end":{"line":562,"column":9}},"562":{"start":{"line":563,"column":0},"end":{"line":563,"column":36}},"563":{"start":{"line":564,"column":0},"end":{"line":564,"column":39}},"564":{"start":{"line":565,"column":0},"end":{"line":565,"column":25}},"565":{"start":{"line":566,"column":0},"end":{"line":566,"column":76}},"566":{"start":{"line":567,"column":0},"end":{"line":567,"column":49}},"567":{"start":{"line":568,"column":0},"end":{"line":568,"column":9}},"568":{"start":{"line":569,"column":0},"end":{"line":569,"column":33}},"569":{"start":{"line":570,"column":0},"end":{"line":570,"column":38}},"570":{"start":{"line":571,"column":0},"end":{"line":571,"column":53}},"571":{"start":{"line":572,"column":0},"end":{"line":572,"column":0}},"572":{"start":{"line":573,"column":0},"end":{"line":573,"column":79}},"573":{"start":{"line":574,"column":0},"end":{"line":574,"column":5}},"574":{"start":{"line":575,"column":0},"end":{"line":575,"column":5}},"575":{"start":{"line":576,"column":0},"end":{"line":576,"column":83}},"576":{"start":{"line":577,"column":0},"end":{"line":577,"column":5}},"577":{"start":{"line":578,"column":0},"end":{"line":578,"column":5}},"578":{"start":{"line":579,"column":0},"end":{"line":579,"column":59}},"579":{"start":{"line":580,"column":0},"end":{"line":580,"column":32}},"580":{"start":{"line":581,"column":0},"end":{"line":581,"column":0}},"581":{"start":{"line":582,"column":0},"end":{"line":582,"column":23}},"582":{"start":{"line":583,"column":0},"end":{"line":583,"column":33}},"583":{"start":{"line":584,"column":0},"end":{"line":584,"column":47}},"584":{"start":{"line":585,"column":0},"end":{"line":585,"column":81}},"585":{"start":{"line":586,"column":0},"end":{"line":586,"column":36}},"586":{"start":{"line":587,"column":0},"end":{"line":587,"column":15}},"587":{"start":{"line":588,"column":0},"end":{"line":588,"column":45}},"588":{"start":{"line":589,"column":0},"end":{"line":589,"column":73}},"589":{"start":{"line":590,"column":0},"end":{"line":590,"column":75}},"590":{"start":{"line":591,"column":0},"end":{"line":591,"column":0}},"591":{"start":{"line":592,"column":0},"end":{"line":592,"column":21}},"592":{"start":{"line":593,"column":0},"end":{"line":593,"column":36}},"593":{"start":{"line":594,"column":0},"end":{"line":594,"column":24}},"594":{"start":{"line":595,"column":0},"end":{"line":595,"column":63}},"595":{"start":{"line":596,"column":0},"end":{"line":596,"column":73}},"596":{"start":{"line":597,"column":0},"end":{"line":597,"column":33}},"597":{"start":{"line":598,"column":0},"end":{"line":598,"column":75}},"598":{"start":{"line":599,"column":0},"end":{"line":599,"column":43}},"599":{"start":{"line":600,"column":0},"end":{"line":600,"column":81}},"600":{"start":{"line":601,"column":0},"end":{"line":601,"column":6}},"601":{"start":{"line":602,"column":0},"end":{"line":602,"column":4}},"602":{"start":{"line":603,"column":0},"end":{"line":603,"column":0}},"603":{"start":{"line":604,"column":0},"end":{"line":604,"column":67}},"604":{"start":{"line":605,"column":0},"end":{"line":605,"column":34}},"605":{"start":{"line":606,"column":0},"end":{"line":606,"column":30}},"606":{"start":{"line":607,"column":0},"end":{"line":607,"column":68}},"607":{"start":{"line":608,"column":0},"end":{"line":608,"column":34}},"608":{"start":{"line":609,"column":0},"end":{"line":609,"column":51}},"609":{"start":{"line":610,"column":0},"end":{"line":610,"column":49}},"610":{"start":{"line":611,"column":0},"end":{"line":611,"column":60}},"611":{"start":{"line":612,"column":0},"end":{"line":612,"column":71}},"612":{"start":{"line":613,"column":0},"end":{"line":613,"column":67}},"613":{"start":{"line":614,"column":0},"end":{"line":614,"column":33}},"614":{"start":{"line":615,"column":0},"end":{"line":615,"column":53}},"615":{"start":{"line":616,"column":0},"end":{"line":616,"column":58}},"616":{"start":{"line":617,"column":0},"end":{"line":617,"column":80}},"617":{"start":{"line":618,"column":0},"end":{"line":618,"column":67}},"618":{"start":{"line":619,"column":0},"end":{"line":619,"column":33}},"619":{"start":{"line":620,"column":0},"end":{"line":620,"column":53}},"620":{"start":{"line":621,"column":0},"end":{"line":621,"column":54}},"621":{"start":{"line":622,"column":0},"end":{"line":622,"column":80}},"622":{"start":{"line":623,"column":0},"end":{"line":623,"column":71}},"623":{"start":{"line":624,"column":0},"end":{"line":624,"column":33}},"624":{"start":{"line":625,"column":0},"end":{"line":625,"column":55}},"625":{"start":{"line":626,"column":0},"end":{"line":626,"column":53}},"626":{"start":{"line":627,"column":0},"end":{"line":627,"column":65}},"627":{"start":{"line":628,"column":0},"end":{"line":628,"column":30}},"628":{"start":{"line":629,"column":0},"end":{"line":629,"column":72}},"629":{"start":{"line":630,"column":0},"end":{"line":630,"column":85}},"630":{"start":{"line":631,"column":0},"end":{"line":631,"column":22}},"631":{"start":{"line":632,"column":0},"end":{"line":632,"column":96}},"632":{"start":{"line":633,"column":0},"end":{"line":633,"column":42}},"633":{"start":{"line":634,"column":0},"end":{"line":634,"column":51}},"634":{"start":{"line":635,"column":0},"end":{"line":635,"column":42}},"635":{"start":{"line":636,"column":0},"end":{"line":636,"column":52}},"636":{"start":{"line":637,"column":0},"end":{"line":637,"column":14}},"637":{"start":{"line":638,"column":0},"end":{"line":638,"column":52}},"638":{"start":{"line":639,"column":0},"end":{"line":639,"column":7}},"639":{"start":{"line":640,"column":0},"end":{"line":640,"column":49}},"640":{"start":{"line":641,"column":0},"end":{"line":641,"column":39}},"641":{"start":{"line":642,"column":0},"end":{"line":642,"column":7}},"642":{"start":{"line":643,"column":0},"end":{"line":643,"column":65}},"643":{"start":{"line":644,"column":0},"end":{"line":644,"column":9}},"644":{"start":{"line":645,"column":0},"end":{"line":645,"column":57}},"645":{"start":{"line":646,"column":0},"end":{"line":646,"column":47}},"646":{"start":{"line":647,"column":0},"end":{"line":647,"column":43}},"647":{"start":{"line":648,"column":0},"end":{"line":648,"column":7}},"648":{"start":{"line":649,"column":0},"end":{"line":649,"column":50}},"649":{"start":{"line":650,"column":0},"end":{"line":650,"column":50}},"650":{"start":{"line":651,"column":0},"end":{"line":651,"column":7}},"651":{"start":{"line":652,"column":0},"end":{"line":652,"column":61}},"652":{"start":{"line":653,"column":0},"end":{"line":653,"column":51}},"653":{"start":{"line":654,"column":0},"end":{"line":654,"column":46}},"654":{"start":{"line":655,"column":0},"end":{"line":655,"column":7}},"655":{"start":{"line":656,"column":0},"end":{"line":656,"column":54}},"656":{"start":{"line":657,"column":0},"end":{"line":657,"column":53}},"657":{"start":{"line":658,"column":0},"end":{"line":658,"column":7}},"658":{"start":{"line":659,"column":0},"end":{"line":659,"column":69}},"659":{"start":{"line":660,"column":0},"end":{"line":660,"column":41}},"660":{"start":{"line":661,"column":0},"end":{"line":661,"column":6}},"661":{"start":{"line":662,"column":0},"end":{"line":662,"column":10}},"662":{"start":{"line":663,"column":0},"end":{"line":663,"column":75}},"663":{"start":{"line":664,"column":0},"end":{"line":664,"column":48}},"664":{"start":{"line":665,"column":0},"end":{"line":665,"column":3}},"665":{"start":{"line":666,"column":0},"end":{"line":666,"column":1}},"666":{"start":{"line":667,"column":0},"end":{"line":667,"column":0}},"667":{"start":{"line":668,"column":0},"end":{"line":668,"column":31}},"668":{"start":{"line":669,"column":0},"end":{"line":669,"column":25}},"669":{"start":{"line":670,"column":0},"end":{"line":670,"column":0}},"670":{"start":{"line":671,"column":0},"end":{"line":671,"column":3}},"671":{"start":{"line":672,"column":0},"end":{"line":672,"column":58}},"672":{"start":{"line":673,"column":0},"end":{"line":673,"column":18}},"673":{"start":{"line":674,"column":0},"end":{"line":674,"column":3}},"674":{"start":{"line":675,"column":0},"end":{"line":675,"column":18}},"675":{"start":{"line":676,"column":0},"end":{"line":676,"column":23}},"676":{"start":{"line":677,"column":0},"end":{"line":677,"column":41}},"677":{"start":{"line":678,"column":0},"end":{"line":678,"column":0}},"678":{"start":{"line":679,"column":0},"end":{"line":679,"column":20}},"679":{"start":{"line":680,"column":0},"end":{"line":680,"column":26}},"680":{"start":{"line":681,"column":0},"end":{"line":681,"column":17}},"681":{"start":{"line":682,"column":0},"end":{"line":682,"column":66}},"682":{"start":{"line":683,"column":0},"end":{"line":683,"column":11}},"683":{"start":{"line":684,"column":0},"end":{"line":684,"column":16}},"684":{"start":{"line":685,"column":0},"end":{"line":685,"column":65}},"685":{"start":{"line":686,"column":0},"end":{"line":686,"column":11}},"686":{"start":{"line":687,"column":0},"end":{"line":687,"column":21}},"687":{"start":{"line":688,"column":0},"end":{"line":688,"column":39}},"688":{"start":{"line":689,"column":0},"end":{"line":689,"column":11}},"689":{"start":{"line":690,"column":0},"end":{"line":690,"column":3}},"690":{"start":{"line":691,"column":0},"end":{"line":691,"column":0}},"691":{"start":{"line":692,"column":0},"end":{"line":692,"column":31}},"692":{"start":{"line":693,"column":0},"end":{"line":693,"column":24}},"693":{"start":{"line":694,"column":0},"end":{"line":694,"column":28}},"694":{"start":{"line":695,"column":0},"end":{"line":695,"column":4}},"695":{"start":{"line":696,"column":0},"end":{"line":696,"column":0}},"696":{"start":{"line":697,"column":0},"end":{"line":697,"column":22}},"697":{"start":{"line":698,"column":0},"end":{"line":698,"column":25}},"698":{"start":{"line":699,"column":0},"end":{"line":699,"column":9}},"699":{"start":{"line":700,"column":0},"end":{"line":700,"column":24}},"700":{"start":{"line":701,"column":0},"end":{"line":701,"column":125}},"701":{"start":{"line":702,"column":0},"end":{"line":702,"column":59}},"702":{"start":{"line":703,"column":0},"end":{"line":703,"column":57}},"703":{"start":{"line":704,"column":0},"end":{"line":704,"column":55}},"704":{"start":{"line":705,"column":0},"end":{"line":705,"column":47}},"705":{"start":{"line":706,"column":0},"end":{"line":706,"column":54}},"706":{"start":{"line":707,"column":0},"end":{"line":707,"column":52}},"707":{"start":{"line":708,"column":0},"end":{"line":708,"column":66}},"708":{"start":{"line":709,"column":0},"end":{"line":709,"column":172}},"709":{"start":{"line":710,"column":0},"end":{"line":710,"column":26}},"710":{"start":{"line":711,"column":0},"end":{"line":711,"column":35}},"711":{"start":{"line":712,"column":0},"end":{"line":712,"column":78}},"712":{"start":{"line":713,"column":0},"end":{"line":713,"column":32}},"713":{"start":{"line":714,"column":0},"end":{"line":714,"column":25}},"714":{"start":{"line":715,"column":0},"end":{"line":715,"column":29}},"715":{"start":{"line":716,"column":0},"end":{"line":716,"column":48}},"716":{"start":{"line":717,"column":0},"end":{"line":717,"column":76}},"717":{"start":{"line":718,"column":0},"end":{"line":718,"column":48}},"718":{"start":{"line":719,"column":0},"end":{"line":719,"column":64}},"719":{"start":{"line":720,"column":0},"end":{"line":720,"column":76}},"720":{"start":{"line":721,"column":0},"end":{"line":721,"column":66}},"721":{"start":{"line":722,"column":0},"end":{"line":722,"column":34}},"722":{"start":{"line":723,"column":0},"end":{"line":723,"column":50}},"723":{"start":{"line":724,"column":0},"end":{"line":724,"column":99}},"724":{"start":{"line":725,"column":0},"end":{"line":725,"column":49}},"725":{"start":{"line":726,"column":0},"end":{"line":726,"column":69}},"726":{"start":{"line":727,"column":0},"end":{"line":727,"column":46}},"727":{"start":{"line":728,"column":0},"end":{"line":728,"column":79}},"728":{"start":{"line":729,"column":0},"end":{"line":729,"column":40}},"729":{"start":{"line":730,"column":0},"end":{"line":730,"column":33}},"730":{"start":{"line":731,"column":0},"end":{"line":731,"column":34}},"731":{"start":{"line":732,"column":0},"end":{"line":732,"column":79}},"732":{"start":{"line":733,"column":0},"end":{"line":733,"column":34}},"733":{"start":{"line":734,"column":0},"end":{"line":734,"column":58}},"734":{"start":{"line":735,"column":0},"end":{"line":735,"column":107}},"735":{"start":{"line":736,"column":0},"end":{"line":736,"column":40}},"736":{"start":{"line":737,"column":0},"end":{"line":737,"column":33}},"737":{"start":{"line":738,"column":0},"end":{"line":738,"column":34}},"738":{"start":{"line":739,"column":0},"end":{"line":739,"column":59}},"739":{"start":{"line":740,"column":0},"end":{"line":740,"column":105}},"740":{"start":{"line":741,"column":0},"end":{"line":741,"column":40}},"741":{"start":{"line":742,"column":0},"end":{"line":742,"column":33}},"742":{"start":{"line":743,"column":0},"end":{"line":743,"column":34}},"743":{"start":{"line":744,"column":0},"end":{"line":744,"column":30}},"744":{"start":{"line":745,"column":0},"end":{"line":745,"column":0}},"745":{"start":{"line":746,"column":0},"end":{"line":746,"column":26}},"746":{"start":{"line":747,"column":0},"end":{"line":747,"column":67}},"747":{"start":{"line":748,"column":0},"end":{"line":748,"column":31}},"748":{"start":{"line":749,"column":0},"end":{"line":749,"column":109}},"749":{"start":{"line":750,"column":0},"end":{"line":750,"column":47}},"750":{"start":{"line":751,"column":0},"end":{"line":751,"column":39}},"751":{"start":{"line":752,"column":0},"end":{"line":752,"column":48}},"752":{"start":{"line":753,"column":0},"end":{"line":753,"column":73}},"753":{"start":{"line":754,"column":0},"end":{"line":754,"column":78}},"754":{"start":{"line":755,"column":0},"end":{"line":755,"column":49}},"755":{"start":{"line":756,"column":0},"end":{"line":756,"column":61}},"756":{"start":{"line":757,"column":0},"end":{"line":757,"column":170}},"757":{"start":{"line":758,"column":0},"end":{"line":758,"column":46}},"758":{"start":{"line":759,"column":0},"end":{"line":759,"column":58}},"759":{"start":{"line":760,"column":0},"end":{"line":760,"column":98}},"760":{"start":{"line":761,"column":0},"end":{"line":761,"column":52}},"761":{"start":{"line":762,"column":0},"end":{"line":762,"column":45}},"762":{"start":{"line":763,"column":0},"end":{"line":763,"column":49}},"763":{"start":{"line":764,"column":0},"end":{"line":764,"column":63}},"764":{"start":{"line":765,"column":0},"end":{"line":765,"column":54}},"765":{"start":{"line":766,"column":0},"end":{"line":766,"column":71}},"766":{"start":{"line":767,"column":0},"end":{"line":767,"column":48}},"767":{"start":{"line":768,"column":0},"end":{"line":768,"column":77}},"768":{"start":{"line":769,"column":0},"end":{"line":769,"column":42}},"769":{"start":{"line":770,"column":0},"end":{"line":770,"column":33}},"770":{"start":{"line":771,"column":0},"end":{"line":771,"column":35}},"771":{"start":{"line":772,"column":0},"end":{"line":772,"column":44}},"772":{"start":{"line":773,"column":0},"end":{"line":773,"column":34}},"773":{"start":{"line":774,"column":0},"end":{"line":774,"column":25}},"774":{"start":{"line":775,"column":0},"end":{"line":775,"column":32}},"775":{"start":{"line":776,"column":0},"end":{"line":776,"column":25}},"776":{"start":{"line":777,"column":0},"end":{"line":777,"column":0}},"777":{"start":{"line":778,"column":0},"end":{"line":778,"column":92}},"778":{"start":{"line":779,"column":0},"end":{"line":779,"column":62}},"779":{"start":{"line":780,"column":0},"end":{"line":780,"column":43}},"780":{"start":{"line":781,"column":0},"end":{"line":781,"column":39}},"781":{"start":{"line":782,"column":0},"end":{"line":782,"column":42}},"782":{"start":{"line":783,"column":0},"end":{"line":783,"column":125}},"783":{"start":{"line":784,"column":0},"end":{"line":784,"column":35}},"784":{"start":{"line":785,"column":0},"end":{"line":785,"column":44}},"785":{"start":{"line":786,"column":0},"end":{"line":786,"column":34}},"786":{"start":{"line":787,"column":0},"end":{"line":787,"column":46}},"787":{"start":{"line":788,"column":0},"end":{"line":788,"column":212}},"788":{"start":{"line":789,"column":0},"end":{"line":789,"column":40}},"789":{"start":{"line":790,"column":0},"end":{"line":790,"column":33}},"790":{"start":{"line":791,"column":0},"end":{"line":791,"column":34}},"791":{"start":{"line":792,"column":0},"end":{"line":792,"column":52}},"792":{"start":{"line":793,"column":0},"end":{"line":793,"column":74}},"793":{"start":{"line":794,"column":0},"end":{"line":794,"column":41}},"794":{"start":{"line":795,"column":0},"end":{"line":795,"column":36}},"795":{"start":{"line":796,"column":0},"end":{"line":796,"column":136}},"796":{"start":{"line":797,"column":0},"end":{"line":797,"column":87}},"797":{"start":{"line":798,"column":0},"end":{"line":798,"column":41}},"798":{"start":{"line":799,"column":0},"end":{"line":799,"column":78}},"799":{"start":{"line":800,"column":0},"end":{"line":800,"column":145}},"800":{"start":{"line":801,"column":0},"end":{"line":801,"column":89}},"801":{"start":{"line":802,"column":0},"end":{"line":802,"column":41}},"802":{"start":{"line":803,"column":0},"end":{"line":803,"column":34}},"803":{"start":{"line":804,"column":0},"end":{"line":804,"column":30}},"804":{"start":{"line":805,"column":0},"end":{"line":805,"column":26}},"805":{"start":{"line":806,"column":0},"end":{"line":806,"column":22}},"806":{"start":{"line":807,"column":0},"end":{"line":807,"column":18}},"807":{"start":{"line":808,"column":0},"end":{"line":808,"column":9}},"808":{"start":{"line":809,"column":0},"end":{"line":809,"column":5}},"809":{"start":{"line":810,"column":0},"end":{"line":810,"column":13}},"810":{"start":{"line":811,"column":0},"end":{"line":811,"column":0}},"811":{"start":{"line":812,"column":0},"end":{"line":812,"column":51}},"812":{"start":{"line":813,"column":0},"end":{"line":813,"column":16}},"813":{"start":{"line":814,"column":0},"end":{"line":814,"column":111}},"814":{"start":{"line":815,"column":0},"end":{"line":815,"column":1}},"815":{"start":{"line":816,"column":0},"end":{"line":816,"column":0}},"816":{"start":{"line":817,"column":0},"end":{"line":817,"column":3}},"817":{"start":{"line":818,"column":0},"end":{"line":818,"column":35}},"818":{"start":{"line":819,"column":0},"end":{"line":819,"column":18}},"819":{"start":{"line":820,"column":0},"end":{"line":820,"column":3}},"820":{"start":{"line":821,"column":0},"end":{"line":821,"column":19}},"821":{"start":{"line":822,"column":0},"end":{"line":822,"column":41}},"822":{"start":{"line":823,"column":0},"end":{"line":823,"column":39}},"823":{"start":{"line":824,"column":0},"end":{"line":824,"column":80}},"824":{"start":{"line":825,"column":0},"end":{"line":825,"column":24}},"825":{"start":{"line":826,"column":0},"end":{"line":826,"column":75}},"826":{"start":{"line":827,"column":0},"end":{"line":827,"column":70}},"827":{"start":{"line":828,"column":0},"end":{"line":828,"column":0}},"828":{"start":{"line":829,"column":0},"end":{"line":829,"column":64}},"829":{"start":{"line":830,"column":0},"end":{"line":830,"column":54}},"830":{"start":{"line":831,"column":0},"end":{"line":831,"column":65}},"831":{"start":{"line":832,"column":0},"end":{"line":832,"column":24}},"832":{"start":{"line":833,"column":0},"end":{"line":833,"column":0}},"833":{"start":{"line":834,"column":0},"end":{"line":834,"column":31}},"834":{"start":{"line":835,"column":0},"end":{"line":835,"column":19}},"835":{"start":{"line":836,"column":0},"end":{"line":836,"column":54}},"836":{"start":{"line":837,"column":0},"end":{"line":837,"column":62}},"837":{"start":{"line":838,"column":0},"end":{"line":838,"column":0}},"838":{"start":{"line":839,"column":0},"end":{"line":839,"column":14}},"839":{"start":{"line":840,"column":0},"end":{"line":840,"column":120}},"840":{"start":{"line":841,"column":0},"end":{"line":841,"column":71}},"841":{"start":{"line":842,"column":0},"end":{"line":842,"column":44}},"842":{"start":{"line":843,"column":0},"end":{"line":843,"column":76}},"843":{"start":{"line":844,"column":0},"end":{"line":844,"column":41}},"844":{"start":{"line":845,"column":0},"end":{"line":845,"column":35}},"845":{"start":{"line":846,"column":0},"end":{"line":846,"column":30}},"846":{"start":{"line":847,"column":0},"end":{"line":847,"column":47}},"847":{"start":{"line":848,"column":0},"end":{"line":848,"column":100}},"848":{"start":{"line":849,"column":0},"end":{"line":849,"column":53}},"849":{"start":{"line":850,"column":0},"end":{"line":850,"column":41}},"850":{"start":{"line":851,"column":0},"end":{"line":851,"column":36}},"851":{"start":{"line":852,"column":0},"end":{"line":852,"column":29}},"852":{"start":{"line":853,"column":0},"end":{"line":853,"column":30}},"853":{"start":{"line":854,"column":0},"end":{"line":854,"column":72}},"854":{"start":{"line":855,"column":0},"end":{"line":855,"column":140}},"855":{"start":{"line":856,"column":0},"end":{"line":856,"column":81}},"856":{"start":{"line":857,"column":0},"end":{"line":857,"column":33}},"857":{"start":{"line":858,"column":0},"end":{"line":858,"column":26}},"858":{"start":{"line":859,"column":0},"end":{"line":859,"column":0}},"859":{"start":{"line":860,"column":0},"end":{"line":860,"column":62}},"860":{"start":{"line":861,"column":0},"end":{"line":861,"column":72}},"861":{"start":{"line":862,"column":0},"end":{"line":862,"column":86}},"862":{"start":{"line":863,"column":0},"end":{"line":863,"column":45}},"863":{"start":{"line":864,"column":0},"end":{"line":864,"column":68}},"864":{"start":{"line":865,"column":0},"end":{"line":865,"column":102}},"865":{"start":{"line":866,"column":0},"end":{"line":866,"column":81}},"866":{"start":{"line":867,"column":0},"end":{"line":867,"column":30}},"867":{"start":{"line":868,"column":0},"end":{"line":868,"column":41}},"868":{"start":{"line":869,"column":0},"end":{"line":869,"column":50}},"869":{"start":{"line":870,"column":0},"end":{"line":870,"column":71}},"870":{"start":{"line":871,"column":0},"end":{"line":871,"column":35}},"871":{"start":{"line":872,"column":0},"end":{"line":872,"column":50}},"872":{"start":{"line":873,"column":0},"end":{"line":873,"column":69}},"873":{"start":{"line":874,"column":0},"end":{"line":874,"column":35}},"874":{"start":{"line":875,"column":0},"end":{"line":875,"column":29}},"875":{"start":{"line":876,"column":0},"end":{"line":876,"column":33}},"876":{"start":{"line":877,"column":0},"end":{"line":877,"column":61}},"877":{"start":{"line":878,"column":0},"end":{"line":878,"column":60}},"878":{"start":{"line":879,"column":0},"end":{"line":879,"column":33}},"879":{"start":{"line":880,"column":0},"end":{"line":880,"column":139}},"880":{"start":{"line":881,"column":0},"end":{"line":881,"column":65}},"881":{"start":{"line":882,"column":0},"end":{"line":882,"column":46}},"882":{"start":{"line":883,"column":0},"end":{"line":883,"column":72}},"883":{"start":{"line":884,"column":0},"end":{"line":884,"column":34}},"884":{"start":{"line":885,"column":0},"end":{"line":885,"column":30}},"885":{"start":{"line":886,"column":0},"end":{"line":886,"column":26}},"886":{"start":{"line":887,"column":0},"end":{"line":887,"column":37}},"887":{"start":{"line":888,"column":0},"end":{"line":888,"column":113}},"888":{"start":{"line":889,"column":0},"end":{"line":889,"column":32}},"889":{"start":{"line":890,"column":0},"end":{"line":890,"column":25}},"890":{"start":{"line":891,"column":0},"end":{"line":891,"column":26}},"891":{"start":{"line":892,"column":0},"end":{"line":892,"column":0}},"892":{"start":{"line":893,"column":0},"end":{"line":893,"column":44}},"893":{"start":{"line":894,"column":0},"end":{"line":894,"column":42}},"894":{"start":{"line":895,"column":0},"end":{"line":895,"column":40}},"895":{"start":{"line":896,"column":0},"end":{"line":896,"column":65}},"896":{"start":{"line":897,"column":0},"end":{"line":897,"column":61}},"897":{"start":{"line":898,"column":0},"end":{"line":898,"column":36}},"898":{"start":{"line":899,"column":0},"end":{"line":899,"column":69}},"899":{"start":{"line":900,"column":0},"end":{"line":900,"column":38}},"900":{"start":{"line":901,"column":0},"end":{"line":901,"column":53}},"901":{"start":{"line":902,"column":0},"end":{"line":902,"column":69}},"902":{"start":{"line":903,"column":0},"end":{"line":903,"column":36}},"903":{"start":{"line":904,"column":0},"end":{"line":904,"column":75}},"904":{"start":{"line":905,"column":0},"end":{"line":905,"column":68}},"905":{"start":{"line":906,"column":0},"end":{"line":906,"column":38}},"906":{"start":{"line":907,"column":0},"end":{"line":907,"column":42}},"907":{"start":{"line":908,"column":0},"end":{"line":908,"column":89}},"908":{"start":{"line":909,"column":0},"end":{"line":909,"column":44}},"909":{"start":{"line":910,"column":0},"end":{"line":910,"column":37}},"910":{"start":{"line":911,"column":0},"end":{"line":911,"column":38}},"911":{"start":{"line":912,"column":0},"end":{"line":912,"column":29}},"912":{"start":{"line":913,"column":0},"end":{"line":913,"column":28}},"913":{"start":{"line":914,"column":0},"end":{"line":914,"column":36}},"914":{"start":{"line":915,"column":0},"end":{"line":915,"column":26}},"915":{"start":{"line":916,"column":0},"end":{"line":916,"column":100}},"916":{"start":{"line":917,"column":0},"end":{"line":917,"column":42}},"917":{"start":{"line":918,"column":0},"end":{"line":918,"column":40}},"918":{"start":{"line":919,"column":0},"end":{"line":919,"column":64}},"919":{"start":{"line":920,"column":0},"end":{"line":920,"column":71}},"920":{"start":{"line":921,"column":0},"end":{"line":921,"column":80}},"921":{"start":{"line":922,"column":0},"end":{"line":922,"column":51}},"922":{"start":{"line":923,"column":0},"end":{"line":923,"column":28}},"923":{"start":{"line":924,"column":0},"end":{"line":924,"column":36}},"924":{"start":{"line":925,"column":0},"end":{"line":925,"column":26}},"925":{"start":{"line":926,"column":0},"end":{"line":926,"column":22}},"926":{"start":{"line":927,"column":0},"end":{"line":927,"column":13}},"927":{"start":{"line":928,"column":0},"end":{"line":928,"column":6}},"928":{"start":{"line":929,"column":0},"end":{"line":929,"column":13}},"929":{"start":{"line":930,"column":0},"end":{"line":930,"column":0}},"930":{"start":{"line":931,"column":0},"end":{"line":931,"column":52}},"931":{"start":{"line":932,"column":0},"end":{"line":932,"column":17}},"932":{"start":{"line":933,"column":0},"end":{"line":933,"column":112}},"933":{"start":{"line":934,"column":0},"end":{"line":934,"column":1}},"934":{"start":{"line":935,"column":0},"end":{"line":935,"column":0}},"935":{"start":{"line":936,"column":0},"end":{"line":936,"column":3}},"936":{"start":{"line":937,"column":0},"end":{"line":937,"column":33}},"937":{"start":{"line":938,"column":0},"end":{"line":938,"column":18}},"938":{"start":{"line":939,"column":0},"end":{"line":939,"column":3}},"939":{"start":{"line":940,"column":0},"end":{"line":940,"column":18}},"940":{"start":{"line":941,"column":0},"end":{"line":941,"column":29}},"941":{"start":{"line":942,"column":0},"end":{"line":942,"column":9}},"942":{"start":{"line":943,"column":0},"end":{"line":943,"column":15}},"943":{"start":{"line":944,"column":0},"end":{"line":944,"column":175}},"944":{"start":{"line":945,"column":0},"end":{"line":945,"column":59}},"945":{"start":{"line":946,"column":0},"end":{"line":946,"column":64}},"946":{"start":{"line":947,"column":0},"end":{"line":947,"column":28}},"947":{"start":{"line":948,"column":0},"end":{"line":948,"column":23}},"948":{"start":{"line":949,"column":0},"end":{"line":949,"column":88}},"949":{"start":{"line":950,"column":0},"end":{"line":950,"column":72}},"950":{"start":{"line":951,"column":0},"end":{"line":951,"column":65}},"951":{"start":{"line":952,"column":0},"end":{"line":952,"column":21}},"952":{"start":{"line":953,"column":0},"end":{"line":953,"column":22}},"953":{"start":{"line":954,"column":0},"end":{"line":954,"column":63}},"954":{"start":{"line":955,"column":0},"end":{"line":955,"column":54}},"955":{"start":{"line":956,"column":0},"end":{"line":956,"column":35}},"956":{"start":{"line":957,"column":0},"end":{"line":957,"column":31}},"957":{"start":{"line":958,"column":0},"end":{"line":958,"column":34}},"958":{"start":{"line":959,"column":0},"end":{"line":959,"column":118}},"959":{"start":{"line":960,"column":0},"end":{"line":960,"column":27}},"960":{"start":{"line":961,"column":0},"end":{"line":961,"column":36}},"961":{"start":{"line":962,"column":0},"end":{"line":962,"column":26}},"962":{"start":{"line":963,"column":0},"end":{"line":963,"column":73}},"963":{"start":{"line":964,"column":0},"end":{"line":964,"column":36}},"964":{"start":{"line":965,"column":0},"end":{"line":965,"column":28}},"965":{"start":{"line":966,"column":0},"end":{"line":966,"column":22}},"966":{"start":{"line":967,"column":0},"end":{"line":967,"column":18}},"967":{"start":{"line":968,"column":0},"end":{"line":968,"column":9}},"968":{"start":{"line":969,"column":0},"end":{"line":969,"column":5}},"969":{"start":{"line":970,"column":0},"end":{"line":970,"column":13}},"970":{"start":{"line":971,"column":0},"end":{"line":971,"column":0}},"971":{"start":{"line":972,"column":0},"end":{"line":972,"column":51}},"972":{"start":{"line":973,"column":0},"end":{"line":973,"column":16}},"973":{"start":{"line":974,"column":0},"end":{"line":974,"column":125}},"974":{"start":{"line":975,"column":0},"end":{"line":975,"column":1}},"975":{"start":{"line":976,"column":0},"end":{"line":976,"column":0}},"976":{"start":{"line":977,"column":0},"end":{"line":977,"column":3}},"977":{"start":{"line":978,"column":0},"end":{"line":978,"column":47}},"978":{"start":{"line":979,"column":0},"end":{"line":979,"column":18}},"979":{"start":{"line":980,"column":0},"end":{"line":980,"column":3}},"980":{"start":{"line":981,"column":0},"end":{"line":981,"column":19}},"981":{"start":{"line":982,"column":0},"end":{"line":982,"column":59}},"982":{"start":{"line":983,"column":0},"end":{"line":983,"column":54}},"983":{"start":{"line":984,"column":0},"end":{"line":984,"column":26}},"984":{"start":{"line":985,"column":0},"end":{"line":985,"column":16}},"985":{"start":{"line":986,"column":0},"end":{"line":986,"column":12}},"986":{"start":{"line":987,"column":0},"end":{"line":987,"column":11}},"987":{"start":{"line":988,"column":0},"end":{"line":988,"column":19}},"988":{"start":{"line":989,"column":0},"end":{"line":989,"column":15}},"989":{"start":{"line":990,"column":0},"end":{"line":990,"column":11}},"990":{"start":{"line":991,"column":0},"end":{"line":991,"column":17}},"991":{"start":{"line":992,"column":0},"end":{"line":992,"column":13}},"992":{"start":{"line":993,"column":0},"end":{"line":993,"column":11}},"993":{"start":{"line":994,"column":0},"end":{"line":994,"column":18}},"994":{"start":{"line":995,"column":0},"end":{"line":995,"column":14}},"995":{"start":{"line":996,"column":0},"end":{"line":996,"column":11}},"996":{"start":{"line":997,"column":0},"end":{"line":997,"column":17}},"997":{"start":{"line":998,"column":0},"end":{"line":998,"column":13}},"998":{"start":{"line":999,"column":0},"end":{"line":999,"column":11}},"999":{"start":{"line":1000,"column":0},"end":{"line":1000,"column":44}},"1000":{"start":{"line":1001,"column":0},"end":{"line":1001,"column":3}},"1001":{"start":{"line":1002,"column":0},"end":{"line":1002,"column":1}},"1002":{"start":{"line":1003,"column":0},"end":{"line":1003,"column":0}},"1003":{"start":{"line":1004,"column":0},"end":{"line":1004,"column":3}},"1004":{"start":{"line":1005,"column":0},"end":{"line":1005,"column":40}},"1005":{"start":{"line":1006,"column":0},"end":{"line":1006,"column":28}},"1006":{"start":{"line":1007,"column":0},"end":{"line":1007,"column":62}},"1007":{"star
[...]
mn":60},"end":{"line":90,"column":73}},"locations":[{"start":{"line":90,"column":60},"end":{"line":90,"column":73}}]},"11":{"type":"branch","line":90,"loc":{"start":{"line":90,"column":72},"end":{"line":92,"column":4}},"locations":[{"start":{"line":90,"column":72},"end":{"line":92,"column":4}}]},"12":{"type":"branch","line":92,"loc":{"start":{"line":92,"column":4},"end":{"line":93,"column":78}},"locations":[{"start":{"line":92,"column":4},"end":{"line":93,"column":78}}]},"13":{"type":"branch","line":92,"loc":{"start":{"line":92,"column":56},"end":{"line":92,"column":64}},"locations":[{"start":{"line":92,"column":56},"end":{"line":92,"column":64}}]},"14":{"type":"branch","line":93,"loc":{"start":{"line":93,"column":68},"end":{"line":93,"column":76}},"locations":[{"start":{"line":93,"column":68},"end":{"line":93,"column":76}}]},"15":{"type":"branch","line":93,"loc":{"start":{"line":93,"column":77},"end":{"line":96,"column":1}},"locations":[{"start":{"line":93,"column":77},"end":{"line":96,"column":1}}]}},"b":{"0":[159],"1":[0],"2":[1],"3":[26],"4":[7],"5":[48],"6":[2],"7":[14],"8":[3],"9":[1],"10":[0],"11":[2],"12":[1],"13":[0],"14":[0],"15":[0]},"fnMap":{"0":{"name":"formatDate","decl":{"start":{"line":10,"column":7},"end":{"line":17,"column":1}},"loc":{"start":{"line":10,"column":7},"end":{"line":17,"column":1}},"line":10},"1":{"name":"parseDateStringLocal","decl":{"start":{"line":24,"column":7},"end":{"line":27,"column":1}},"loc":{"start":{"line":24,"column":7},"end":{"line":27,"column":1}},"line":24},"2":{"name":"getTodayString","decl":{"start":{"line":33,"column":7},"end":{"line":35,"column":1}},"loc":{"start":{"line":33,"column":7},"end":{"line":35,"column":1}},"line":33},"3":{"name":"getLastNDays","decl":{"start":{"line":42,"column":7},"end":{"line":53,"column":1}},"loc":{"start":{"line":42,"column":7},"end":{"line":53,"column":1}},"line":42},"4":{"name":"getCurrentWeekDates","decl":{"start":{"line":61,"column":7},"end":{"line":76,"column":1}},"loc":{"start":{"line":61,"column":7},"end":{"line":76,"column":1}},"line":61},"5":{"name":"getRelativeTime","decl":{"start":{"line":83,"column":7},"end":{"line":96,"column":1}},"loc":{"start":{"line":83,"column":7},"end":{"line":96,"column":1}},"line":83},"6":{"name":"generatePastRecords","decl":{"start":{"line":104,"column":7},"end":{"line":116,"column":1}},"loc":{"start":{"line":104,"column":7},"end":{"line":116,"column":1}},"line":104}},"f":{"0":159,"1":1,"2":26,"3":7,"4":2,"5":3,"6":0}}
,"C:\\Users\\R2D2\\Documents\\GitHub\\frontend-fundamentals-lab\\assets\\js\\utils\\html.js": {"path":"C:\\Users\\R2D2\\Documents\\GitHub\\frontend-fundamentals-lab\\assets\\js\\utils\\html.js","all":false,"statementMap":{"0":{"start":{"line":1,"column":0},"end":{"line":1,"column":3}},"1":{"start":{"line":2,"column":0},"end":{"line":2,"column":32}},"2":{"start":{"line":3,"column":0},"end":{"line":3,"column":3}},"3":{"start":{"line":4,"column":0},"end":{"line":4,"column":0}},"4":{"start":{"line":5,"column":0},"end":{"line":5,"column":3}},"5":{"start":{"line":6,"column":0},"end":{"line":6,"column":43}},"6":{"start":{"line":7,"column":0},"end":{"line":7,"column":41}},"7":{"start":{"line":8,"column":0},"end":{"line":8,"column":35}},"8":{"start":{"line":9,"column":0},"end":{"line":9,"column":3}},"9":{"start":{"line":10,"column":0},"end":{"line":10,"column":34}},"10":{"start":{"line":11,"column":0},"end":{"line":11,"column":41}},"11":{"start":{"line":12,"column":0},"end":{"line":12,"column":43}},"12":{"start":{"line":13,"column":0},"end":{"line":13,"column":24}},"13":{"start":{"line":14,"column":0},"end":{"line":14,"column":22}},"14":{"start":{"line":15,"column":0},"end":{"line":15,"column":1}},"15":{"start":{"line":16,"column":0},"end":{"line":16,"column":0}},"16":{"start":{"line":17,"column":0},"end":{"line":17,"column":3}},"17":{"start":{"line":18,"column":0},"end":{"line":18,"column":47}},"18":{"start":{"line":19,"column":0},"end":{"line":19,"column":37}},"19":{"start":{"line":20,"column":0},"end":{"line":20,"column":41}},"20":{"start":{"line":21,"column":0},"end":{"line":21,"column":3}},"21":{"start":{"line":22,"column":0},"end":{"line":22,"column":45}},"22":{"start":{"line":23,"column":0},"end":{"line":23,"column":53}},"23":{"start":{"line":24,"column":0},"end":{"line":24,"column":34}},"24":{"start":{"line":25,"column":0},"end":{"line":25,"column":36}},"25":{"start":{"line":26,"column":0},"end":{"line":26,"column":1}},"26":{"start":{"line":27,"column":0},"end":{"line":27,"column":0}},"27":{"start":{"line":28,"column":0},"end":{"line":28,"column":3}},"28":{"start":{"line":29,"column":0},"end":{"line":29,"column":50}},"29":{"start":{"line":30,"column":0},"end":{"line":30,"column":51}},"30":{"start":{"line":31,"column":0},"end":{"line":31,"column":44}},"31":{"start":{"line":32,"column":0},"end":{"line":32,"column":3}},"32":{"start":{"line":33,"column":0},"end":{"line":33,"column":47}},"33":{"start":{"line":34,"column":0},"end":{"line":34,"column":16}},"34":{"start":{"line":35,"column":0},"end":{"line":35,"column":30}},"35":{"start":{"line":36,"column":0},"end":{"line":36,"column":3}},"36":{"start":{"line":37,"column":0},"end":{"line":37,"column":1}},"37":{"start":{"line":38,"column":0},"end":{"line":38,"column":0}},"38":{"start":{"line":39,"column":0},"end":{"line":39,"column":3}},"39":{"start":{"line":40,"column":0},"end":{"line":40,"column":46}},"40":{"start":{"line":41,"column":0},"end":{"line":41,"column":51}},"41":{"start":{"line":42,"column":0},"end":{"line":42,"column":43}},"42":{"start":{"line":43,"column":0},"end":{"line":43,"column":3}},"43":{"start":{"line":44,"column":0},"end":{"line":44,"column":47}},"44":{"start":{"line":45,"column":0},"end":{"line":45,"column":16}},"45":{"start":{"line":46,"column":0},"end":{"line":46,"column":28}},"46":{"start":{"line":47,"column":0},"end":{"line":47,"column":3}},"47":{"start":{"line":48,"column":0},"end":{"line":48,"column":1}}},"s":{"0":1,"1":1,"2":1,"3":1,"4":1,"5":1,"6":1,"7":1,"8":1,"9":1,"10":4,"11":3,"12":3,"13":3,"14":3,"15":1,"16":1,"17":1,"18":1,"19":1,"20":1,"21":1,"22":0,"23":0,"24":0,"25":0,"26":1,"27":1,"28":1,"29":1,"30":1,"31":1,"32":1,"33":0,"34":0,"35":0,"36":0,"37":1,"38":1,"39":1,"40":1,"41":1,"42":1,"43":1,"44":0,"45":0,"46":0,"47":0},"branchMap":{"0":{"type":"branch","line":10,"loc":{"start":{"line":10,"column":7},"end":{"line":15,"column":1}},"locations":[{"start":{"line":10,"column":7},"end":{"line":15,"column":1}}]},"1":{"type":"branch","line":11,"loc":{"start":{"line":11,"column":32},"end":{"line":11,"column":41}},"locations":[{"start":{"line":11,"column":32},"end":{"line":11,"column":41}}]},"2":{"type":"branch","line":11,"loc":{"start":{"line":11,"column":40},"end":{"line":15,"column":1}},"locations":[{"start":{"line":11,"column":40},"end":{"line":15,"column":1}}]}},"b":{"0":[4],"1":[1],"2":[3]},"fnMap":{"0":{"name":"escapeHtml","decl":{"start":{"line":10,"column":7},"end":{"line":15,"column":1}},"loc":{"start":{"line":10,"column":7},"end":{"line":15,"column":1}},"line":10},"1":{"name":"createElementFromHtml","decl":{"start":{"line":22,"column":7},"end":{"line":26,"column":1}},"loc":{"start":{"line":22,"column":7},"end":{"line":26,"column":1}},"line":22},"2":{"name":"setTextContent","decl":{"start":{"line":33,"column":7},"end":{"line":37,"column":1}},"loc":{"start":{"line":33,"column":7},"end":{"line":37,"column":1}},"line":33},"3":{"name":"setHtmlContent","decl":{"start":{"line":44,"column":7},"end":{"line":48,"column":1}},"loc":{"start":{"line":44,"column":7},"end":{"line":48,"column":1}},"line":44}},"f":{"0":4,"1":0,"2":0,"3":0}}
,"C:\\Users\\R2D2\\Documents\\GitHub\\frontend-fundamentals-lab\\assets\\js\\utils\\id.js": {"path":"C:\\Users\\R2D2\\Documents\\GitHub\\frontend-fundamentals-lab\\assets\\js\\utils\\id.js","all":false,"statementMap":{"0":{"start":{"line":1,"column":0},"end":{"line":1,"column":3}},"1":{"start":{"line":2,"column":0},"end":{"line":2,"column":50}},"2":{"start":{"line":3,"column":0},"end":{"line":3,"column":3}},"3":{"start":{"line":4,"column":0},"end":{"line":4,"column":0}},"4":{"start":{"line":5,"column":0},"end":{"line":5,"column":3}},"5":{"start":{"line":6,"column":0},"end":{"line":6,"column":59}},"6":{"start":{"line":7,"column":0},"end":{"line":7,"column":40}},"7":{"start":{"line":8,"column":0},"end":{"line":8,"column":3}},"8":{"start":{"line":9,"column":0},"end":{"line":9,"column":30}},"9":{"start":{"line":10,"column":0},"end":{"line":10,"column":74}},"10":{"start":{"line":11,"column":0},"end":{"line":11,"column":1}},"11":{"start":{"line":12,"column":0},"end":{"line":12,"column":0}},"12":{"start":{"line":13,"column":0},"end":{"line":13,"column":3}},"13":{"start":{"line":14,"column":0},"end":{"line":14,"column":31}},"14":{"start":{"line":15,"column":0},"end":{"line":15,"column":50}},"15":{"start":{"line":16,"column":0},"end":{"line":16,"column":42}},"16":{"start":{"line":17,"column":0},"end":{"line":17,"column":3}},"17":{"start":{"line":18,"column":0},"end":{"line":18,"column":36}},"18":{"start":{"line":19,"column":0},"end":{"line":19,"column":58}},"19":{"start":{"line":20,"column":0},"end":{"line":20,"column":1}},"20":{"start":{"line":21,"column":0},"end":{"line":21,"column":0}},"21":{"start":{"line":22,"column":0},"end":{"line":22,"column":3}},"22":{"start":{"line":23,"column":0},"end":{"line":23,"column":50}},"23":{"start":{"line":24,"column":0},"end":{"line":24,"column":36}},"24":{"start":{"line":25,"column":0},"end":{"line":25,"column":39}},"25":{"start":{"line":26,"column":0},"end":{"line":26,"column":3}},"26":{"start":{"line":27,"column":0},"end":{"line":27,"column":31}},"27":{"start":{"line":28,"column":0},"end":{"line":28,"column":50}},"28":{"start":{"line":29,"column":0},"end":{"line":29,"column":1}}},"s":{"0":1,"1":1,"2":1,"3":1,"4":1,"5":1,"6":1,"7":1,"8":1,"9":139,"10":139,"11":1,"12":1,"13":1,"14":1,"15":1,"16":1,"17":1,"18":0,"19":0,"20":1,"21":1,"22":1,"23":1,"24":1,"25":1,"26":1,"27":3,"28":3},"branchMap":{"0":{"type":"branch","line":9,"loc":{"start":{"line":9,"column":7},"end":{"line":11,"column":1}},"locations":[{"start":{"line":9,"column":7},"end":{"line":11,"column":1}}]},"1":{"type":"branch","line":27,"loc":{"start":{"line":27,"column":7},"end":{"line":29,"column":1}},"locations":[{"start":{"line":27,"column":7},"end":{"line":29,"column":1}}]},"2":{"type":"branch","line":28,"loc":{"start":{"line":28,"column":32},"end":{"line":28,"column":50}},"locations":[{"start":{"line":28,"column":32},"end":{"line":28,"column":50}}]}},"b":{"0":[139],"1":[3],"2":[2]},"fnMap":{"0":{"name":"generateId","decl":{"start":{"line":9,"column":7},"end":{"line":11,"column":1}},"loc":{"start":{"line":9,"column":7},"end":{"line":11,"column":1}},"line":9},"1":{"name":"generateIds","decl":{"start":{"line":18,"column":7},"end":{"line":20,"column":1}},"loc":{"start":{"line":18,"column":7},"end":{"line":20,"column":1}},"line":18},"2":{"name":"isValidId","decl":{"start":{"line":27,"column":7},"end":{"line":29,"column":1}},"loc":{"start":{"line":27,"column":7},"end":{"line":29,"column":1}},"line":27}},"f":{"0":139,"1":0,"2":3}}
,"C:\\Users\\R2D2\\Documents\\GitHub\\frontend-fundamentals-lab\\scripts\\version-sync.js": {"path":"C:\\Users\\R2D2\\Documents\\GitHub\\frontend-fundamentals-lab\\scripts\\version-sync.js","all":true,"statementMap":{"0":{"start":{"line":1,"column":0},"end":{"line":1,"column":40}},"1":{"start":{"line":2,"column":0},"end":{"line":2,"column":48}},"2":{"start":{"line":3,"column":0},"end":{"line":3,"column":39}},"3":{"start":{"line":4,"column":0},"end":{"line":4,"column":35}},"4":{"start":{"line":5,"column":0},"end":{"line":5,"column":0}},"5":{"start":{"line":6,"column":0},"end":{"line":6,"column":57}},"6":{"start":{"line":7,"column":0},"end":{"line":7,"column":37}},"7":{"start":{"line":8,"column":0},"end":{"line":8,"column":0}},"8":{"start":{"line":9,"column":0},"end":{"line":9,"column":76}},"9":{"start":{"line":10,"column":0},"end":{"line":10,"column":23}},"10":{"start":{"line":11,"column":0},"end":{"line":11,"column":0}},"11":{"start":{"line":12,"column":0},"end":{"line":12,"column":44}},"12":{"start":{"line":13,"column":0},"end":{"line":13,"column":0}},"13":{"start":{"line":14,"column":0},"end":{"line":14,"column":58}},"14":{"start":{"line":15,"column":0},"end":{"line":15,"column":17}},"15":{"start":{"line":16,"column":0},"end":{"line":16,"column":3}},"16":{"start":{"line":17,"column":0},"end":{"line":17,"column":35}},"17":{"start":{"line":18,"column":0},"end":{"line":18,"column":61}},"18":{"start":{"line":19,"column":0},"end":{"line":19,"column":4}},"19":{"start":{"line":20,"column":0},"end":{"line":20,"column":3}},"20":{"start":{"line":21,"column":0},"end":{"line":21,"column":35}},"21":{"start":{"line":22,"column":0},"end":{"line":22,"column":59}},"22":{"start":{"line":23,"column":0},"end":{"line":23,"column":3}},"23":{"start":{"line":24,"column":0},"end":{"line":24,"column":1}},"24":{"start":{"line":25,"column":0},"end":{"line":25,"column":0}},"25":{"start":{"line":26,"column":0},"end":{"line":26,"column":45}},"26":{"start":{"line":27,"column":0},"end":{"line":27,"column":38}},"27":{"start":{"line":28,"column":0},"end":{"line":28,"column":58}},"28":{"start":{"line":29,"column":0},"end":{"line":29,"column":54}},"29":{"start":{"line":30,"column":0},"end":{"line":30,"column":63}},"30":{"start":{"line":31,"column":0},"end":{"line":31,"column":28}},"31":{"start":{"line":32,"column":0},"end":{"line":32,"column":1}},"32":{"start":{"line":33,"column":0},"end":{"line":33,"column":0}},"33":{"start":{"line":34,"column":0},"end":{"line":34,"column":65}},"34":{"start":{"line":35,"column":0},"end":{"line":35,"column":45}},"35":{"start":{"line":36,"column":0},"end":{"line":36,"column":43}},"36":{"start":{"line":37,"column":0},"end":{"line":37,"column":33}},"37":{"start":{"line":38,"column":0},"end":{"line":38,"column":87}},"38":{"start":{"line":39,"column":0},"end":{"line":39,"column":24}},"39":{"start":{"line":40,"column":0},"end":{"line":40,"column":1}},"40":{"start":{"line":41,"column":0},"end":{"line":41,"column":27}},"41":{"start":{"line":42,"column":0},"end":{"line":42,"column":57}},"42":{"start":{"line":43,"column":0},"end":{"line":43,"column":1}},"43":{"start":{"line":44,"column":0},"end":{"line":44,"column":18}},"44":{"start":{"line":45,"column":0},"end":{"line":45,"column":30}},"45":{"start":{"line":46,"column":0},"end":{"line":46,"column":29}},"46":{"start":{"line":47,"column":0},"end":{"line":47,"column":0}},"47":{"start":{"line":48,"column":0},"end":{"line":48,"column":68}},"48":{"start":{"line":49,"column":0},"end":{"line":49,"column":28}},"49":{"start":{"line":50,"column":0},"end":{"line":50,"column":80}},"50":{"start":{"line":51,"column":0},"end":{"line":51,"column":13}},"51":{"start":{"line":52,"column":0},"end":{"line":52,"column":7}},"52":{"start":{"line":53,"column":0},"end":{"line":53,"column":63}},"53":{"start":{"line":54,"column":0},"end":{"line":54,"column":16}},"54":{"start":{"line":55,"column":0},"end":{"line":55,"column":37}},"55":{"start":{"line":56,"column":0},"end":{"line":56,"column":24}},"56":{"start":{"line":57,"column":0},"end":{"line":57,"column":11}},"57":{"start":{"line":58,"column":0},"end":{"line":58,"column":18}},"58":{"start":{"line":59,"column":0},"end":{"line":59,"column":3}},"59":{"start":{"line":60,"column":0},"end":{"line":60,"column":0}},"60":{"start":{"line":61,"column":0},"end":{"line":61,"column":78}},"61":{"start":{"line":62,"column":0},"end":{"line":62,"column":53}},"62":{"start":{"line":63,"column":0},"end":{"line":63,"column":16}},"63":{"start":{"line":64,"column":0},"end":{"line":64,"column":7}},"64":{"start":{"line":65,"column":0},"end":{"line":65,"column":81}},"65":{"start":{"line":66,"column":0},"end":{"line":66,"column":17}},"66":{"start":{"line":67,"column":0},"end":{"line":67,"column":13}},"67":{"start":{"line":68,"column":0},"end":{"line":68,"column":11}},"68":{"start":{"line":69,"column":0},"end":{"line":69,"column":19}},"69":{"start":{"line":70,"column":0},"end":{"line":70,"column":3}},"70":{"start":{"line":71,"column":0},"end":{"line":71,"column":0}},"71":{"start":{"line":72,"column":0},"end":{"line":72,"column":20}},"72":{"start":{"line":73,"column":0},"end":{"line":73,"column":72}},"73":{"start":{"line":74,"column":0},"end":{"line":74,"column":10}},"74":{"start":{"line":75,"column":0},"end":{"line":75,"column":3}},"75":{"start":{"line":76,"column":0},"end":{"line":76,"column":0}},"76":{"start":{"line":77,"column":0},"end":{"line":77,"column":69}},"77":{"start":{"line":78,"column":0},"end":{"line":78,"column":26}},"78":{"start":{"line":79,"column":0},"end":{"line":79,"column":16}},"79":{"start":{"line":80,"column":0},"end":{"line":80,"column":59}},"80":{"start":{"line":81,"column":0},"end":{"line":81,"column":36}},"81":{"start":{"line":82,"column":0},"end":{"line":82,"column":0}},"82":{"start":{"line":83,"column":0},"end":{"line":83,"column":22}},"83":{"start":{"line":84,"column":0},"end":{"line":84,"column":78}},"84":{"start":{"line":85,"column":0},"end":{"line":85,"column":10}},"85":{"start":{"line":86,"column":0},"end":{"line":86,"column":3}},"86":{"start":{"line":87,"column":0},"end":{"line":87,"column":0}},"87":{"start":{"line":88,"column":0},"end":{"line":88,"column":62}},"88":{"start":{"line":89,"column":0},"end":{"line":89,"column":0}},"89":{"start":{"line":90,"column":0},"end":{"line":90,"column":53}},"90":{"start":{"line":91,"column":0},"end":{"line":91,"column":55}},"91":{"start":{"line":92,"column":0},"end":{"line":92,"column":0}},"92":{"start":{"line":93,"column":0},"end":{"line":93,"column":85}},"93":{"start":{"line":94,"column":0},"end":{"line":94,"column":45}},"94":{"start":{"line":95,"column":0},"end":{"line":95,"column":69}},"95":{"start":{"line":96,"column":0},"end":{"line":96,"column":10}},"96":{"start":{"line":97,"column":0},"end":{"line":97,"column":3}},"97":{"start":{"line":98,"column":0},"end":{"line":98,"column":0}},"98":{"start":{"line":99,"column":0},"end":{"line":99,"column":46}},"99":{"start":{"line":100,"column":0},"end":{"line":100,"column":38}},"100":{"start":{"line":101,"column":0},"end":{"line":101,"column":28}},"101":{"start":{"line":102,"column":0},"end":{"line":102,"column":92}},"102":{"start":{"line":103,"column":0},"end":{"line":103,"column":31}},"103":{"start":{"line":104,"column":0},"end":{"line":104,"column":0}},"104":{"start":{"line":105,"column":0},"end":{"line":105,"column":39}},"105":{"start":{"line":106,"column":0},"end":{"line":106,"column":33}},"106":{"start":{"line":107,"column":0},"end":{"line":107,"column":1}},"107":{"start":{"line":108,"column":0},"end":{"line":108,"column":0}},"108":{"start":{"line":109,"column":0},"end":{"line":109,"column":17}},"109":{"start":{"line":110,"column":0},"end":{"line":110,"column":0}},"110":{"start":{"line":111,"column":0},"end":{"line":111,"column":55}}},"s":{"0":0,"1":0,"2":0,"3":0,"4":0,"5":0,"6":0,"7":0,"8":0,"9":0,"10":0,"11":0,"12":0,"13":0,"14":0,"15":0,"16":0,"17":0,"18":0,"19":0,"20":0,"21":0,"22":0,"23":0,"24":0,"25":0,"26":0,"27":0,"28":0,"29":0,"30":0,"31":0,"32":0,"33":0,"34":0,"35":0,"36":0,"37":0,"38":0,"39":0,"40":0,"41":0,"42":0,"43":0,"44":0,"45":0,"46":0,"47":0,"48":0,"49":0,"50":0,"51":0,"52":0,"53":0,"54":0,"55":0,"56":0,"57":0,"58":0,"59":0,"60":0,"61":0,"62":0,"63":0,"64":0,"65":0,"66":0,"67":0,"68":0,"69":0,"70":0,"71":0,"72":0,"73":0,"74":0,"75":0,"76":0,"77":0,"78":0,"79":0,"80":0,"81":0,"82":0,"83":0,"84":0,"85":0,"86":0,"87":0,"88":0,"89":0,"90":0,"91":0,"92":0,"93":0,"94":0,"95":0,"96":0,"97":0,"98":0,"99":0,"100":0,"101":0,"102":0,"103":0,"104":0,"105":0,"106":0,"107":0,"108":0,"109":0,"110":0},"branchMap":{"0":{"type":"branch","line":1,"loc":{"start":{"line":1,"column":0},"end":{"line":111,"column":-553}},"locations":[{"start":{"line":1,"column":0},"end":{"line":111,"column":-553}}]}},"b":{"0":[0]},"fnMap":{"0":{"name":"(empty-report)","decl":{"start":{"line":1,"column":0},"end":{"line":111,"column":-553}},"loc":{"start":{"line":1,"column":0},"end":{"line":111,"column":-553}},"line":1}},"f":{"0":0}}
}
